#
# There is insufficient memory for the Java Runtime Environment to continue.
# Native memory allocation (mmap) failed to map 264241152 bytes. Error detail: G1 virtual space
# Possible reasons:
#   The system is out of physical RAM or swap space
#   This process is running with CompressedOops enabled, and the Java Heap may be blocking the growth of the native heap
# Possible solutions:
#   Reduce memory load on the system
#   Increase physical memory or swap space
#   Check if swap backing store is full
#   Decrease Java heap size (-Xmx/-Xms)
#   Decrease number of Java threads
#   Decrease Java thread stack sizes (-Xss)
#   Set larger code cache with -XX:ReservedCodeCacheSize=
#   JVM is running with Zero Based Compressed Oops mode in which the Java heap is
#     placed in the first 32GB address space. The Java Heap base address is the
#     maximum limit for the native heap growth. Please use -XX:HeapBaseMinAddress
#     to set the Java Heap base and to place the Java Heap above 32GB virtual address.
# This output file may be truncated or incomplete.
#
#  Out of Memory Error (os_windows.cpp:3554), pid=16404, tid=9108
#
# JRE version:  (25.0.2+10) (build )
# Java VM: OpenJDK 64-Bit Server VM (25.0.2+10-69, mixed mode, sharing, tiered, compressed oops, compressed class ptrs, g1 gc, windows-amd64)
# No core dump will be written. Minidumps are not enabled by default on client versions of Windows
#

---------------  S U M M A R Y ------------

Command Line: -javaagent:C:\Program Files\JetBrains\IntelliJ IDEA Community Edition 2025.2.3\lib\idea_rt.jar=64360 -Dfile.encoding=UTF-8 -Dsun.stdout.encoding=UTF-8 -Dsun.stderr.encoding=UTF-8 satyendra_job.portal.demo.DemoApplication

Host: 12th Gen Intel(R) Core(TM) i5-12500H, 16 cores, 15G,  Windows 11 , 64 bit Build 26100 (10.0.26100.8079)
Time: Fri Apr  3 01:26:27 2026 India Standard Time elapsed time: 1.051604 seconds (0d 0h 0m 1s)

---------------  T H R E A D  ---------------

Current thread (0x0000021d0aa91910):  JavaThread "Unknown thread" [_thread_in_vm, id=9108, stack(0x000000a1d3300000,0x000000a1d3400000) (1024K)]

Stack: [0x000000a1d3300000,0x000000a1d3400000]
Native frames: (J=compiled Java code, j=interpreted, Vv=VM code, C=native code)
V  [jvm.dll+0x7a70f9]  (no source info available)
V  [jvm.dll+0x772d6d]  (no source info available)
V  [jvm.dll+0x965d53]  (no source info available)
V  [jvm.dll+0x968351]  (no source info available)
V  [jvm.dll+0x968a63]  (no source info available)
V  [jvm.dll+0x2fc846]  (no source info available)
V  [jvm.dll+0x7a3325]  (no source info available)
V  [jvm.dll+0x796737]  (no source info available)
V  [jvm.dll+0x3f4988]  (no source info available)
V  [jvm.dll+0x3fc8d6]  (no source info available)
V  [jvm.dll+0x3e8f7e]  (no source info available)
V  [jvm.dll+0x3e9238]  (no source info available)
V  [jvm.dll+0x3c0145]  (no source info available)
V  [jvm.dll+0x3c0dce]  (no source info available)
V  [jvm.dll+0x92cdf7]  (no source info available)
V  [jvm.dll+0x458f02]  (no source info available)
V  [jvm.dll+0x9107a2]  (no source info available)
V  [jvm.dll+0x4f9331]  (no source info available)
V  [jvm.dll+0x4fabc1]  (no source info available)
C  [jli.dll+0x543e]  (no source info available)
C  [ucrtbase.dll+0x37b0]  (no source info available)
C  [KERNEL32.DLL+0x2e8d7]  (no source info available)
C  [ntdll.dll+0x8c3fc]  (no source info available)

Lock stack of current Java thread (top to bottom):


---------------  P R O C E S S  ---------------

Threads class SMR info:
_java_thread_list=0x00007ffc2a325388, length=0, elements={
}

Java Threads: ( => current thread )
Total: 0

Other Threads:
  0x0000021d0aafa160 WorkerThread "GC Thread#0"                     [id=15012, stack(0x000000a1d3400000,0x000000a1d3500000) (1024K)]
  0x0000021d0ab13a10 ConcurrentGCThread "G1 Main Marker"            [id=24272, stack(0x000000a1d3500000,0x000000a1d3600000) (1024K)]
  0x0000021d0ab145b0 WorkerThread "G1 Conc#0"                       [id=13744, stack(0x000000a1d3600000,0x000000a1d3700000) (1024K)]

[error occurred during error reporting (printing all threads), id 0xc0000005, EXCEPTION_ACCESS_VIOLATION (0xc0000005) at pc=0x00007ffc29a04f1a]
VM state: not at safepoint (not fully initialized)

VM Mutex/Monitor currently owned by a thread:  ([mutex/lock_event])
[0x00007ffc2a3a9768] Heap_lock - owner thread: 0x0000021d0aa91910

Heap address: 0x0000000705e00000, size: 4002 MB, Compressed Oops mode: Zero based, Oop shift amount: 3

CDS archive(s) mapped at: [0x0000000000000000-0x0000000000000000-0x0000000000000000), size 0, SharedBaseAddress: 0x0000000800000000, ArchiveRelocationMode: 1.
UseCompressedClassPointers 1, UseCompactObjectHeaders 0
Narrow klass pointer bits 32, Max shift 3
Narrow klass base: 0xffffffffffffffff, Narrow klass shift: -1
Encoding Range: [0xffffffffffffffff - 0x000000007fffffff), (2147483648 bytes)
Klass Range:    [0x0000000000000000 - 0x0000000000000000), (0 bytes)
Klass ID Range:  [4294967295 - 0) (1)
No protection zone.

GC Precious Log:
 CardTable entry size: 512
 Card Set container configuration: InlinePtr #cards 4 size 8 Array Of Cards #cards 16 size 48 Howl #buckets 8 coarsen threshold 3686 Howl Bitmap #cards 512 size 80 coarsen threshold 460 Card regions per heap region 1 cards per card region 4096

Heap:
 garbage-first heap   total reserved 4098048K, committed 0K, used 0K [0x0000000705e00000, 0x0000000800000000)
  region size 2048K, 0 young (0K), 0 survivors (0K)

Heap Regions: E=young(eden), S=young(survivor), O=old, HS=humongous(starts), HC=humongous(continues), CS=collection set, F=free, TAMS=top-at-mark-start, PB=parsable bottom

Card table byte_map: [0x0000021d23490000,0x0000021d23c70000] _byte_map_base: 0x0000021d1fc61000

Marking Bits: (CMBitMap*) 0x0000021d0aafa8f0
 Bits: [0x0000021d23c70000, 0x0000021d27af8000)

GC Heap Usage History (0 events):
No events

Metaspace Usage History (0 events):
No events

Dll operation events (1 events):
Event: 0.025 Loaded shared library C:\Users\sneha\.jdks\openjdk-25.0.2\bin\java.dll

Deoptimization events (0 events):
No events

Classes loaded (0 events):
No events

Classes unloaded (0 events):
No events

Classes redefined (0 events):
No events

Internal exceptions (0 events):
No events

VM Operations (0 events):
No events

Memory protections (0 events):
No events

Nmethod flushes (0 events):
No events

Events (0 events):
No events


Dynamic libraries:
0x00007ff7b10e0000 - 0x00007ff7b10ee000 	C:\Users\sneha\.jdks\openjdk-25.0.2\bin\java.exe
0x00007ffcd0f20000 - 0x00007ffcd1187000 	C:\WINDOWS\SYSTEM32\ntdll.dll
0x00007ffccf8a0000 - 0x00007ffccf969000 	C:\WINDOWS\System32\KERNEL32.DLL
0x00007ffccda80000 - 0x00007ffccde74000 	C:\WINDOWS\System32\KERNELBASE.dll
0x00007ffccd7f0000 - 0x00007ffccd93b000 	C:\WINDOWS\System32\ucrtbase.dll
0x00007ffca7260000 - 0x00007ffca7277000 	C:\Users\sneha\.jdks\openjdk-25.0.2\bin\jli.dll
0x00007ffc9e4f0000 - 0x00007ffc9e50e000 	C:\Users\sneha\.jdks\openjdk-25.0.2\bin\VCRUNTIME140.dll
0x00007ffccfb50000 - 0x00007ffccfd16000 	C:\WINDOWS\System32\USER32.dll
0x00007ffcce9d0000 - 0x00007ffcce9f7000 	C:\WINDOWS\System32\win32u.dll
0x00007ffcae300000 - 0x00007ffcae593000 	C:\WINDOWS\WinSxS\amd64_microsoft.windows.common-controls_6595b64144ccf1df_6.0.26100.8079_none_3e0d0342e3304dd9\COMCTL32.dll
0x00007ffcd0000000 - 0x00007ffcd002b000 	C:\WINDOWS\System32\GDI32.dll
0x00007ffccfdb0000 - 0x00007ffccfe59000 	C:\WINDOWS\System32\msvcrt.dll
0x00007ffccea00000 - 0x00007ffcceb2a000 	C:\WINDOWS\System32\gdi32full.dll
0x00007ffccde80000 - 0x00007ffccdf23000 	C:\WINDOWS\System32\msvcp_win.dll
0x00007ffcd0e10000 - 0x00007ffcd0e42000 	C:\WINDOWS\System32\IMM32.DLL
0x00007ffcaf5e0000 - 0x00007ffcaf5ec000 	C:\Users\sneha\.jdks\openjdk-25.0.2\bin\vcruntime140_1.dll
0x00007ffc986f0000 - 0x00007ffc9877d000 	C:\Users\sneha\.jdks\openjdk-25.0.2\bin\msvcp140.dll
0x00007ffc29630000 - 0x00007ffc2a48f000 	C:\Users\sneha\.jdks\openjdk-25.0.2\bin\server\jvm.dll
0x00007ffcd0030000 - 0x00007ffcd00ed000 	C:\WINDOWS\System32\ADVAPI32.dll
0x00007ffccf7f0000 - 0x00007ffccf897000 	C:\WINDOWS\System32\sechost.dll
0x00007ffccfe60000 - 0x00007ffccff78000 	C:\WINDOWS\System32\RPCRT4.dll
0x00007ffcd0e50000 - 0x00007ffcd0ed0000 	C:\WINDOWS\System32\WS2_32.dll
0x00007ffcc2a50000 - 0x00007ffcc2a86000 	C:\WINDOWS\SYSTEM32\WINMM.dll
0x00007ffccd650000 - 0x00007ffccd6ae000 	C:\WINDOWS\SYSTEM32\POWRPROF.dll
0x00007ffcba990000 - 0x00007ffcba99b000 	C:\WINDOWS\SYSTEM32\VERSION.dll
0x00007ffccd630000 - 0x00007ffccd644000 	C:\WINDOWS\SYSTEM32\UMPDC.dll
0x00007ffccc570000 - 0x00007ffccc58b000 	C:\WINDOWS\SYSTEM32\kernel.appcore.dll
0x00007ffca6870000 - 0x00007ffca687a000 	C:\Users\sneha\.jdks\openjdk-25.0.2\bin\jimage.dll
0x00007ffccb530000 - 0x00007ffccb772000 	C:\WINDOWS\SYSTEM32\DBGHELP.DLL
0x00007ffcd0580000 - 0x00007ffcd0902000 	C:\WINDOWS\System32\combase.dll
0x00007ffccf970000 - 0x00007ffccfa47000 	C:\WINDOWS\System32\OLEAUT32.dll
0x00007ffcadd50000 - 0x00007ffcadd8b000 	C:\WINDOWS\SYSTEM32\dbgcore.DLL
0x00007ffccd940000 - 0x00007ffccd9e5000 	C:\WINDOWS\System32\bcryptPrimitives.dll
0x00007ffca54e0000 - 0x00007ffca54f0000 	C:\Users\sneha\.jdks\openjdk-25.0.2\bin\instrument.dll
0x00007ffc99c80000 - 0x00007ffc99c9f000 	C:\Users\sneha\.jdks\openjdk-25.0.2\bin\java.dll
0x00007ffcd0200000 - 0x00007ffcd0396000 	C:\WINDOWS\System32\ole32.dll
0x00007ffccecb0000 - 0x00007ffccf418000 	C:\WINDOWS\System32\SHELL32.dll
0x00007ffccdf30000 - 0x00007ffcce09a000 	C:\WINDOWS\System32\wintypes.dll

JVMTI agents:
C:\Program Files\JetBrains\IntelliJ IDEA Community Edition 2025.2.3\lib\idea_rt.jar path:none, loaded, not initialized, instrumentlib options:64360

dbghelp: loaded successfully - version: 4.0.5 - missing functions: none
symbol engine: initialized successfully - sym options: 0x614 - pdb path: .;C:\Users\sneha\.jdks\openjdk-25.0.2\bin;C:\WINDOWS\SYSTEM32;C:\WINDOWS\WinSxS\amd64_microsoft.windows.common-controls_6595b64144ccf1df_6.0.26100.8079_none_3e0d0342e3304dd9;C:\Users\sneha\.jdks\openjdk-25.0.2\bin\server

VM Arguments:
jvm_args: -javaagent:C:\Program Files\JetBrains\IntelliJ IDEA Community Edition 2025.2.3\lib\idea_rt.jar=64360 -Dfile.encoding=UTF-8 -Dsun.stdout.encoding=UTF-8 -Dsun.stderr.encoding=UTF-8 
java_command: satyendra_job.portal.demo.DemoApplication
java_class_path (initial): C:\Users\sneha\Downloads\stayendra_job_portal\demo\target\classes;C:\Users\sneha\.m2\repository\org\springframework\boot\spring-boot-starter-web\3.5.12\spring-boot-starter-web-3.5.12.jar;C:\Users\sneha\.m2\repository\org\springframework\boot\spring-boot-starter\3.5.12\spring-boot-starter-3.5.12.jar;C:\Users\sneha\.m2\repository\org\springframework\boot\spring-boot\3.5.12\spring-boot-3.5.12.jar;C:\Users\sneha\.m2\repository\org\springframework\boot\spring-boot-autoconfigure\3.5.12\spring-boot-autoconfigure-3.5.12.jar;C:\Users\sneha\.m2\repository\org\springframework\boot\spring-boot-starter-logging\3.5.12\spring-boot-starter-logging-3.5.12.jar;C:\Users\sneha\.m2\repository\ch\qos\logback\logback-classic\1.5.32\logback-classic-1.5.32.jar;C:\Users\sneha\.m2\repository\ch\qos\logback\logback-core\1.5.32\logback-core-1.5.32.jar;C:\Users\sneha\.m2\repository\org\apache\logging\log4j\log4j-to-slf4j\2.24.3\log4j-to-slf4j-2.24.3.jar;C:\Users\sneha\.m2\repository\org\apache\logging\log4j\log4j-api\2.24.3\log4j-api-2.24.3.jar;C:\Users\sneha\.m2\repository\org\slf4j\jul-to-slf4j\2.0.17\jul-to-slf4j-2.0.17.jar;C:\Users\sneha\.m2\repository\jakarta\annotation\jakarta.annotation-api\2.1.1\jakarta.annotation-api-2.1.1.jar;C:\Users\sneha\.m2\repository\org\yaml\snakeyaml\2.4\snakeyaml-2.4.jar;C:\Users\sneha\.m2\repository\org\springframework\boot\spring-boot-starter-json\3.5.12\spring-boot-starter-json-3.5.12.jar;C:\Users\sneha\.m2\repository\com\fasterxml\jackson\core\jackson-databind\2.19.4\jackson-databind-2.19.4.jar;C:\Users\sneha\.m2\repository\com\fasterxml\jackson\core\jackson-annotations\2.19.4\jackson-annotations-2.19.4.jar;C:\Users\sneha\.m2\repository\com\fasterxml\jackson\core\jackson-core\2.19.4\jackson-core-2.19.4.jar;C:\Users\sneha\.m2\repository\com\fasterxml\jackson\datatype\jackson-datatype-jdk8\2.19.4\jackson-datatype-jdk8-2.19.4.jar;C:\Users\sneha\.m2\repository\com\fasterxml\jackson\datatype\jackson-datatype-jsr310\2.19.4\jackson-datatype-jsr310-2.19.4.jar;C:\Users\sneha\.m2\repository\com\fasterxml\jackson\module\jackson-module-parameter-names\2.19.4\jackson-module-parameter-names-2.19.4.jar;C:\Users\sneha\.m2\repository\org\springframework\boot\spring-boot-starter-tomcat\3.5.12\spring-boot-starter-tomcat-3.5.12.jar;C:\Users\sneha\.m2\repository\org\apache\tomcat\embed\tomcat-embed-core\10.1.52\tomcat-embed-core-10.1.52.jar;C:\Users\sneha\.m2\repository\org\apache\tomcat\embed\tomcat-embed-el\10.1.52\tomcat-embed-el-10.1.52.jar;C:\Users\sneha\.m2\repository\org\apache\tomcat\embed\tomcat-embed-websocket\10.1.52\tomcat-embed-websocket-10.1.52.jar;C:\Users\sneha\.m2\repository\org\springframework\spring-web\6.2.17\spring-web-6.2.17.jar;C:\Users\sneha\.m2\repository\org\springframework\spring-beans\6.2.17\spring-beans-6.2.17.jar;C:\Users\sneha\.m2\repository\io\micrometer\micrometer-observation\1.15.10\micrometer-observation-1.15.10.jar;C:\Users\sneha\.m2\repository\io\micrometer\micrometer-commons\1.15.10\micrometer-commons-1.15.10.jar;C:\Users\sneha\.m2\repository\org\springframework\spring-webmvc\6.2.17\spring-webmvc-6.2.17.jar;C:\Users\sneha\.m2\repository\org\springframework\spring-aop\6.2.17\spring-aop-6.2.17.jar;C:\Users\sneha\.m2\repository\org\springframework\spring-context\6.2.17\spring-context-6.2.17.jar;C:\Users\sneha\.m2\repository\org\springframework\spring-expression\6.2.17\spring-expression-6.2.17.jar;C:\Users\sneha\.m2\repository\org\springframework\boot\spring-boot-starter-mail\3.5.12\spring-boot-starter-mail-3.5.12.jar;C:\Users\sneha\.m2\repository\org\springframework\spring-context-support\6.2.17\spring-context-support-6.2.17.jar;C:\Users\sneha\.m2\repository\org\eclipse\angus\jakarta.mail\2.0.5\jakarta.mail-2.0.5.jar;C:\Users\sneha\.m2\repository\jakarta\activation\jakarta.activation-api\2.1.4\jakarta.activation-api-2.1.4.jar;C:\Users\sneha\.m2\repository\org\eclipse\angus\angus-activation\2.0.3\angus-activation-2.0.3.jar;C:\Users\sneha\.m2\repository\org\slf4j\slf4j-api\2.0.17\slf4j-api-2.0.17.jar;C:\Users\sneha\.m2\repository\org\springframework\spring-core\6.2.17\spring-core-6.2.17.jar;C:\Users\sneha\.m2\repository\org\springframework\spring-jcl\6.2.17\spring-jcl-6.2.17.jar;C:\Users\sneha\.m2\repository\org\projectlombok\lombok\1.18.44\lombok-1.18.44.jar
Launcher Type: SUN_STANDARD

[Global flags]
     intx CICompilerCount                          = 12                                        {product} {ergonomic}
     uint ConcGCThreads                            = 3                                         {product} {ergonomic}
     uint G1ConcRefinementThreads                  = 13                                        {product} {ergonomic}
   size_t G1HeapRegionSize                         = 2097152                                   {product} {ergonomic}
   size_t InitialHeapSize                          = 264241152                                 {product} {ergonomic}
   size_t MarkStackSize                            = 4194304                                   {product} {ergonomic}
   size_t MarkStackSizeMax                         = 536870912                                 {product} {ergonomic}
   size_t MaxHeapSize                              = 4196401152                                {product} {ergonomic}
   size_t MinHeapDeltaBytes                        = 2097152                                   {product} {ergonomic}
   size_t MinHeapSize                              = 8388608                                   {product} {ergonomic}
    uintx NonNMethodCodeHeapSize                   = 7602176                                {pd product} {ergonomic}
    uintx NonProfiledCodeHeapSize                  = 122093568                              {pd product} {ergonomic}
    uintx ProfiledCodeHeapSize                     = 121962496                              {pd product} {ergonomic}
    uintx ReservedCodeCacheSize                    = 251658240                              {pd product} {ergonomic}
     bool SegmentedCodeCache                       = true                                      {product} {ergonomic}
   size_t SoftMaxHeapSize                          = 4196401152                             {manageable} {ergonomic}
     bool UseCompressedOops                        = true                           {product lp64_product} {ergonomic}
     bool UseG1GC                                  = true                                      {product} {ergonomic}
     bool UseLargePagesIndividualAllocation        = false                                  {pd product} {ergonomic}

Logging:
Log output configuration:
 #0: stdout all=warning uptime,level,tags foldmultilines=false
 #1: stderr all=off uptime,level,tags foldmultilines=false

Release file:
<release file has not been read>
Environment Variables:
JAVA_HOME=C:\Program Files\Java\jdk-17
PATH=C:\Program Files\Java\jdk-17\bin;C:\WINDOWS\System32;C:\WINDOWS;C:\WINDOWS\System32\Wbem;C:\WINDOWS\System32\WindowsPowerShell\v1.0\;C:\WINDOWS\System32\OpenSSH\;C:\Program Files\dotnet\;C:\Program Files\Git\cmd;C:\maven\bin;;C:\WINDOWS\system32;C:\Program Files\nodejs\;C:\ProgramData\chocolatey\bin;C:\Users\sneha\AppData\Local\Programs\Python\Python313\Scripts\;C:\Users\sneha\AppData\Local\Programs\Python\Python313\;C:\Users\sneha\AppData\Local\Microsoft\WindowsApps;C:\Users\sneha\AppData\Local\Muse Hub\lib;C:\Users\sneha\AppData\Local\Programs\Microsoft VS Code\bin;C:\Mongosh\;C:\Users\sneha\AppData\Roaming\npm
USERNAME=sneha
OS=Windows_NT
PROCESSOR_IDENTIFIER=Intel64 Family 6 Model 154 Stepping 3, GenuineIntel
TMP=C:\Users\sneha\AppData\Local\Temp
TEMP=C:\Users\sneha\AppData\Local\Temp




Compilation memory statistics disabled.

Periodic native trim disabled

---------------  S Y S T E M  ---------------

OS:
 Windows 11 , 64 bit Build 26100 (10.0.26100.8079)
OS uptime: 0 days 1:36 hours
Hyper-V role detected

CPU: total 16 (initial active 16) (8 cores per cpu, 2 threads per core) family 6 model 154 stepping 3 microcode 0x42c, cx8, cmov, fxsr, ht, mmx, 3dnowpref, sse, sse2, sse3, ssse3, sse4.1, sse4.2, popcnt, lzcnt, tsc, tscinvbit, avx, avx2, aes, erms, clmul, bmi1, bmi2, adx, sha, fma, vzeroupper, clflush, clflushopt, clwb, hv, serialize, rdtscp, rdpid, fsrm, gfni, f16c, cet_ibt, cet_ss
Processor Information for processor 0
  Max Mhz: 2500, Current Mhz: 1532, Mhz Limit: 2500
Processor Information for processor 1
  Max Mhz: 2500, Current Mhz: 2500, Mhz Limit: 2500
Processor Information for processor 2
  Max Mhz: 2500, Current Mhz: 1532, Mhz Limit: 2500
Processor Information for processor 3
  Max Mhz: 2500, Current Mhz: 2500, Mhz Limit: 2500
Processor Information for processor 4
  Max Mhz: 2500, Current Mhz: 2500, Mhz Limit: 2500
Processor Information for processor 5
  Max Mhz: 2500, Current Mhz: 2500, Mhz Limit: 2500
Processor Information for processor 6
  Max Mhz: 2500, Current Mhz: 1532, Mhz Limit: 2500
Processor Information for processor 7
  Max Mhz: 2500, Current Mhz: 1532, Mhz Limit: 2500
Processor Information for processor 8
  Max Mhz: 2500, Current Mhz: 1300, Mhz Limit: 1800
Processor Information for processor 9
  Max Mhz: 2500, Current Mhz: 1300, Mhz Limit: 1800
Processor Information for processor 10
  Max Mhz: 2500, Current Mhz: 1300, Mhz Limit: 1800
Processor Information for processor 11
  Max Mhz: 2500, Current Mhz: 1300, Mhz Limit: 1800
Processor Information for processor 12
  Max Mhz: 2500, Current Mhz: 1300, Mhz Limit: 1800
Processor Information for processor 13
  Max Mhz: 2500, Current Mhz: 1300, Mhz Limit: 1800
Processor Information for processor 14
  Max Mhz: 2500, Current Mhz: 1300, Mhz Limit: 1800
Processor Information for processor 15
  Max Mhz: 2500, Current Mhz: 1300, Mhz Limit: 1800

Memory: 4k page, system-wide physical 16004M (3551M free)
TotalPageFile size 16004M (AvailPageFile size 5M)
current process WorkingSet (physical memory assigned to process): 15M, peak: 15M
current process commit charge ("private bytes"): 71M, peak: 323M

vm_info: OpenJDK 64-Bit Server VM (25.0.2+10-69) for windows-amd64 JRE (25.0.2+10-69), built on 2025-12-18T11:36:35Z with MS VC++ 17.13 (VS2022)

END.
