#
# There is insufficient memory for the Java Runtime Environment to continue.
# Native memory allocation (mmap) failed to map 264241152 bytes for G1 virtual space
# Possible reasons:
#   The system is out of physical RAM or swap space
#   The process is running with CompressedOops enabled, and the Java Heap may be blocking the growth of the native heap
# Possible solutions:
#   Reduce memory load on the system
#   Increase physical memory or swap space
#   Check if swap backing store is full
#   Decrease Java heap size (-Xmx/-Xms)
#   Decrease number of Java threads
#   Decrease Java thread stack sizes (-Xss)
#   Set larger code cache with -XX:ReservedCodeCacheSize=
#   JVM is running with Zero Based Compressed Oops mode in which the Java heap is
#     placed in the first 32GB address space. The Java Heap base address is the
#     maximum limit for the native heap growth. Please use -XX:HeapBaseMinAddress
#     to set the Java Heap base and to place the Java Heap above 32GB virtual address.
# This output file may be truncated or incomplete.
#
#  Out of Memory Error (os_windows.cpp:3548), pid=23816, tid=15600
#
# JRE version:  (17.0.12+8) (build )
# Java VM: Java HotSpot(TM) 64-Bit Server VM (17.0.12+8-LTS-286, mixed mode, sharing, tiered, compressed oops, compressed class ptrs, g1 gc, windows-amd64)
# No core dump will be written. Minidumps are not enabled by default on client versions of Windows
#

---------------  S U M M A R Y ------------

Command Line: -Dclassworlds.conf=C:\maven\bin\m2.conf -Dmaven.home=C:\maven -Dlibrary.jansi.path=C:\maven\lib\jansi-native -Dmaven.multiModuleProjectDirectory=C:\Users\sneha\Downloads\stayendra_job_portal\demo org.codehaus.plexus.classworlds.launcher.Launcher wrapper:wrapper

Host: 12th Gen Intel(R) Core(TM) i5-12500H, 16 cores, 15G,  Windows 11 , 64 bit Build 26100 (10.0.26100.8079)
Time: Wed Apr  1 10:03:38 2026 India Standard Time elapsed time: 2.080983 seconds (0d 0h 0m 2s)

---------------  T H R E A D  ---------------

Current thread (0x0000023dec85f700):  JavaThread "Unknown thread" [_thread_in_vm, id=15600, stack(0x000000fd11b00000,0x000000fd11c00000)]

Stack: [0x000000fd11b00000,0x000000fd11c00000]
Native frames: (J=compiled Java code, j=interpreted, Vv=VM code, C=native code)
V  [jvm.dll+0x67a04a]
V  [jvm.dll+0x7da4ed]
V  [jvm.dll+0x7dbe33]
V  [jvm.dll+0x7dc4a3]
V  [jvm.dll+0x24508f]
V  [jvm.dll+0x677089]
V  [jvm.dll+0x66bd32]
V  [jvm.dll+0x301fa6]
V  [jvm.dll+0x309546]
V  [jvm.dll+0x359d2e]
V  [jvm.dll+0x359f5f]
V  [jvm.dll+0x2d9078]
V  [jvm.dll+0x2d9fe4]
V  [jvm.dll+0x7aca21]
V  [jvm.dll+0x367591]
V  [jvm.dll+0x78b999]
V  [jvm.dll+0x3ec83f]
V  [jvm.dll+0x3ee471]
C  [jli.dll+0x5297]
C  [ucrtbase.dll+0x37b0]
C  [KERNEL32.DLL+0x2e8d7]
C  [ntdll.dll+0x8c3fc]


---------------  P R O C E S S  ---------------

Threads class SMR info:
_java_thread_list=0x00007ffac1727a18, length=0, elements={
}

Java Threads: ( => current thread )

Other Threads:
  0x0000023dec8cb420 GCTaskThread "GC Thread#0" [stack: 0x000000fd11c00000,0x000000fd11d00000] [id=22504]
  0x0000023dec8de200 ConcurrentGCThread "G1 Main Marker" [stack: 0x000000fd11d00000,0x000000fd11e00000] [id=19340]
  0x0000023dec8dec10 ConcurrentGCThread "G1 Conc#0" [stack: 0x000000fd11e00000,0x000000fd11f00000] [id=4404]

[error occurred during error reporting (printing all threads), id 0xc0000005, EXCEPTION_ACCESS_VIOLATION (0xc0000005) at pc=0x00007ffac0f59b67]

VM state: not at safepoint (not fully initialized)

VM Mutex/Monitor currently owned by a thread:  ([mutex/lock_event])
[0x0000023dec85b700] Heap_lock - owner thread: 0x0000023dec85f700

Heap address: 0x0000000705e00000, size: 4002 MB, Compressed Oops mode: Zero based, Oop shift amount: 3

CDS archive(s) mapped at: [0x0000000000000000-0x0000000000000000-0x0000000000000000), size 0, SharedBaseAddress: 0x0000000800000000, ArchiveRelocationMode: 1.
Narrow klass base: 0x0000000000000000, Narrow klass shift: 0, Narrow klass range: 0x0

GC Precious Log:
<Empty>

Heap:
 garbage-first heap   total 0K, used 0K [0x0000000705e00000, 0x0000000800000000)
  region size 2048K, 0 young (0K), 0 survivors (0K)

[error occurred during error reporting (printing heap information), id 0xc0000005, EXCEPTION_ACCESS_VIOLATION (0xc0000005) at pc=0x00007ffac1343859]

GC Heap History (0 events):
No events

Deoptimization events (0 events):
No events

Classes unloaded (0 events):
No events

Classes redefined (0 events):
No events

Internal exceptions (0 events):
No events

VM Operations (0 events):
No events

Events (1 events):
Event: 0.042 Loaded shared library C:\Program Files\Java\jdk-17\bin\java.dll


Dynamic libraries:
0x00007ff6f6850000 - 0x00007ff6f6860000 	C:\Program Files\Java\jdk-17\bin\java.exe
0x00007ffb57760000 - 0x00007ffb579c7000 	C:\WINDOWS\SYSTEM32\ntdll.dll
0x00007ffb569f0000 - 0x00007ffb56ab9000 	C:\WINDOWS\System32\KERNEL32.DLL
0x00007ffb54500000 - 0x00007ffb548f4000 	C:\WINDOWS\System32\KERNELBASE.dll
0x00007ffb54a70000 - 0x00007ffb54bbb000 	C:\WINDOWS\System32\ucrtbase.dll
0x00007ffb3e390000 - 0x00007ffb3e3a9000 	C:\Program Files\Java\jdk-17\bin\jli.dll
0x00007ffb568f0000 - 0x00007ffb569ad000 	C:\WINDOWS\System32\ADVAPI32.dll
0x00007ffb3a520000 - 0x00007ffb3a53b000 	C:\Program Files\Java\jdk-17\bin\VCRUNTIME140.dll
0x00007ffb56470000 - 0x00007ffb56519000 	C:\WINDOWS\System32\msvcrt.dll
0x00007ffb56520000 - 0x00007ffb565c7000 	C:\WINDOWS\System32\sechost.dll
0x00007ffb56660000 - 0x00007ffb56778000 	C:\WINDOWS\System32\RPCRT4.dll
0x00007ffb56090000 - 0x00007ffb56256000 	C:\WINDOWS\System32\USER32.dll
0x00007ffb544d0000 - 0x00007ffb544f7000 	C:\WINDOWS\System32\win32u.dll
0x00007ffb576f0000 - 0x00007ffb5771b000 	C:\WINDOWS\System32\GDI32.dll
0x00007ffb540e0000 - 0x00007ffb5420a000 	C:\WINDOWS\System32\gdi32full.dll
0x00007ffb54030000 - 0x00007ffb540d3000 	C:\WINDOWS\System32\msvcp_win.dll
0x00007ffb3aac0000 - 0x00007ffb3ad53000 	C:\WINDOWS\WinSxS\amd64_microsoft.windows.common-controls_6595b64144ccf1df_6.0.26100.8079_none_3e0d0342e3304dd9\COMCTL32.dll
0x00007ffb49640000 - 0x00007ffb4964b000 	C:\WINDOWS\SYSTEM32\VERSION.dll
0x00007ffb569b0000 - 0x00007ffb569e2000 	C:\WINDOWS\System32\IMM32.DLL
0x00007ffb3a5f0000 - 0x00007ffb3a5fc000 	C:\Program Files\Java\jdk-17\bin\vcruntime140_1.dll
0x00007ffae9c70000 - 0x00007ffae9cfe000 	C:\Program Files\Java\jdk-17\bin\msvcp140.dll
0x00007ffac0c70000 - 0x00007ffac1850000 	C:\Program Files\Java\jdk-17\bin\server\jvm.dll
0x00007ffb56b40000 - 0x00007ffb56b48000 	C:\WINDOWS\System32\PSAPI.DLL
0x00007ffb49650000 - 0x00007ffb49686000 	C:\WINDOWS\SYSTEM32\WINMM.dll
0x00007ffb3a320000 - 0x00007ffb3a32a000 	C:\WINDOWS\SYSTEM32\WSOCK32.dll
0x00007ffb563e0000 - 0x00007ffb56460000 	C:\WINDOWS\System32\WS2_32.dll
0x00007ffb52db0000 - 0x00007ffb52dcb000 	C:\WINDOWS\SYSTEM32\kernel.appcore.dll
0x00007ffb34be0000 - 0x00007ffb34bea000 	C:\Program Files\Java\jdk-17\bin\jimage.dll
0x00007ffb52040000 - 0x00007ffb52282000 	C:\WINDOWS\SYSTEM32\DBGHELP.DLL
0x00007ffb55d00000 - 0x00007ffb56082000 	C:\WINDOWS\System32\combase.dll
0x00007ffb56780000 - 0x00007ffb56857000 	C:\WINDOWS\System32\OLEAUT32.dll
0x00007ffb3ad60000 - 0x00007ffb3ad9b000 	C:\WINDOWS\SYSTEM32\dbgcore.DLL
0x00007ffb542a0000 - 0x00007ffb54345000 	C:\WINDOWS\System32\bcryptPrimitives.dll
0x00007ffb1fae0000 - 0x00007ffb1fb05000 	C:\Program Files\Java\jdk-17\bin\java.dll

dbghelp: loaded successfully - version: 4.0.5 - missing functions: none
symbol engine: initialized successfully - sym options: 0x614 - pdb path: .;C:\Program Files\Java\jdk-17\bin;C:\WINDOWS\SYSTEM32;C:\WINDOWS\WinSxS\amd64_microsoft.windows.common-controls_6595b64144ccf1df_6.0.26100.8079_none_3e0d0342e3304dd9;C:\Program Files\Java\jdk-17\bin\server

VM Arguments:
jvm_args: -Dclassworlds.conf=C:\maven\bin\m2.conf -Dmaven.home=C:\maven -Dlibrary.jansi.path=C:\maven\lib\jansi-native -Dmaven.multiModuleProjectDirectory=C:\Users\sneha\Downloads\stayendra_job_portal\demo 
java_command: org.codehaus.plexus.classworlds.launcher.Launcher wrapper:wrapper
java_class_path (initial): C:\maven\boot\plexus-classworlds-2.9.0.jar
Launcher Type: SUN_STANDARD

[Global flags]
     intx CICompilerCount                          = 12                                        {product} {ergonomic}
     uint ConcGCThreads                            = 3                                         {product} {ergonomic}
     uint G1ConcRefinementThreads                  = 13                                        {product} {ergonomic}
   size_t G1HeapRegionSize                         = 2097152                                   {product} {ergonomic}
    uintx GCDrainStackTargetSize                   = 64                                        {product} {ergonomic}
   size_t InitialHeapSize                          = 264241152                                 {product} {ergonomic}
   size_t MarkStackSize                            = 4194304                                   {product} {ergonomic}
   size_t MaxHeapSize                              = 4196401152                                {product} {ergonomic}
   size_t MinHeapDeltaBytes                        = 2097152                                   {product} {ergonomic}
   size_t MinHeapSize                              = 8388608                                   {product} {ergonomic}
    uintx NonNMethodCodeHeapSize                   = 7602480                                {pd product} {ergonomic}
    uintx NonProfiledCodeHeapSize                  = 122027880                              {pd product} {ergonomic}
    uintx ProfiledCodeHeapSize                     = 122027880                              {pd product} {ergonomic}
    uintx ReservedCodeCacheSize                    = 251658240                              {pd product} {ergonomic}
     bool SegmentedCodeCache                       = true                                      {product} {ergonomic}
   size_t SoftMaxHeapSize                          = 4196401152                             {manageable} {ergonomic}
     bool UseCompressedClassPointers               = true                           {product lp64_product} {ergonomic}
     bool UseCompressedOops                        = true                           {product lp64_product} {ergonomic}
     bool UseG1GC                                  = true                                      {product} {ergonomic}
     bool UseLargePagesIndividualAllocation        = false                                  {pd product} {ergonomic}

Logging:
Log output configuration:
 #0: stdout all=warning uptime,level,tags
 #1: stderr all=off uptime,level,tags

Environment Variables:
JAVA_HOME=C:\Program Files\Java\jdk-17
PATH=C:\Program Files\Java\jdk-17\bin;C:\WINDOWS\System32;C:\WINDOWS;C:\WINDOWS\System32\Wbem;C:\WINDOWS\System32\WindowsPowerShell\v1.0\;C:\WINDOWS\System32\OpenSSH\;C:\Program Files\dotnet\;C:\Program Files\Git\cmd;C:\maven\bin;;C:\WINDOWS\system32;C:\Program Files\nodejs\;C:\ProgramData\chocolatey\bin;C:\Users\sneha\AppData\Local\Programs\Python\Python313\Scripts\;C:\Users\sneha\AppData\Local\Programs\Python\Python313\;C:\Users\sneha\AppData\Local\Microsoft\WindowsApps;C:\Users\sneha\AppData\Local\Muse Hub\lib;C:\Users\sneha\AppData\Local\Programs\Microsoft VS Code\bin;C:\Mongosh\;C:\Users\sneha\AppData\Roaming\npm
USERNAME=sneha
OS=Windows_NT
PROCESSOR_IDENTIFIER=Intel64 Family 6 Model 154 Stepping 3, GenuineIntel



---------------  S Y S T E M  ---------------

OS:
 Windows 11 , 64 bit Build 26100 (10.0.26100.8079)
OS uptime: 0 days 3:02 hours
Hyper-V role detected

CPU: total 16 (initial active 16) (8 cores per cpu, 2 threads per core) family 6 model 154 stepping 3 microcode 0x42c, cx8, cmov, fxsr, ht, mmx, 3dnowpref, sse, sse2, sse3, ssse3, sse4.1, sse4.2, popcnt, lzcnt, tsc, tscinvbit, avx, avx2, aes, erms, clmul, bmi1, bmi2, adx, sha, fma, vzeroupper, clflush, clflushopt, clwb, hv

Memory: 4k page, system-wide physical 16004M (3801M free)
TotalPageFile size 16004M (AvailPageFile size 3M)
current process WorkingSet (physical memory assigned to process): 12M, peak: 12M
current process commit charge ("private bytes"): 71M, peak: 322M

vm_info: Java HotSpot(TM) 64-Bit Server VM (17.0.12+8-LTS-286) for windows-amd64 JRE (17.0.12+8-LTS-286), built on Jun  5 2024 06:46:59 by "mach5one" with MS VC++ 17.6 (VS2022)

END.
