#
# There is insufficient memory for the Java Runtime Environment to continue.
# Native memory allocation (malloc) failed to allocate 18484568 bytes. Error detail: Chunk::new
# Possible reasons:
#   The system is out of physical RAM or swap space
#   This process is running with CompressedOops enabled, and the Java Heap may be blocking the growth of the native heap
# Possible solutions:
#   Reduce memory load on the system
#   Increase physical memory or swap space
#   Check if swap backing store is full
#   Decrease Java heap size (-Xmx/-Xms)
#   Decrease number of Java threads
#   Decrease Java thread stack sizes (-Xss)
#   Set larger code cache with -XX:ReservedCodeCacheSize=
#   JVM is running with Zero Based Compressed Oops mode in which the Java heap is
#     placed in the first 32GB address space. The Java Heap base address is the
#     maximum limit for the native heap growth. Please use -XX:HeapBaseMinAddress
#     to set the Java Heap base and to place the Java Heap above 32GB virtual address.
# This output file may be truncated or incomplete.
#
#  Out of Memory Error (arena.cpp:186), pid=15692, tid=9060
#
# JRE version: OpenJDK Runtime Environment (25.0.2+10) (build 25.0.2+10-69)
# Java VM: OpenJDK 64-Bit Server VM (25.0.2+10-69, mixed mode, sharing, tiered, compressed oops, compressed class ptrs, g1 gc, windows-amd64)
# No core dump will be written. Minidumps are not enabled by default on client versions of Windows
#

---------------  S U M M A R Y ------------

Command Line: -javaagent:C:\Program Files\JetBrains\IntelliJ IDEA Community Edition 2025.2.3\lib\idea_rt.jar=57234 -Dfile.encoding=UTF-8 -Dsun.stdout.encoding=UTF-8 -Dsun.stderr.encoding=UTF-8 satyendra_job.portal.demo.DemoApplication

Host: 12th Gen Intel(R) Core(TM) i5-12500H, 16 cores, 15G,  Windows 11 , 64 bit Build 26100 (10.0.26100.8079)
Time: Tue Mar 31 23:26:02 2026 India Standard Time elapsed time: 2.175823 seconds (0d 0h 0m 2s)

---------------  T H R E A D  ---------------

Current thread (0x0000017e99966b10):  JavaThread "C2 CompilerThread1" daemon [_thread_in_native, id=9060, stack(0x00000005c8b00000,0x00000005c8c00000) (1024K)]


Current CompileTask:
C2:2175 2746       4       java.lang.invoke.MethodType::makeImpl (109 bytes)

Stack: [0x00000005c8b00000,0x00000005c8c00000]
Native frames: (J=compiled Java code, j=interpreted, Vv=VM code, C=native code)
V  [jvm.dll+0x7a70f9]  (no source info available)
V  [jvm.dll+0x772d6d]  (no source info available)
V  [jvm.dll+0x965d53]  (no source info available)
V  [jvm.dll+0x968351]  (no source info available)
V  [jvm.dll+0x968a63]  (no source info available)
V  [jvm.dll+0x2fc846]  (no source info available)
V  [jvm.dll+0x111b16]  (no source info available)
V  [jvm.dll+0x111e3e]  (no source info available)
V  [jvm.dll+0x1a0872]  (no source info available)
V  [jvm.dll+0x3b54c2]  (no source info available)
V  [jvm.dll+0x7aca8f]  (no source info available)
V  [jvm.dll+0x2c0b97]  (no source info available)
V  [jvm.dll+0x2bfb5f]  (no source info available)
V  [jvm.dll+0x2379a0]  (no source info available)
V  [jvm.dll+0x2cfc86]  (no source info available)
V  [jvm.dll+0x2cdf05]  (no source info available)
V  [jvm.dll+0x48e9d1]  (no source info available)
V  [jvm.dll+0x906fcd]  (no source info available)
V  [jvm.dll+0x7a56d5]  (no source info available)
C  [ucrtbase.dll+0x37b0]  (no source info available)
C  [KERNEL32.DLL+0x2e8d7]  (no source info available)
C  [ntdll.dll+0x8c3fc]  (no source info available)

Lock stack of current Java thread (top to bottom):


---------------  P R O C E S S  ---------------

Threads class SMR info:
_java_thread_list=0x0000017e9fbfaf80, length=14, elements={
0x0000017ef8aecd40, 0x0000017efe6264c0, 0x0000017efe626dd0, 0x0000017efe627960,
0x0000017efe62a7f0, 0x0000017efe6293c0, 0x0000017efe62efd0, 0x0000017e998003c0,
0x0000017e99812270, 0x0000017e99966b10, 0x0000017e999f0ee0, 0x0000017e9e126e60,
0x0000017e9e127620, 0x0000017e9f207420
}

Java Threads: ( => current thread )
  0x0000017ef8aecd40 JavaThread "main"                              [_thread_in_Java, id=22756, stack(0x00000005c7a00000,0x00000005c7b00000) (1024K)]
  0x0000017efe6264c0 JavaThread "Reference Handler"          daemon [_thread_blocked, id=13332, stack(0x00000005c8200000,0x00000005c8300000) (1024K)]
  0x0000017efe626dd0 JavaThread "Finalizer"                  daemon [_thread_blocked, id=23144, stack(0x00000005c8300000,0x00000005c8400000) (1024K)]
  0x0000017efe627960 JavaThread "Signal Dispatcher"          daemon [_thread_blocked, id=18016, stack(0x00000005c8400000,0x00000005c8500000) (1024K)]
  0x0000017efe62a7f0 JavaThread "Attach Listener"            daemon [_thread_blocked, id=5752, stack(0x00000005c8500000,0x00000005c8600000) (1024K)]
  0x0000017efe6293c0 JavaThread "Service Thread"             daemon [_thread_blocked, id=1728, stack(0x00000005c8600000,0x00000005c8700000) (1024K)]
  0x0000017efe62efd0 JavaThread "Monitor Deflation Thread"   daemon [_thread_blocked, id=8548, stack(0x00000005c8700000,0x00000005c8800000) (1024K)]
  0x0000017e998003c0 JavaThread "C2 CompilerThread0"         daemon [_thread_in_native, id=6628, stack(0x00000005c8800000,0x00000005c8900000) (1024K)]
  0x0000017e99812270 JavaThread "C1 CompilerThread0"         daemon [_thread_in_vm, id=18804, stack(0x00000005c8900000,0x00000005c8a00000) (1024K)]
=>0x0000017e99966b10 JavaThread "C2 CompilerThread1"         daemon [_thread_in_native, id=9060, stack(0x00000005c8b00000,0x00000005c8c00000) (1024K)]
  0x0000017e999f0ee0 JavaThread "Common-Cleaner"             daemon [_thread_blocked, id=18636, stack(0x00000005c8c00000,0x00000005c8d00000) (1024K)]
  0x0000017e9e126e60 JavaThread "Monitor Ctrl-Break"         daemon [_thread_in_native, id=8992, stack(0x00000005c8d00000,0x00000005c8e00000) (1024K)]
  0x0000017e9e127620 JavaThread "Notification Thread"        daemon [_thread_blocked, id=19172, stack(0x00000005c8e00000,0x00000005c8f00000) (1024K)]
  0x0000017e9f207420 JavaThread "C2 CompilerThread2"         daemon [_thread_in_native, id=21280, stack(0x00000005c9700000,0x00000005c9800000) (1024K)]
Total: 14

Other Threads:
  0x0000017efe612e50 VMThread "VM Thread"                           [id=2128, stack(0x00000005c8100000,0x00000005c8200000) (1024K)]
  0x0000017efe4e2210 WatcherThread "VM Periodic Task Thread"        [id=2480, stack(0x00000005c8000000,0x00000005c8100000) (1024K)]
  0x0000017ef66ddeb0 WorkerThread "GC Thread#0"                     [id=13032, stack(0x00000005c7b00000,0x00000005c7c00000) (1024K)]
  0x0000017e9ec149f0 WorkerThread "GC Thread#1"                     [id=18508, stack(0x00000005c9200000,0x00000005c9300000) (1024K)]
  0x0000017e9edf7080 WorkerThread "GC Thread#2"                     [id=18884, stack(0x00000005c9300000,0x00000005c9400000) (1024K)]
  0x0000017e9edf9750 WorkerThread "GC Thread#3"                     [id=20336, stack(0x00000005c9400000,0x00000005c9500000) (1024K)]
  0x0000017e9edf81c0 WorkerThread "GC Thread#4"                     [id=19948, stack(0x00000005c9500000,0x00000005c9600000) (1024K)]
  0x0000017e9edf6390 WorkerThread "GC Thread#5"                     [id=13176, stack(0x00000005c9600000,0x00000005c9700000) (1024K)]
  0x0000017efe492010 ConcurrentGCThread "G1 Main Marker"            [id=22132, stack(0x00000005c7c00000,0x00000005c7d00000) (1024K)]
  0x0000017efe4927b0 WorkerThread "G1 Conc#0"                       [id=21396, stack(0x00000005c7d00000,0x00000005c7e00000) (1024K)]
  0x0000017efe4d7980 ConcurrentGCThread "G1 Refine#0"               [id=6744, stack(0x00000005c7e00000,0x00000005c7f00000) (1024K)]
  0x0000017efe4da3a0 ConcurrentGCThread "G1 Service"                [id=2556, stack(0x00000005c7f00000,0x00000005c8000000) (1024K)]
Total: 12

Threads with active compile tasks:
C2 CompilerThread0  2201 3343   !   4       java.lang.String::<init> (852 bytes)
C1 CompilerThread0  2201 3373       1       org.springframework.context.annotation.ConfigurationMethod::getMetadata (5 bytes)
C2 CompilerThread1  2201 2746       4       java.lang.invoke.MethodType::makeImpl (109 bytes)
C2 CompilerThread2  2201 3378       4       java.util.HashMap::resize (356 bytes)
Total: 4

VM state: not at safepoint (normal execution)

VM Mutex/Monitor currently owned by a thread: None

Heap address: 0x0000000705e00000, size: 4002 MB, Compressed Oops mode: Zero based, Oop shift amount: 3

CDS archive(s) mapped at: [0x0000000033000000-0x0000000033dd0000-0x0000000033dd0000), size 14483456, SharedBaseAddress: 0x0000000033000000, ArchiveRelocationMode: 1.
Compressed class space mapped at: 0x0000000034000000-0x0000000074000000, reserved size: 1073741824
UseCompressedClassPointers 1, UseCompactObjectHeaders 0
Narrow klass pointer bits 32, Max shift 3
Narrow klass base: 0x0000000033000000, Narrow klass shift: 0
Encoding Range: [0x0000000033000000 - 0x0000000133000000), (4294967296 bytes)
Klass Range:    [0x0000000033010000 - 0x0000000074000000), (1090453504 bytes)
Klass ID Range:  [65536 - 1090519033) (1090453497)
Protection zone: [0x0000000033000000 - 0x0000000033010000), (65536 bytes)

GC Precious Log:
 CardTable entry size: 512
 Card Set container configuration: InlinePtr #cards 4 size 8 Array Of Cards #cards 16 size 48 Howl #buckets 8 coarsen threshold 3686 Howl Bitmap #cards 512 size 80 coarsen threshold 460 Card regions per heap region 1 cards per card region 4096
 CPUs: 16 total, 16 available
 Memory: 16004M
 Large Page Support: Disabled
 NUMA Support: Disabled
 Compressed Oops: Enabled (Zero based)
 Heap Region Size: 2M
 Heap Min Capacity: 8M
 Heap Initial Capacity: 252M
 Heap Max Capacity: 4002M
 Pre-touch: Disabled
 Parallel Workers: 13
 Concurrent Workers: 3
 Concurrent Refinement Workers: 13
 Periodic GC: Disabled

Heap:
 garbage-first heap   total reserved 4098048K, committed 260096K, used 52979K [0x0000000705e00000, 0x0000000800000000)
  region size 2048K, 25 young (51200K), 3 survivors (6144K)

Heap Regions: E=young(eden), S=young(survivor), O=old, HS=humongous(starts), HC=humongous(continues), CS=collection set, F=free, TAMS=top-at-mark-start, PB=parsable bottom
|   0|0x0000000705e00000, 0x0000000706000000, 0x0000000706000000|100%| O|  |TAMS 0x0000000705e00000| PB 0x0000000705e00000| Untracked |  0
|   1|0x0000000706000000, 0x0000000706098118, 0x0000000706200000| 29%| O|  |TAMS 0x0000000706000000| PB 0x0000000706000000| Untracked |  0
|   2|0x0000000706200000, 0x0000000706200000, 0x0000000706400000|  0%| F|  |TAMS 0x0000000706200000| PB 0x0000000706200000| Untracked |  0
|   3|0x0000000706400000, 0x0000000706400000, 0x0000000706600000|  0%| F|  |TAMS 0x0000000706400000| PB 0x0000000706400000| Untracked |  0
|   4|0x0000000706600000, 0x0000000706600000, 0x0000000706800000|  0%| F|  |TAMS 0x0000000706600000| PB 0x0000000706600000| Untracked |  0
|   5|0x0000000706800000, 0x0000000706800000, 0x0000000706a00000|  0%| F|  |TAMS 0x0000000706800000| PB 0x0000000706800000| Untracked |  0
|   6|0x0000000706a00000, 0x0000000706a00000, 0x0000000706c00000|  0%| F|  |TAMS 0x0000000706a00000| PB 0x0000000706a00000| Untracked |  0
|   7|0x0000000706c00000, 0x0000000706c00000, 0x0000000706e00000|  0%| F|  |TAMS 0x0000000706c00000| PB 0x0000000706c00000| Untracked |  0
|   8|0x0000000706e00000, 0x0000000706e00000, 0x0000000707000000|  0%| F|  |TAMS 0x0000000706e00000| PB 0x0000000706e00000| Untracked |  0
|   9|0x0000000707000000, 0x0000000707000000, 0x0000000707200000|  0%| F|  |TAMS 0x0000000707000000| PB 0x0000000707000000| Untracked |  0
|  10|0x0000000707200000, 0x0000000707200000, 0x0000000707400000|  0%| F|  |TAMS 0x0000000707200000| PB 0x0000000707200000| Untracked |  0
|  11|0x0000000707400000, 0x0000000707400000, 0x0000000707600000|  0%| F|  |TAMS 0x0000000707400000| PB 0x0000000707400000| Untracked |  0
|  12|0x0000000707600000, 0x0000000707600000, 0x0000000707800000|  0%| F|  |TAMS 0x0000000707600000| PB 0x0000000707600000| Untracked |  0
|  13|0x0000000707800000, 0x0000000707800000, 0x0000000707a00000|  0%| F|  |TAMS 0x0000000707800000| PB 0x0000000707800000| Untracked |  0
|  14|0x0000000707a00000, 0x0000000707a00000, 0x0000000707c00000|  0%| F|  |TAMS 0x0000000707a00000| PB 0x0000000707a00000| Untracked |  0
|  15|0x0000000707c00000, 0x0000000707c00000, 0x0000000707e00000|  0%| F|  |TAMS 0x0000000707c00000| PB 0x0000000707c00000| Untracked |  0
|  16|0x0000000707e00000, 0x0000000707e00000, 0x0000000708000000|  0%| F|  |TAMS 0x0000000707e00000| PB 0x0000000707e00000| Untracked |  0
|  17|0x0000000708000000, 0x0000000708000000, 0x0000000708200000|  0%| F|  |TAMS 0x0000000708000000| PB 0x0000000708000000| Untracked |  0
|  18|0x0000000708200000, 0x0000000708200000, 0x0000000708400000|  0%| F|  |TAMS 0x0000000708200000| PB 0x0000000708200000| Untracked |  0
|  19|0x0000000708400000, 0x0000000708400000, 0x0000000708600000|  0%| F|  |TAMS 0x0000000708400000| PB 0x0000000708400000| Untracked |  0
|  20|0x0000000708600000, 0x0000000708600000, 0x0000000708800000|  0%| F|  |TAMS 0x0000000708600000| PB 0x0000000708600000| Untracked |  0
|  21|0x0000000708800000, 0x0000000708800000, 0x0000000708a00000|  0%| F|  |TAMS 0x0000000708800000| PB 0x0000000708800000| Untracked |  0
|  22|0x0000000708a00000, 0x0000000708a00000, 0x0000000708c00000|  0%| F|  |TAMS 0x0000000708a00000| PB 0x0000000708a00000| Untracked |  0
|  23|0x0000000708c00000, 0x0000000708c00000, 0x0000000708e00000|  0%| F|  |TAMS 0x0000000708c00000| PB 0x0000000708c00000| Untracked |  0
|  24|0x0000000708e00000, 0x0000000708e00000, 0x0000000709000000|  0%| F|  |TAMS 0x0000000708e00000| PB 0x0000000708e00000| Untracked |  0
|  25|0x0000000709000000, 0x0000000709000000, 0x0000000709200000|  0%| F|  |TAMS 0x0000000709000000| PB 0x0000000709000000| Untracked |  0
|  26|0x0000000709200000, 0x0000000709200000, 0x0000000709400000|  0%| F|  |TAMS 0x0000000709200000| PB 0x0000000709200000| Untracked |  0
|  27|0x0000000709400000, 0x0000000709400000, 0x0000000709600000|  0%| F|  |TAMS 0x0000000709400000| PB 0x0000000709400000| Untracked |  0
|  28|0x0000000709600000, 0x0000000709600000, 0x0000000709800000|  0%| F|  |TAMS 0x0000000709600000| PB 0x0000000709600000| Untracked |  0
|  29|0x0000000709800000, 0x0000000709800000, 0x0000000709a00000|  0%| F|  |TAMS 0x0000000709800000| PB 0x0000000709800000| Untracked |  0
|  30|0x0000000709a00000, 0x0000000709a00000, 0x0000000709c00000|  0%| F|  |TAMS 0x0000000709a00000| PB 0x0000000709a00000| Untracked |  0
|  31|0x0000000709c00000, 0x0000000709c00000, 0x0000000709e00000|  0%| F|  |TAMS 0x0000000709c00000| PB 0x0000000709c00000| Untracked |  0
|  32|0x0000000709e00000, 0x0000000709e00000, 0x000000070a000000|  0%| F|  |TAMS 0x0000000709e00000| PB 0x0000000709e00000| Untracked |  0
|  33|0x000000070a000000, 0x000000070a000000, 0x000000070a200000|  0%| F|  |TAMS 0x000000070a000000| PB 0x000000070a000000| Untracked |  0
|  34|0x000000070a200000, 0x000000070a200000, 0x000000070a400000|  0%| F|  |TAMS 0x000000070a200000| PB 0x000000070a200000| Untracked |  0
|  35|0x000000070a400000, 0x000000070a400000, 0x000000070a600000|  0%| F|  |TAMS 0x000000070a400000| PB 0x000000070a400000| Untracked |  0
|  36|0x000000070a600000, 0x000000070a600000, 0x000000070a800000|  0%| F|  |TAMS 0x000000070a600000| PB 0x000000070a600000| Untracked |  0
|  37|0x000000070a800000, 0x000000070a800000, 0x000000070aa00000|  0%| F|  |TAMS 0x000000070a800000| PB 0x000000070a800000| Untracked |  0
|  38|0x000000070aa00000, 0x000000070aa00000, 0x000000070ac00000|  0%| F|  |TAMS 0x000000070aa00000| PB 0x000000070aa00000| Untracked |  0
|  39|0x000000070ac00000, 0x000000070ac00000, 0x000000070ae00000|  0%| F|  |TAMS 0x000000070ac00000| PB 0x000000070ac00000| Untracked |  0
|  40|0x000000070ae00000, 0x000000070ae00000, 0x000000070b000000|  0%| F|  |TAMS 0x000000070ae00000| PB 0x000000070ae00000| Untracked |  0
|  41|0x000000070b000000, 0x000000070b000000, 0x000000070b200000|  0%| F|  |TAMS 0x000000070b000000| PB 0x000000070b000000| Untracked |  0
|  42|0x000000070b200000, 0x000000070b200000, 0x000000070b400000|  0%| F|  |TAMS 0x000000070b200000| PB 0x000000070b200000| Untracked |  0
|  43|0x000000070b400000, 0x000000070b400000, 0x000000070b600000|  0%| F|  |TAMS 0x000000070b400000| PB 0x000000070b400000| Untracked |  0
|  44|0x000000070b600000, 0x000000070b600000, 0x000000070b800000|  0%| F|  |TAMS 0x000000070b600000| PB 0x000000070b600000| Untracked |  0
|  45|0x000000070b800000, 0x000000070b800000, 0x000000070ba00000|  0%| F|  |TAMS 0x000000070b800000| PB 0x000000070b800000| Untracked |  0
|  46|0x000000070ba00000, 0x000000070ba00000, 0x000000070bc00000|  0%| F|  |TAMS 0x000000070ba00000| PB 0x000000070ba00000| Untracked |  0
|  47|0x000000070bc00000, 0x000000070bc00000, 0x000000070be00000|  0%| F|  |TAMS 0x000000070bc00000| PB 0x000000070bc00000| Untracked |  0
|  48|0x000000070be00000, 0x000000070be00000, 0x000000070c000000|  0%| F|  |TAMS 0x000000070be00000| PB 0x000000070be00000| Untracked |  0
|  49|0x000000070c000000, 0x000000070c000000, 0x000000070c200000|  0%| F|  |TAMS 0x000000070c000000| PB 0x000000070c000000| Untracked |  0
|  50|0x000000070c200000, 0x000000070c200000, 0x000000070c400000|  0%| F|  |TAMS 0x000000070c200000| PB 0x000000070c200000| Untracked |  0
|  51|0x000000070c400000, 0x000000070c400000, 0x000000070c600000|  0%| F|  |TAMS 0x000000070c400000| PB 0x000000070c400000| Untracked |  0
|  52|0x000000070c600000, 0x000000070c600000, 0x000000070c800000|  0%| F|  |TAMS 0x000000070c600000| PB 0x000000070c600000| Untracked |  0
|  53|0x000000070c800000, 0x000000070c800000, 0x000000070ca00000|  0%| F|  |TAMS 0x000000070c800000| PB 0x000000070c800000| Untracked |  0
|  54|0x000000070ca00000, 0x000000070ca00000, 0x000000070cc00000|  0%| F|  |TAMS 0x000000070ca00000| PB 0x000000070ca00000| Untracked |  0
|  55|0x000000070cc00000, 0x000000070cc00000, 0x000000070ce00000|  0%| F|  |TAMS 0x000000070cc00000| PB 0x000000070cc00000| Untracked |  0
|  56|0x000000070ce00000, 0x000000070ce00000, 0x000000070d000000|  0%| F|  |TAMS 0x000000070ce00000| PB 0x000000070ce00000| Untracked |  0
|  57|0x000000070d000000, 0x000000070d000000, 0x000000070d200000|  0%| F|  |TAMS 0x000000070d000000| PB 0x000000070d000000| Untracked |  0
|  58|0x000000070d200000, 0x000000070d200000, 0x000000070d400000|  0%| F|  |TAMS 0x000000070d200000| PB 0x000000070d200000| Untracked |  0
|  59|0x000000070d400000, 0x000000070d400000, 0x000000070d600000|  0%| F|  |TAMS 0x000000070d400000| PB 0x000000070d400000| Untracked |  0
|  60|0x000000070d600000, 0x000000070d600000, 0x000000070d800000|  0%| F|  |TAMS 0x000000070d600000| PB 0x000000070d600000| Untracked |  0
|  61|0x000000070d800000, 0x000000070d800000, 0x000000070da00000|  0%| F|  |TAMS 0x000000070d800000| PB 0x000000070d800000| Untracked |  0
|  62|0x000000070da00000, 0x000000070da00000, 0x000000070dc00000|  0%| F|  |TAMS 0x000000070da00000| PB 0x000000070da00000| Untracked |  0
|  63|0x000000070dc00000, 0x000000070dc00000, 0x000000070de00000|  0%| F|  |TAMS 0x000000070dc00000| PB 0x000000070dc00000| Untracked |  0
|  64|0x000000070de00000, 0x000000070de00000, 0x000000070e000000|  0%| F|  |TAMS 0x000000070de00000| PB 0x000000070de00000| Untracked |  0
|  65|0x000000070e000000, 0x000000070e000000, 0x000000070e200000|  0%| F|  |TAMS 0x000000070e000000| PB 0x000000070e000000| Untracked |  0
|  66|0x000000070e200000, 0x000000070e200000, 0x000000070e400000|  0%| F|  |TAMS 0x000000070e200000| PB 0x000000070e200000| Untracked |  0
|  67|0x000000070e400000, 0x000000070e400000, 0x000000070e600000|  0%| F|  |TAMS 0x000000070e400000| PB 0x000000070e400000| Untracked |  0
|  68|0x000000070e600000, 0x000000070e600000, 0x000000070e800000|  0%| F|  |TAMS 0x000000070e600000| PB 0x000000070e600000| Untracked |  0
|  69|0x000000070e800000, 0x000000070e800000, 0x000000070ea00000|  0%| F|  |TAMS 0x000000070e800000| PB 0x000000070e800000| Untracked |  0
|  70|0x000000070ea00000, 0x000000070ea00000, 0x000000070ec00000|  0%| F|  |TAMS 0x000000070ea00000| PB 0x000000070ea00000| Untracked |  0
|  71|0x000000070ec00000, 0x000000070ec00000, 0x000000070ee00000|  0%| F|  |TAMS 0x000000070ec00000| PB 0x000000070ec00000| Untracked |  0
|  72|0x000000070ee00000, 0x000000070ee00000, 0x000000070f000000|  0%| F|  |TAMS 0x000000070ee00000| PB 0x000000070ee00000| Untracked |  0
|  73|0x000000070f000000, 0x000000070f000000, 0x000000070f200000|  0%| F|  |TAMS 0x000000070f000000| PB 0x000000070f000000| Untracked |  0
|  74|0x000000070f200000, 0x000000070f200000, 0x000000070f400000|  0%| F|  |TAMS 0x000000070f200000| PB 0x000000070f200000| Untracked |  0
|  75|0x000000070f400000, 0x000000070f400000, 0x000000070f600000|  0%| F|  |TAMS 0x000000070f400000| PB 0x000000070f400000| Untracked |  0
|  76|0x000000070f600000, 0x000000070f600000, 0x000000070f800000|  0%| F|  |TAMS 0x000000070f600000| PB 0x000000070f600000| Untracked |  0
|  77|0x000000070f800000, 0x000000070f800000, 0x000000070fa00000|  0%| F|  |TAMS 0x000000070f800000| PB 0x000000070f800000| Untracked |  0
|  78|0x000000070fa00000, 0x000000070fa00000, 0x000000070fc00000|  0%| F|  |TAMS 0x000000070fa00000| PB 0x000000070fa00000| Untracked |  0
|  79|0x000000070fc00000, 0x000000070fc00000, 0x000000070fe00000|  0%| F|  |TAMS 0x000000070fc00000| PB 0x000000070fc00000| Untracked |  0
|  80|0x000000070fe00000, 0x000000070fe00000, 0x0000000710000000|  0%| F|  |TAMS 0x000000070fe00000| PB 0x000000070fe00000| Untracked |  0
|  81|0x0000000710000000, 0x0000000710000000, 0x0000000710200000|  0%| F|  |TAMS 0x0000000710000000| PB 0x0000000710000000| Untracked |  0
|  82|0x0000000710200000, 0x0000000710200000, 0x0000000710400000|  0%| F|  |TAMS 0x0000000710200000| PB 0x0000000710200000| Untracked |  0
|  83|0x0000000710400000, 0x0000000710400000, 0x0000000710600000|  0%| F|  |TAMS 0x0000000710400000| PB 0x0000000710400000| Untracked |  0
|  84|0x0000000710600000, 0x0000000710600000, 0x0000000710800000|  0%| F|  |TAMS 0x0000000710600000| PB 0x0000000710600000| Untracked |  0
|  85|0x0000000710800000, 0x0000000710800000, 0x0000000710a00000|  0%| F|  |TAMS 0x0000000710800000| PB 0x0000000710800000| Untracked |  0
|  86|0x0000000710a00000, 0x0000000710a00000, 0x0000000710c00000|  0%| F|  |TAMS 0x0000000710a00000| PB 0x0000000710a00000| Untracked |  0
|  87|0x0000000710c00000, 0x0000000710c00000, 0x0000000710e00000|  0%| F|  |TAMS 0x0000000710c00000| PB 0x0000000710c00000| Untracked |  0
|  88|0x0000000710e00000, 0x0000000710e00000, 0x0000000711000000|  0%| F|  |TAMS 0x0000000710e00000| PB 0x0000000710e00000| Untracked |  0
|  89|0x0000000711000000, 0x0000000711000000, 0x0000000711200000|  0%| F|  |TAMS 0x0000000711000000| PB 0x0000000711000000| Untracked |  0
|  90|0x0000000711200000, 0x0000000711200000, 0x0000000711400000|  0%| F|  |TAMS 0x0000000711200000| PB 0x0000000711200000| Untracked |  0
|  91|0x0000000711400000, 0x0000000711400000, 0x0000000711600000|  0%| F|  |TAMS 0x0000000711400000| PB 0x0000000711400000| Untracked |  0
|  92|0x0000000711600000, 0x0000000711600000, 0x0000000711800000|  0%| F|  |TAMS 0x0000000711600000| PB 0x0000000711600000| Untracked |  0
|  93|0x0000000711800000, 0x0000000711800000, 0x0000000711a00000|  0%| F|  |TAMS 0x0000000711800000| PB 0x0000000711800000| Untracked |  0
|  94|0x0000000711a00000, 0x0000000711a00000, 0x0000000711c00000|  0%| F|  |TAMS 0x0000000711a00000| PB 0x0000000711a00000| Untracked |  0
|  95|0x0000000711c00000, 0x0000000711c00000, 0x0000000711e00000|  0%| F|  |TAMS 0x0000000711c00000| PB 0x0000000711c00000| Untracked |  0
|  96|0x0000000711e00000, 0x0000000711e00000, 0x0000000712000000|  0%| F|  |TAMS 0x0000000711e00000| PB 0x0000000711e00000| Untracked |  0
|  97|0x0000000712000000, 0x0000000712000000, 0x0000000712200000|  0%| F|  |TAMS 0x0000000712000000| PB 0x0000000712000000| Untracked |  0
|  98|0x0000000712200000, 0x0000000712200000, 0x0000000712400000|  0%| F|  |TAMS 0x0000000712200000| PB 0x0000000712200000| Untracked |  0
|  99|0x0000000712400000, 0x0000000712600000, 0x0000000712600000|100%| S|CS|TAMS 0x0000000712400000| PB 0x0000000712400000| Complete |  0
| 100|0x0000000712600000, 0x0000000712800000, 0x0000000712800000|100%| S|CS|TAMS 0x0000000712600000| PB 0x0000000712600000| Complete |  0
| 101|0x0000000712800000, 0x0000000712a00000, 0x0000000712a00000|100%| S|CS|TAMS 0x0000000712800000| PB 0x0000000712800000| Complete |  0
| 102|0x0000000712a00000, 0x0000000712a00000, 0x0000000712c00000|  0%| F|  |TAMS 0x0000000712a00000| PB 0x0000000712a00000| Untracked |  0
| 103|0x0000000712c00000, 0x0000000712c00000, 0x0000000712e00000|  0%| F|  |TAMS 0x0000000712c00000| PB 0x0000000712c00000| Untracked |  0
| 104|0x0000000712e00000, 0x0000000712ec32a8, 0x0000000713000000| 38%| E|  |TAMS 0x0000000712e00000| PB 0x0000000712e00000| Complete |  0
| 105|0x0000000713000000, 0x0000000713200000, 0x0000000713200000|100%| E|CS|TAMS 0x0000000713000000| PB 0x0000000713000000| Complete |  0
| 106|0x0000000713200000, 0x0000000713400000, 0x0000000713400000|100%| E|CS|TAMS 0x0000000713200000| PB 0x0000000713200000| Complete |  0
| 107|0x0000000713400000, 0x0000000713600000, 0x0000000713600000|100%| E|CS|TAMS 0x0000000713400000| PB 0x0000000713400000| Complete |  0
| 108|0x0000000713600000, 0x0000000713800000, 0x0000000713800000|100%| E|CS|TAMS 0x0000000713600000| PB 0x0000000713600000| Complete |  0
| 109|0x0000000713800000, 0x0000000713a00000, 0x0000000713a00000|100%| E|CS|TAMS 0x0000000713800000| PB 0x0000000713800000| Complete |  0
| 110|0x0000000713a00000, 0x0000000713c00000, 0x0000000713c00000|100%| E|CS|TAMS 0x0000000713a00000| PB 0x0000000713a00000| Complete |  0
| 111|0x0000000713c00000, 0x0000000713e00000, 0x0000000713e00000|100%| E|CS|TAMS 0x0000000713c00000| PB 0x0000000713c00000| Complete |  0
| 112|0x0000000713e00000, 0x0000000714000000, 0x0000000714000000|100%| E|CS|TAMS 0x0000000713e00000| PB 0x0000000713e00000| Complete |  0
| 113|0x0000000714000000, 0x0000000714200000, 0x0000000714200000|100%| E|CS|TAMS 0x0000000714000000| PB 0x0000000714000000| Complete |  0
| 114|0x0000000714200000, 0x0000000714400000, 0x0000000714400000|100%| E|CS|TAMS 0x0000000714200000| PB 0x0000000714200000| Complete |  0
| 115|0x0000000714400000, 0x0000000714600000, 0x0000000714600000|100%| E|CS|TAMS 0x0000000714400000| PB 0x0000000714400000| Complete |  0
| 116|0x0000000714600000, 0x0000000714800000, 0x0000000714800000|100%| E|CS|TAMS 0x0000000714600000| PB 0x0000000714600000| Complete |  0
| 117|0x0000000714800000, 0x0000000714a00000, 0x0000000714a00000|100%| E|CS|TAMS 0x0000000714800000| PB 0x0000000714800000| Complete |  0
| 118|0x0000000714a00000, 0x0000000714c00000, 0x0000000714c00000|100%| E|CS|TAMS 0x0000000714a00000| PB 0x0000000714a00000| Complete |  0
| 119|0x0000000714c00000, 0x0000000714e00000, 0x0000000714e00000|100%| E|CS|TAMS 0x0000000714c00000| PB 0x0000000714c00000| Complete |  0
| 120|0x0000000714e00000, 0x0000000715000000, 0x0000000715000000|100%| E|CS|TAMS 0x0000000714e00000| PB 0x0000000714e00000| Complete |  0
| 121|0x0000000715000000, 0x0000000715200000, 0x0000000715200000|100%| E|CS|TAMS 0x0000000715000000| PB 0x0000000715000000| Complete |  0
| 122|0x0000000715200000, 0x0000000715400000, 0x0000000715400000|100%| E|CS|TAMS 0x0000000715200000| PB 0x0000000715200000| Complete |  0
| 123|0x0000000715400000, 0x0000000715600000, 0x0000000715600000|100%| E|CS|TAMS 0x0000000715400000| PB 0x0000000715400000| Complete |  0
| 124|0x0000000715600000, 0x0000000715800000, 0x0000000715800000|100%| E|CS|TAMS 0x0000000715600000| PB 0x0000000715600000| Complete |  0
| 125|0x0000000715800000, 0x0000000715a00000, 0x0000000715a00000|100%| E|CS|TAMS 0x0000000715800000| PB 0x0000000715800000| Complete |  0
|2000|0x00000007ffe00000, 0x00000007fff24ea8, 0x0000000800000000| 57%| O|  |TAMS 0x00000007ffe00000| PB 0x00000007ffe00000| Untracked |  0

Card table byte_map: [0x0000017ef9d20000,0x0000017efa500000] _byte_map_base: 0x0000017ef64f1000

Marking Bits: (CMBitMap*) 0x0000017ef66de640
 Bits: [0x0000017efa500000, 0x0000017efe388000)

Polling page: 0x0000017ef68f0000

Metaspace:
Metaspace        used 20296K, committed 20608K, reserved 1114112K
 class space     used 2554K, committed 2688K, reserved 1048576K

Usage:
  Non-class:     17.33 MB used.
      Class:      2.49 MB used.
       Both:     19.82 MB used.

Virtual space:
  Non-class space:       64.00 MB reserved,      17.50 MB ( 27%) committed,  1 nodes.
      Class space:        1.00 GB reserved,       2.62 MB ( <1%) committed,  1 nodes.
             Both:        1.06 GB reserved,      20.12 MB (  2%) committed. 

Chunk freelists:
   Non-Class:  13.72 MB
       Class:  13.33 MB
        Both:  27.05 MB

MaxMetaspaceSize: unlimited
CompressedClassSpaceSize: 1.00 GB
Initial GC threshold: 21.00 MB
Current GC threshold: 21.00 MB
CDS: on
 - commit_granule_bytes: 65536.
 - commit_granule_words: 8192.
 - virtual_space_node_default_size: 8388608.
 - enlarge_chunks_in_place: 1.
UseCompressedClassPointers 1, UseCompactObjectHeaders 0
Narrow klass pointer bits 32, Max shift 3
Narrow klass base: 0x0000000033000000, Narrow klass shift: 0
Encoding Range: [0x0000000033000000 - 0x0000000133000000), (4294967296 bytes)
Klass Range:    [0x0000000033010000 - 0x0000000074000000), (1090453504 bytes)
Klass ID Range:  [65536 - 1090519033) (1090453497)
Protection zone: [0x0000000033000000 - 0x0000000033010000), (65536 bytes)


Internal statistics:

num_allocs_failed_limit: 0.
num_arena_births: 208.
num_arena_deaths: 0.
num_vsnodes_births: 2.
num_vsnodes_deaths: 0.
num_space_committed: 322.
num_space_uncommitted: 0.
num_chunks_returned_to_freelist: 0.
num_chunks_taken_from_freelist: 874.
num_chunk_merges: 0.
num_chunk_splits: 600.
num_chunks_enlarged: 471.
num_inconsistent_stats: 0.

CodeHeap 'non-profiled nmethods': size=119232Kb used=991Kb max_used=991Kb free=118240Kb
 bounds [0x0000017e90360000, 0x0000017e905d0000, 0x0000017e977d0000]
CodeHeap 'profiled nmethods': size=119104Kb used=5592Kb max_used=5592Kb free=113511Kb
 bounds [0x0000017e887d0000, 0x0000017e88d50000, 0x0000017e8fc20000]
CodeHeap 'non-nmethods': size=7424Kb used=1426Kb max_used=3173Kb free=5997Kb
 bounds [0x0000017e8fc20000, 0x0000017e8ff50000, 0x0000017e90360000]
CodeCache: size=245760Kb, used=8009Kb, max_used=9756Kb, free=237748Kb
 total_blobs=3930, nmethods=3382, adapters=450, full_count=0
Compilation: enabled, stopped_count=0, restarted_count=0

Compilation events (20 events):
Event: 1.171 Thread 0x0000017e9e6e8920 nmethod 3276 0x0000017e88d1b208 code [0x0000017e88d1b300, 0x0000017e88d1b6b8]
Event: 1.171 Thread 0x0000017e9ee315a0 3277       3       org.springframework.context.annotation.ConfigurationClassParser$$Lambda/0x0000000034213518::test (10 bytes)
Event: 1.171 Thread 0x0000017e9e6e8920 3278       3       org.springframework.core.annotation.AbstractMergedAnnotation::isMetaPresent (20 bytes)
Event: 1.171 Thread 0x0000017e998a90f0 3279       3       org.springframework.context.annotation.ConfigurationClassParser$$Lambda/0x0000000034213770::test (10 bytes)
Event: 1.171 Thread 0x0000017e9ee315a0 nmethod 3277 0x0000017e88d1b708 code [0x0000017e88d1b800, 0x0000017e88d1bd00]
Event: 1.171 Thread 0x0000017e9e6e8920 nmethod 3278 0x0000017e88d1bd88 code [0x0000017e88d1be80, 0x0000017e88d1c180]
Event: 1.171 Thread 0x0000017e998a90f0 nmethod 3279 0x0000017e88d1c208 code [0x0000017e88d1c300, 0x0000017e88d1c800]
Event: 1.171 Thread 0x0000017e998a90f0 3280       3       java.util.Spliterators$ArraySpliterator::<init> (40 bytes)
Event: 1.171 Thread 0x0000017e998a90f0 nmethod 3280 0x0000017e88d1c888 code [0x0000017e88d1c980, 0x0000017e88d1cb68]
Event: 1.171 Thread 0x0000017e9f207420 nmethod 3268 0x0000017e90451008 code [0x0000017e90451100, 0x0000017e90451460]
Event: 1.172 Thread 0x0000017e998a90f0 3281       3       org.springframework.core.type.classreading.ClassFileAnnotationDelegate$$Lambda/0x0000000034226d08::apply (16 bytes)
Event: 1.172 Thread 0x0000017e9ee315a0 3282       3       org.springframework.core.type.classreading.ClassFileAnnotationDelegate::lambda$parseArrayValue$0 (7 bytes)
Event: 1.172 Thread 0x0000017e998a90f0 nmethod 3281 0x0000017e88d1cb88 code [0x0000017e88d1cc80, 0x0000017e88d1cf10]
Event: 1.172 Thread 0x0000017e9ee315a0 nmethod 3282 0x0000017e88d1cf88 code [0x0000017e88d1d080, 0x0000017e88d1d198]
Event: 1.173 Thread 0x0000017e9f207420 3283       4       java.util.ArrayDeque::pollFirst (36 bytes)
Event: 1.173 Thread 0x0000017e9e6e8920 3284       3       jdk.internal.classfile.impl.AbstractPoolEntry$ClassEntryImpl::clone (6 bytes)
Event: 1.173 Thread 0x0000017e9e6e8920 nmethod 3284 0x0000017e88d1d288 code [0x0000017e88d1d380, 0x0000017e88d1d6e8]
Event: 1.176 Thread 0x0000017e998003c0 3285       4       java.lang.String::getChars (55 bytes)
Event: 1.178 Thread 0x0000017e998a90f0 3287       3       org.springframework.util.MultiValueMapAdapter::add (28 bytes)
Event: 1.178 Thread 0x0000017e998a90f0 nmethod 3287 0x0000017e88d1d708 code [0x0000017e88d1d800, 0x0000017e88d1dc98]

GC Heap Usage History (2 events):
Event: 0.794 {heap Before GC invocations=0 (full 0):
 garbage-first heap   total reserved 4098048K, committed 260096K, used 48275K [0x0000000705e00000, 0x0000000800000000)
  region size 2048K, 24 young (49152K), 0 survivors (0K)
}
Event: 0.798 {heap After GC invocations=1 (full 0):
 garbage-first heap   total reserved 4098048K, committed 260096K, used 9971K [0x0000000705e00000, 0x0000000800000000)
  region size 2048K, 3 young (6144K), 3 survivors (6144K)
}

Metaspace Usage History (2 events):
Event: 0.794 {metaspace Before GC invocations=0 (full 0):
 Metaspace       used 12031K, committed 12288K, reserved 1114112K
  class space    used 1491K, committed 1600K, reserved 1048576K
}
Event: 0.798 {metaspace After GC invocations=1 (full 0):
 Metaspace       used 12031K, committed 12288K, reserved 1114112K
  class space    used 1491K, committed 1600K, reserved 1048576K
}

Dll operation events (9 events):
Event: 0.010 Loaded shared library C:\Users\sneha\.jdks\openjdk-25.0.2\bin\java.dll
Event: 0.132 Loaded shared library C:\Users\sneha\.jdks\openjdk-25.0.2\bin\zip.dll
Event: 0.134 Loaded shared library C:\Users\sneha\.jdks\openjdk-25.0.2\bin\instrument.dll
Event: 0.137 Loaded shared library C:\Users\sneha\.jdks\openjdk-25.0.2\bin\net.dll
Event: 0.139 Loaded shared library C:\Users\sneha\.jdks\openjdk-25.0.2\bin\nio.dll
Event: 0.141 Loaded shared library C:\Users\sneha\.jdks\openjdk-25.0.2\bin\zip.dll
Event: 0.235 Loaded shared library C:\Users\sneha\.jdks\openjdk-25.0.2\bin\extnet.dll
Event: 0.248 Loaded shared library C:\Users\sneha\.jdks\openjdk-25.0.2\bin\jimage.dll
Event: 0.924 Loaded shared library C:\Users\sneha\.jdks\openjdk-25.0.2\bin\sunmscapi.dll

Deoptimization events (20 events):
Event: 1.070 Thread 0x0000017ef8aecd40 DEOPT PACKING pc=0x0000017e904251e4 sp=0x00000005c7afe120
Event: 1.070 Thread 0x0000017ef8aecd40 DEOPT UNPACKING pc=0x0000017e8fd41702 sp=0x00000005c7afe160 mode 2
Event: 1.114 Thread 0x0000017ef8aecd40 DEOPT PACKING pc=0x0000017e88811156 sp=0x00000005c7afdf00
Event: 1.114 Thread 0x0000017ef8aecd40 DEOPT UNPACKING pc=0x0000017e8fc71702 sp=0x00000005c7afd400 mode 0
Event: 1.141 Thread 0x0000017ef8aecd40 Uncommon trap: trap_request=0xffffffd6 fr.pc=0x0000017e9044a570 relative=0x0000000000000970
Event: 1.141 Thread 0x0000017ef8aecd40 Uncommon trap: reason=array_check action=maybe_recompile pc=0x0000017e9044a570 method=jdk.internal.classfile.impl.ClassReaderImpl.entryByIndex(ILjava/lang/Class;)Ljava/lang/classfile/constantpool/PoolEntry; @ 801 c2
Event: 1.141 Thread 0x0000017ef8aecd40 DEOPT PACKING pc=0x0000017e9044a570 sp=0x00000005c7afdd70
Event: 1.142 Thread 0x0000017ef8aecd40 DEOPT UNPACKING pc=0x0000017e8fd41702 sp=0x00000005c7afdd18 mode 2
Event: 1.142 Thread 0x0000017ef8aecd40 Uncommon trap: trap_request=0xffffffd6 fr.pc=0x0000017e9044a570 relative=0x0000000000000970
Event: 1.142 Thread 0x0000017ef8aecd40 Uncommon trap: reason=array_check action=maybe_recompile pc=0x0000017e9044a570 method=jdk.internal.classfile.impl.ClassReaderImpl.entryByIndex(ILjava/lang/Class;)Ljava/lang/classfile/constantpool/PoolEntry; @ 801 c2
Event: 1.142 Thread 0x0000017ef8aecd40 DEOPT PACKING pc=0x0000017e9044a570 sp=0x00000005c7afddf0
Event: 1.142 Thread 0x0000017ef8aecd40 DEOPT UNPACKING pc=0x0000017e8fd41702 sp=0x00000005c7afdd98 mode 2
Event: 1.142 Thread 0x0000017ef8aecd40 Uncommon trap: trap_request=0xffffffd6 fr.pc=0x0000017e9044a570 relative=0x0000000000000970
Event: 1.142 Thread 0x0000017ef8aecd40 Uncommon trap: reason=array_check action=maybe_recompile pc=0x0000017e9044a570 method=jdk.internal.classfile.impl.ClassReaderImpl.entryByIndex(ILjava/lang/Class;)Ljava/lang/classfile/constantpool/PoolEntry; @ 801 c2
Event: 1.142 Thread 0x0000017ef8aecd40 DEOPT PACKING pc=0x0000017e9044a570 sp=0x00000005c7afdad0
Event: 1.142 Thread 0x0000017ef8aecd40 DEOPT UNPACKING pc=0x0000017e8fd41702 sp=0x00000005c7afda78 mode 2
Event: 1.142 Thread 0x0000017ef8aecd40 Uncommon trap: trap_request=0xffffffd6 fr.pc=0x0000017e9044a570 relative=0x0000000000000970
Event: 1.142 Thread 0x0000017ef8aecd40 Uncommon trap: reason=array_check action=maybe_recompile pc=0x0000017e9044a570 method=jdk.internal.classfile.impl.ClassReaderImpl.entryByIndex(ILjava/lang/Class;)Ljava/lang/classfile/constantpool/PoolEntry; @ 801 c2
Event: 1.142 Thread 0x0000017ef8aecd40 DEOPT PACKING pc=0x0000017e9044a570 sp=0x00000005c7afdb50
Event: 1.142 Thread 0x0000017ef8aecd40 DEOPT UNPACKING pc=0x0000017e8fd41702 sp=0x00000005c7afdaf8 mode 2

Classes loaded (20 events):
Event: 1.031 Loading class jdk/internal/classfile/impl/BoundAttribute$BoundNestHostAttribute
Event: 1.031 Loading class jdk/internal/classfile/impl/BoundAttribute$BoundNestHostAttribute done
Event: 1.048 Loading class jdk/internal/classfile/impl/BoundAttribute$BoundExceptionsAttribute
Event: 1.048 Loading class jdk/internal/classfile/impl/BoundAttribute$BoundExceptionsAttribute done
Event: 1.055 Loading class jdk/internal/classfile/impl/AbstractAttributeMapper$RuntimeInvisibleAnnotationsMapper
Event: 1.055 Loading class jdk/internal/classfile/impl/AbstractAttributeMapper$RuntimeInvisibleAnnotationsMapper done
Event: 1.055 Loading class jdk/internal/classfile/impl/BoundAttribute$BoundRuntimeInvisibleAnnotationsAttribute
Event: 1.055 Loading class java/lang/classfile/attribute/RuntimeInvisibleAnnotationsAttribute
Event: 1.055 Loading class java/lang/classfile/attribute/RuntimeInvisibleAnnotationsAttribute done
Event: 1.055 Loading class jdk/internal/classfile/impl/BoundAttribute$BoundRuntimeInvisibleAnnotationsAttribute done
Event: 1.059 Loading class java/util/stream/Streams$ConcatSpliterator$OfRef
Event: 1.059 Loading class java/util/stream/Streams$ConcatSpliterator
Event: 1.060 Loading class java/util/stream/Streams$ConcatSpliterator done
Event: 1.060 Loading class java/util/stream/Streams$ConcatSpliterator$OfRef done
Event: 1.060 Loading class java/util/stream/Streams$2
Event: 1.060 Loading class java/util/stream/Streams$2 done
Event: 1.137 Loading class java/security/AccessControlException
Event: 1.137 Loading class java/security/AccessControlException done
Event: 1.139 Loading class java/beans/PropertyVetoException
Event: 1.139 Loading class java/beans/PropertyVetoException done

Classes unloaded (0 events):
No events

Classes redefined (0 events):
No events

Internal exceptions (20 events):
Event: 0.650 Thread 0x0000017ef8aecd40 Exception <a 'java/lang/NoSuchMethodError'{0x000000071384d320}: 'java.lang.Object java.lang.invoke.DirectMethodHandle$Holder.newInvokeSpecial(java.lang.Object, int, java.lang.Object)'> (0x000000071384d320) 
thrown [s\open\src\hotspot\share\interpreter\linkResolver.cpp, line 804]
Event: 0.650 Thread 0x0000017ef8aecd40 Exception <a 'java/lang/NoSuchMethodError'{0x0000000713856910}: 'int java.lang.invoke.DirectMethodHandle$Holder.invokeSpecialIFC(java.lang.Object, java.lang.Object, java.lang.Object, java.lang.Object)'> (0x0000000713856910) 
thrown [s\open\src\hotspot\share\interpreter\linkResolver.cpp, line 804]
Event: 0.663 Thread 0x0000017ef8aecd40 Exception <a 'java/lang/NoSuchMethodError'{0x0000000713937f50}: 'void java.lang.invoke.DirectMethodHandle$Holder.invokeInterface(java.lang.Object, java.lang.Object, java.lang.Object)'> (0x0000000713937f50) 
thrown [s\open\src\hotspot\share\interpreter\linkResolver.cpp, line 804]
Event: 0.675 Thread 0x0000017ef8aecd40 Exception <a 'java/lang/NoSuchMethodError'{0x00000007139c5dc0}: 'void java.lang.invoke.DirectMethodHandle$Holder.invokeStaticInit(java.lang.Object, java.lang.Object, java.lang.Object)'> (0x00000007139c5dc0) 
thrown [s\open\src\hotspot\share\interpreter\linkResolver.cpp, line 804]
Event: 0.678 Thread 0x0000017ef8aecd40 Exception <a 'java/lang/NoSuchMethodError'{0x000000071361b678}: 'java.lang.Object java.lang.invoke.DirectMethodHandle$Holder.invokeVirtual(java.lang.Object, java.lang.Object, java.lang.Object)'> (0x000000071361b678) 
thrown [s\open\src\hotspot\share\interpreter\linkResolver.cpp, line 804]
Event: 0.694 Thread 0x0000017ef8aecd40 Exception <a 'java/lang/NoSuchMethodError'{0x00000007136f9da0}: 'void java.lang.invoke.DirectMethodHandle$Holder.invokeVirtual(java.lang.Object, java.lang.Object, java.lang.Object, java.lang.Object)'> (0x00000007136f9da0) 
thrown [s\open\src\hotspot\share\interpreter\linkResolver.cpp, line 804]
Event: 0.738 Thread 0x0000017ef8aecd40 Exception <a 'java/lang/IncompatibleClassChangeError'{0x0000000713045ef0}: Found class java.lang.Object, but interface was expected> (0x0000000713045ef0) 
thrown [s\open\src\hotspot\share\interpreter\linkResolver.cpp, line 871]
Event: 0.764 Thread 0x0000017e9ed50830 Exception <a 'java/lang/NoSuchMethodError'{0x0000000712fd1dc8}: 'java.lang.Object java.lang.invoke.Invokers$Holder.linkToTargetMethod(java.lang.Object, int, java.lang.Object, java.lang.Object)'> (0x0000000712fd1dc8) 
thrown [s\open\src\hotspot\share\interpreter\linkResolver.cpp, line 804]
Event: 0.830 Thread 0x0000017ef8aecd40 Implicit null exception at 0x0000017e9037d51d to 0x0000017e9037d595
Event: 0.863 Thread 0x0000017e9ed50830 Exception <a 'java/lang/NoSuchMethodError'{0x0000000714e80ce0}: 'long java.lang.invoke.DirectMethodHandle$Holder.invokeSpecial(java.lang.Object, java.lang.Object)'> (0x0000000714e80ce0) 
thrown [s\open\src\hotspot\share\interpreter\linkResolver.cpp, line 804]
Event: 0.865 Thread 0x0000017e9ed50830 Exception <a 'java/lang/NoSuchMethodError'{0x0000000714e9eb90}: 'long java.lang.invoke.DirectMethodHandle$Holder.invokeStatic(java.lang.Object, java.lang.Object)'> (0x0000000714e9eb90) 
thrown [s\open\src\hotspot\share\interpreter\linkResolver.cpp, line 804]
Event: 0.865 Thread 0x0000017e9ed50830 Exception <a 'java/lang/NoSuchMethodError'{0x0000000714ea6938}: 'long java.lang.invoke.DirectMethodHandle$Holder.invokeStaticInit(java.lang.Object, java.lang.Object)'> (0x0000000714ea6938) 
thrown [s\open\src\hotspot\share\interpreter\linkResolver.cpp, line 804]
Event: 0.866 Thread 0x0000017e9ed50830 Exception <a 'java/lang/NoSuchMethodError'{0x0000000714ecbde0}: 'long java.lang.invoke.DirectMethodHandle$Holder.invokeInterface(java.lang.Object, java.lang.Object)'> (0x0000000714ecbde0) 
thrown [s\open\src\hotspot\share\interpreter\linkResolver.cpp, line 804]
Event: 0.866 Thread 0x0000017e9ed50830 Exception <a 'java/lang/IncompatibleClassChangeError'{0x0000000714ed3a98}: Found class java.lang.Object, but interface was expected> (0x0000000714ed3a98) 
thrown [s\open\src\hotspot\share\interpreter\linkResolver.cpp, line 871]
Event: 0.891 Thread 0x0000017e9ed50830 Exception <a 'java/lang/NoSuchMethodError'{0x0000000714b44c48}: 'java.lang.Object java.lang.invoke.DirectMethodHandle$Holder.newInvokeSpecial(java.lang.Object, java.lang.Object, java.lang.Object, int)'> (0x0000000714b44c48) 
thrown [s\open\src\hotspot\share\interpreter\linkResolver.cpp, line 804]
Event: 0.891 Thread 0x0000017e9ed50830 Exception <a 'java/lang/NoSuchMethodError'{0x0000000714b4d760}: 'java.lang.Object java.lang.invoke.Invokers$Holder.linkToTargetMethod(java.lang.Object, java.lang.Object, int, java.lang.Object)'> (0x0000000714b4d760) 
thrown [s\open\src\hotspot\share\interpreter\linkResolver.cpp, line 804]
Event: 0.904 Thread 0x0000017ef8aecd40 Exception <a 'java/lang/NoSuchMethodError'{0x000000071489d430}: 'int java.lang.invoke.DirectMethodHandle$Holder.invokeSpecial(java.lang.Object, java.lang.Object, java.lang.Object, java.lang.Object, java.lang.Object)'> (0x000000071489d430) 
thrown [s\open\src\hotspot\share\interpreter\linkResolver.cpp, line 804]
Event: 0.905 Thread 0x0000017ef8aecd40 Exception <a 'java/lang/NoSuchMethodError'{0x00000007148af268}: 'void java.lang.invoke.DirectMethodHandle$Holder.invokeVirtual(java.lang.Object, java.lang.Object)'> (0x00000007148af268) 
thrown [s\open\src\hotspot\share\interpreter\linkResolver.cpp, line 804]
Event: 0.936 Thread 0x0000017ef8aecd40 Exception <a 'java/lang/NoSuchMethodError'{0x0000000714416608}: 'java.lang.Object java.lang.invoke.DirectMethodHandle$Holder.invokeStatic(java.lang.Object, java.lang.Object, int)'> (0x0000000714416608) 
thrown [s\open\src\hotspot\share\interpreter\linkResolver.cpp, line 804]
Event: 0.999 Thread 0x0000017ef8aecd40 Exception <a 'java/lang/IncompatibleClassChangeError'{0x0000000713e444f0}: Found class java.lang.Object, but interface was expected> (0x0000000713e444f0) 
thrown [s\open\src\hotspot\share\interpreter\linkResolver.cpp, line 871]

VM Operations (20 events):
Event: 0.794 Executing safepoint VM operation: G1CollectForAllocation (G1 Evacuation Pause)
Event: 0.798 Executing safepoint VM operation: G1CollectForAllocation (G1 Evacuation Pause) done
Event: 0.869 Executing non-safepoint VM operation: HandshakeAllThreads (Deoptimize)
Event: 0.869 Executing non-safepoint VM operation: HandshakeAllThreads (Deoptimize) done
Event: 0.894 Executing non-safepoint VM operation: HandshakeAllThreads (Deoptimize)
Event: 0.894 Executing non-safepoint VM operation: HandshakeAllThreads (Deoptimize) done
Event: 0.907 Executing non-safepoint VM operation: HandshakeAllThreads (Deoptimize)
Event: 0.907 Executing non-safepoint VM operation: HandshakeAllThreads (Deoptimize) done
Event: 0.910 Executing non-safepoint VM operation: HandshakeAllThreads (Deoptimize)
Event: 0.910 Executing non-safepoint VM operation: HandshakeAllThreads (Deoptimize) done
Event: 0.912 Executing non-safepoint VM operation: HandshakeAllThreads (Deoptimize)
Event: 0.912 Executing non-safepoint VM operation: HandshakeAllThreads (Deoptimize) done
Event: 0.913 Executing non-safepoint VM operation: HandshakeAllThreads (Deoptimize)
Event: 0.913 Executing non-safepoint VM operation: HandshakeAllThreads (Deoptimize) done
Event: 0.919 Executing non-safepoint VM operation: HandshakeAllThreads (Deoptimize)
Event: 0.919 Executing non-safepoint VM operation: HandshakeAllThreads (Deoptimize) done
Event: 1.003 Executing non-safepoint VM operation: HandshakeAllThreads (Deoptimize)
Event: 1.003 Executing non-safepoint VM operation: HandshakeAllThreads (Deoptimize) done
Event: 1.125 Executing non-safepoint VM operation: HandshakeAllThreads (Deoptimize)
Event: 1.125 Executing non-safepoint VM operation: HandshakeAllThreads (Deoptimize) done

Memory protections (0 events):
No events

Nmethod flushes (0 events):
No events

Events (20 events):
Event: 0.031 Thread 0x0000017ef8aecd40 Thread added: 0x0000017efe6264c0
Event: 0.031 Thread 0x0000017ef8aecd40 Thread added: 0x0000017efe626dd0
Event: 0.031 Thread 0x0000017ef8aecd40 Thread added: 0x0000017efe627960
Event: 0.031 Thread 0x0000017ef8aecd40 Thread added: 0x0000017efe62a7f0
Event: 0.031 Thread 0x0000017ef8aecd40 Thread added: 0x0000017efe6293c0
Event: 0.031 Thread 0x0000017ef8aecd40 Thread added: 0x0000017efe62efd0
Event: 0.031 Thread 0x0000017ef8aecd40 Thread added: 0x0000017e998003c0
Event: 0.031 Thread 0x0000017ef8aecd40 Thread added: 0x0000017e99812270
Event: 0.114 Thread 0x0000017e99812270 Thread added: 0x0000017e998a90f0
Event: 0.127 Thread 0x0000017e998003c0 Thread added: 0x0000017e99966b10
Event: 0.136 Thread 0x0000017ef8aecd40 Thread added: 0x0000017e999f0ee0
Event: 0.225 Thread 0x0000017ef8aecd40 Thread added: 0x0000017e9e126e60
Event: 0.225 Thread 0x0000017ef8aecd40 Thread added: 0x0000017e9e127620
Event: 0.349 Thread 0x0000017e99966b10 Thread added: 0x0000017e9e6e8920
Event: 0.731 Thread 0x0000017ef8aecd40 Thread added: 0x0000017e9ed50830
Event: 0.781 Thread 0x0000017e998a90f0 Thread added: 0x0000017e9ee315a0
Event: 0.918 Thread 0x0000017e998a90f0 Thread added: 0x0000017e9f207420
Event: 0.957 Thread 0x0000017e9ed50830 Thread exited: 0x0000017e9ed50830
Event: 0.975 Thread 0x0000017ef8aecd40 Thread added: 0x0000017e9f203ed0
Event: 0.988 Thread 0x0000017e9f203ed0 Thread exited: 0x0000017e9f203ed0


Dynamic libraries:
0x00007ff6e0f50000 - 0x00007ff6e0f5e000 	C:\Users\sneha\.jdks\openjdk-25.0.2\bin\java.exe
0x00007ffb24980000 - 0x00007ffb24be7000 	C:\WINDOWS\SYSTEM32\ntdll.dll
0x00007ffb24400000 - 0x00007ffb244c9000 	C:\WINDOWS\System32\KERNEL32.DLL
0x00007ffb21aa0000 - 0x00007ffb21e94000 	C:\WINDOWS\System32\KERNELBASE.dll
0x00007ffb21310000 - 0x00007ffb2145b000 	C:\WINDOWS\System32\ucrtbase.dll
0x00007ffb0afc0000 - 0x00007ffb0afde000 	C:\Users\sneha\.jdks\openjdk-25.0.2\bin\VCRUNTIME140.dll
0x00007ffb095d0000 - 0x00007ffb095e7000 	C:\Users\sneha\.jdks\openjdk-25.0.2\bin\jli.dll
0x00007ffb23420000 - 0x00007ffb235e6000 	C:\WINDOWS\System32\USER32.dll
0x00007ffb215e0000 - 0x00007ffb21607000 	C:\WINDOWS\System32\win32u.dll
0x00007ffb09270000 - 0x00007ffb09503000 	C:\WINDOWS\WinSxS\amd64_microsoft.windows.common-controls_6595b64144ccf1df_6.0.26100.8079_none_3e0d0342e3304dd9\COMCTL32.dll
0x00007ffb243d0000 - 0x00007ffb243fb000 	C:\WINDOWS\System32\GDI32.dll
0x00007ffb22a90000 - 0x00007ffb22b39000 	C:\WINDOWS\System32\msvcrt.dll
0x00007ffb218c0000 - 0x00007ffb219ea000 	C:\WINDOWS\System32\gdi32full.dll
0x00007ffb21780000 - 0x00007ffb21823000 	C:\WINDOWS\System32\msvcp_win.dll
0x00007ffb22b90000 - 0x00007ffb22bc2000 	C:\WINDOWS\System32\IMM32.DLL
0x00007ffb182b0000 - 0x00007ffb182bc000 	C:\Users\sneha\.jdks\openjdk-25.0.2\bin\vcruntime140_1.dll
0x00007ffaed7c0000 - 0x00007ffaed84d000 	C:\Users\sneha\.jdks\openjdk-25.0.2\bin\msvcp140.dll
0x00007ffad3ca0000 - 0x00007ffad4aff000 	C:\Users\sneha\.jdks\openjdk-25.0.2\bin\server\jvm.dll
0x00007ffb246b0000 - 0x00007ffb2476d000 	C:\WINDOWS\System32\ADVAPI32.dll
0x00007ffb22be0000 - 0x00007ffb22c87000 	C:\WINDOWS\System32\sechost.dll
0x00007ffb22c90000 - 0x00007ffb22da8000 	C:\WINDOWS\System32\RPCRT4.dll
0x00007ffb247f0000 - 0x00007ffb24870000 	C:\WINDOWS\System32\WS2_32.dll
0x00007ffb16e10000 - 0x00007ffb16e1b000 	C:\WINDOWS\SYSTEM32\VERSION.dll
0x00007ffb147e0000 - 0x00007ffb14816000 	C:\WINDOWS\SYSTEM32\WINMM.dll
0x00007ffb210b0000 - 0x00007ffb2110e000 	C:\WINDOWS\SYSTEM32\POWRPROF.dll
0x00007ffb21090000 - 0x00007ffb210a4000 	C:\WINDOWS\SYSTEM32\UMPDC.dll
0x00007ffb1ffd0000 - 0x00007ffb1ffeb000 	C:\WINDOWS\SYSTEM32\kernel.appcore.dll
0x00007ffb14300000 - 0x00007ffb1430a000 	C:\Users\sneha\.jdks\openjdk-25.0.2\bin\jimage.dll
0x00007ffb1f100000 - 0x00007ffb1f342000 	C:\WINDOWS\SYSTEM32\DBGHELP.DLL
0x00007ffb23860000 - 0x00007ffb23be2000 	C:\WINDOWS\System32\combase.dll
0x00007ffb235f0000 - 0x00007ffb236c7000 	C:\WINDOWS\System32\OLEAUT32.dll
0x00007ffb09630000 - 0x00007ffb0966b000 	C:\WINDOWS\SYSTEM32\dbgcore.DLL
0x00007ffb219f0000 - 0x00007ffb21a95000 	C:\WINDOWS\System32\bcryptPrimitives.dll
0x00007ffb0acf0000 - 0x00007ffb0ad00000 	C:\Users\sneha\.jdks\openjdk-25.0.2\bin\instrument.dll
0x00007ffb032c0000 - 0x00007ffb032df000 	C:\Users\sneha\.jdks\openjdk-25.0.2\bin\java.dll
0x00007ffb22710000 - 0x00007ffb228a6000 	C:\WINDOWS\System32\ole32.dll
0x00007ffb23bf0000 - 0x00007ffb24358000 	C:\WINDOWS\System32\SHELL32.dll
0x00007ffb21610000 - 0x00007ffb2177a000 	C:\WINDOWS\System32\wintypes.dll
0x00007ffb21ea0000 - 0x00007ffb22706000 	C:\WINDOWS\System32\windows.storage.dll
0x00007ffb23320000 - 0x00007ffb23419000 	C:\WINDOWS\System32\SHCORE.dll
0x00007ffb24630000 - 0x00007ffb24696000 	C:\WINDOWS\System32\shlwapi.dll
0x00007ffb21170000 - 0x00007ffb21199000 	C:\WINDOWS\SYSTEM32\profapi.dll
0x00007ffafc260000 - 0x00007ffafc277000 	C:\Users\sneha\.jdks\openjdk-25.0.2\bin\zip.dll
0x00007ffafa160000 - 0x00007ffafa172000 	C:\Users\sneha\.jdks\openjdk-25.0.2\bin\net.dll
0x00007ffb20540000 - 0x00007ffb205ac000 	C:\WINDOWS\system32\mswsock.dll
0x00007ffafa140000 - 0x00007ffafa156000 	C:\Users\sneha\.jdks\openjdk-25.0.2\bin\nio.dll
0x00007ffb09510000 - 0x00007ffb09519000 	C:\Users\sneha\.jdks\openjdk-25.0.2\bin\extnet.dll
0x00007ffb08080000 - 0x00007ffb0808e000 	C:\Users\sneha\.jdks\openjdk-25.0.2\bin\sunmscapi.dll
0x00007ffb21460000 - 0x00007ffb215d7000 	C:\WINDOWS\System32\CRYPT32.dll
0x00007ffb20a40000 - 0x00007ffb20a70000 	C:\WINDOWS\SYSTEM32\ncrypt.dll
0x00007ffb209f0000 - 0x00007ffb20a2f000 	C:\WINDOWS\SYSTEM32\NTASN1.dll

JVMTI agents:
C:\Program Files\JetBrains\IntelliJ IDEA Community Edition 2025.2.3\lib\idea_rt.jar path:C:\Users\sneha\.jdks\openjdk-25.0.2\bin\instrument.dll, loaded, initialized, instrumentlib options:57234

dbghelp: loaded successfully - version: 4.0.5 - missing functions: none
symbol engine: initialized successfully - sym options: 0x614 - pdb path: .;C:\Users\sneha\.jdks\openjdk-25.0.2\bin;C:\WINDOWS\SYSTEM32;C:\WINDOWS\WinSxS\amd64_microsoft.windows.common-controls_6595b64144ccf1df_6.0.26100.8079_none_3e0d0342e3304dd9;C:\Users\sneha\.jdks\openjdk-25.0.2\bin\server

VM Arguments:
jvm_args: -javaagent:C:\Program Files\JetBrains\IntelliJ IDEA Community Edition 2025.2.3\lib\idea_rt.jar=57234 -Dfile.encoding=UTF-8 -Dsun.stdout.encoding=UTF-8 -Dsun.stderr.encoding=UTF-8 
java_command: satyendra_job.portal.demo.DemoApplication
java_class_path (initial): C:\Users\sneha\Downloads\stayendra_job_portal\demo\target\classes;C:\Users\sneha\.m2\repository\org\springframework\boot\spring-boot-starter-web\4.0.5\spring-boot-starter-web-4.0.5.jar;C:\Users\sneha\.m2\repository\org\springframework\boot\spring-boot-starter-jackson\4.0.5\spring-boot-starter-jackson-4.0.5.jar;C:\Users\sneha\.m2\repository\org\springframework\boot\spring-boot-jackson\4.0.5\spring-boot-jackson-4.0.5.jar;C:\Users\sneha\.m2\repository\tools\jackson\core\jackson-databind\3.1.0\jackson-databind-3.1.0.jar;C:\Users\sneha\.m2\repository\com\fasterxml\jackson\core\jackson-annotations\2.21\jackson-annotations-2.21.jar;C:\Users\sneha\.m2\repository\tools\jackson\core\jackson-core\3.1.0\jackson-core-3.1.0.jar;C:\Users\sneha\.m2\repository\org\springframework\boot\spring-boot-starter-tomcat\4.0.5\spring-boot-starter-tomcat-4.0.5.jar;C:\Users\sneha\.m2\repository\org\springframework\boot\spring-boot-starter-tomcat-runtime\4.0.5\spring-boot-starter-tomcat-runtime-4.0.5.jar;C:\Users\sneha\.m2\repository\org\springframework\boot\spring-boot-web-server\4.0.5\spring-boot-web-server-4.0.5.jar;C:\Users\sneha\.m2\repository\org\apache\tomcat\embed\tomcat-embed-core\11.0.20\tomcat-embed-core-11.0.20.jar;C:\Users\sneha\.m2\repository\org\apache\tomcat\embed\tomcat-embed-el\11.0.20\tomcat-embed-el-11.0.20.jar;C:\Users\sneha\.m2\repository\org\apache\tomcat\embed\tomcat-embed-websocket\11.0.20\tomcat-embed-websocket-11.0.20.jar;C:\Users\sneha\.m2\repository\org\springframework\boot\spring-boot-tomcat\4.0.5\spring-boot-tomcat-4.0.5.jar;C:\Users\sneha\.m2\repository\org\springframework\boot\spring-boot-http-converter\4.0.5\spring-boot-http-converter-4.0.5.jar;C:\Users\sneha\.m2\repository\org\springframework\boot\spring-boot\4.0.5\spring-boot-4.0.5.jar;C:\Users\sneha\.m2\repository\org\springframework\spring-context\7.0.6\spring-context-7.0.6.jar;C:\Users\sneha\.m2\repository\org\springframework\spring-web\7.0.6\spring-web-7.0.6.jar;C:\Users\sneha\.m2\repository\org\springframework\spring-beans\7.0.6\spring-beans-7.0.6.jar;C:\Users\sneha\.m2\repository\io\micrometer\micrometer-observation\1.16.4\micrometer-observation-1.16.4.jar;C:\Users\sneha\.m2\repository\io\micrometer\micrometer-commons\1.16.4\micrometer-commons-1.16.4.jar;C:\Users\sneha\.m2\repository\org\springframework\boot\spring-boot-webmvc\4.0.5\spring-boot-webmvc-4.0.5.jar;C:\Users\sneha\.m2\repository\org\springframework\boot\spring-boot-servlet\4.0.5\spring-boot-servlet-4.0.5.jar;C:\Users\sneha\.m2\repository\org\springframework\spring-webmvc\7.0.6\spring-webmvc-7.0.6.jar;C:\Users\sneha\.m2\repository\org\springframework\spring-aop\7.0.6\spring-aop-7.0.6.jar;C:\Users\sneha\.m2\repository\org\springframework\spring-expression\7.0.6\spring-expression-7.0.6.jar;C:\Users\sneha\.m2\repository\org\springframework\boot\spring-boot-starter-data-jpa\4.0.5\spring-boot-starter-data-jpa-4.0.5.jar;C:\Users\sneha\.m2\repository\org\springframework\boot\spring-boot-starter\4.0.5\spring-boot-starter-4.0.5.jar;C:\Users\sneha\.m2\repository\org\springframework\boot\spring-boot-starter-logging\4.0.5\spring-boot-starter-logging-4.0.5.jar;C:\Users\sneha\.m2\repository\ch\qos\logback\logback-classic\1.5.32\logback-classic-1.5.32.jar;C:\Users\sneha\.m2\repository\ch\qos\logback\logback-core\1.5.32\logback-core-1.5.32.jar;C:\Users\sneha\.m2\repository\org\apache\logging\log4j\log4j-to-slf4j\2.25.3\log4j-to-slf4j-2.25.3.jar;C:\Users\sneha\.m2\repository\org\apache\logging\log4j\log4j-api\2.25.3\log4j-api-2.25.3.jar;C:\Users\sneha\.m2\repository\org\slf4j\jul-to-slf4j\2.0.17\jul-to-slf4j-2.0.17.jar;C:\Users\sneha\.m2\repository\org\springframework\boot\spring-boot-autoconfigure\4.0.5\spring-boot-autoconfigure-4.0.5.jar;C:\Users\sneha\.m2\repository\jakarta\annotation\jakarta.annotation-api\3.0.0\jakarta.annotation-api-3.0.0.jar;C:\Users\sneha\.m2\repository\org\yaml\snakeyaml\2.5\snakeyaml-2.5.jar;C:\Users\sneha\.m2\repository\org\springframework\boot\spring-boot-starter-jdbc\4.0.5\spring-boot-starter-jdbc-4.0.5.jar;C:\Users\sneha\.m2\repository\com\zaxxer\HikariCP\7.0.2\HikariCP-7.0.2.jar;C:\Users\sneha\.m2\repository\org\springframework\boot\spring-boot-data-jpa\4.0.5\spring-boot-data-jpa-4.0.5.jar;C:\Users\sneha\.m2\repository\org\springframework\boot\spring-boot-data-commons\4.0.5\spring-boot-data-commons-4.0.5.jar;C:\Users\sneha\.m2\repository\org\springframework\boot\spring-boot-persistence\4.0.5\spring-boot-persistence-4.0.5.jar;C:\Users\sneha\.m2\repository\org\springframework\data\spring-data-commons\4.0.4\spring-data-commons-4.0.4.jar;C:\Users\sneha\.m2\repository\org\springframework\boot\spring-boot-hibernate\4.0.5\spring-boot-hibernate-4.0.5.jar;C:\Users\sneha\.m2\repository\org\springframework\boot\spring-boot-jpa\4.0.5\spring-boot-jpa-4.0.5.jar;C:\Users\sneha\.m2\repository\jakarta\persistence\jakarta.persistence-api\3.2.0\jakarta.persistence-api-3.2.0.jar;C:\Users\sneha\.m2\repository\org\hibernate\orm\hibernate-core\7.2.7.Final\hibernate-core-7.2.7.Final.jar;C:\Users\sneha\.m2\repository\jakarta\transaction\jakarta.transaction-api\2.0.1\jakarta.transaction-api-2.0.1.jar;C:\Users\sneha\.m2\repository\org\jboss\logging\jboss-logging\3.6.3.Final\jboss-logging-3.6.3.Final.jar;C:\Users\sneha\.m2\repository\org\hibernate\models\hibernate-models\1.0.1\hibernate-models-1.0.1.jar;C:\Users\sneha\.m2\repository\com\fasterxml\classmate\1.7.3\classmate-1.7.3.jar;C:\Users\sneha\.m2\repository\org\glassfish\jaxb\jaxb-runtime\4.0.6\jaxb-runtime-4.0.6.jar;C:\Users\sneha\.m2\repository\org\glassfish\jaxb\jaxb-core\4.0.6\jaxb-core-4.0.6.jar;C:\Users\sneha\.m2\repository\org\eclipse\angus\angus-activation\2.0.3\angus-activation-2.0.3.jar;C:\Users\sneha\.m2\repository\org\glassfish\jaxb\txw2\4.0.6\txw2-4.0.6.jar;C:\Users\sneha\.m2\repository\com\sun\istack\istack-commons-runtime\4.1.2\istack-commons-runtime-4.1.2.jar;C:\Users\sneha\.m2\repository\jakarta\inject\jakarta.inject-api\2.0.1\jakarta.inject-api-2.0.1.jar;C:\Users\sneha\.m2\repository\org\springframework\spring-orm\7.0.6\spring-orm-7.0.6.jar;C:\Users\sneha\.m2\repository\org\springframework\data\spring-data-jpa\4.0.4\spring-data-jpa-4.0.4.jar;C:\Users\sneha\.m2\repository\org\springframework\spring-tx\7.0.6\spring-tx-7.0.6.jar;C:\Users\sneha\.m2\repository\org\antlr\antlr4-runtime\4.13.2\antlr4-runtime-4.13.2.jar;C:\Users\sneha\.m2\repository\org\springframework\spring-aspects\7.0.6\spring-aspects-7.0.6.jar;C:\Users\sneha\.m2\repository\org\aspectj\aspectjweaver\1.9.25.1\aspectjweaver-1.9.25.1.jar;C:\Users\sneha\.m2\repository\org\springframework\boot\spring-boot-jdbc\4.0.5\spring-boot-jdbc-4.0.5.jar;C:\Users\sneha\.m2\repository\org\springframework\boot\spring-boot-sql\4.0.5\spring-boot-sql-4.0.5.jar;C:\Users\sneha\.m2\repository\org\springframework\boot\spring-boot-transaction\4.0.5\spring-boot-transaction-4.0.5.jar;C:\Users\sneha\.m2\repository\org\springframework\spring-jdbc\7.0.6\spring-jdbc-7.0.6.jar;C:\Users\sneha\.m2\repository\org\postgresql\postgresql\42.7.10\postgresql-42.7.10.jar;C:\Users\sneha\.m2\repository\org\checkerframework\checker-qual\3.52.0\checker-qual-3.52.0.jar;C:\Users\sneha\.m2\repository\org\slf4j\slf4j-api\2.0.17\slf4j-api-2.0.17.jar;C:\Users\sneha\.m2\repository\jakarta\xml\bind\jakarta.xml.bind-api\4.0.4\jakarta.xml.bind-api-4.0.4.jar;C:\Users\sneha\.m2\repository\jakarta\activation\jakarta.activation-api\2.1.4\jakarta.activation-api-2.1.4.jar;C:\Users\sneha\.m2\repository\net\bytebuddy\byte-buddy\1.17.8\byte-buddy-1.17.8.jar;C:\Users\sneha\.m2\repository\org\springframework\spring-core\7.0.6\spring-core-7.0.6.jar;C:\Users\sneha\.m2\repository\commons-logging\commons-logging\1.3.6\commons-logging-1.3.6.jar;C:\Users\sneha\.m2\repository\org\jspecify\jspecify\1.0.0\jspecify-1.0.0.jar
Launcher Type: SUN_STANDARD

[Global flags]
     intx CICompilerCount                          = 12                                        {product} {ergonomic}
     uint ConcGCThreads                            = 3                                         {product} {ergonomic}
     uint G1ConcRefinementThreads                  = 13                                        {product} {ergonomic}
   size_t G1HeapRegionSize                         = 2097152                                   {product} {ergonomic}
   size_t InitialHeapSize                          = 264241152                                 {product} {ergonomic}
   size_t MarkStackSize                            = 4194304                                   {product} {ergonomic}
   size_t MarkStackSizeMax                         = 536870912                                 {product} {ergonomic}
   size_t MaxHeapSize                              = 4196401152                                {product} {ergonomic}
   size_t MaxNewSize                               = 2516582400                                {product} {ergonomic}
   size_t MinHeapDeltaBytes                        = 2097152                                   {product} {ergonomic}
   size_t MinHeapSize                              = 8388608                                   {product} {ergonomic}
    uintx NonNMethodCodeHeapSize                   = 7602176                                {pd product} {ergonomic}
    uintx NonProfiledCodeHeapSize                  = 122093568                              {pd product} {ergonomic}
    uintx ProfiledCodeHeapSize                     = 121962496                              {pd product} {ergonomic}
    uintx ReservedCodeCacheSize                    = 251658240                              {pd product} {ergonomic}
     bool SegmentedCodeCache                       = true                                      {product} {ergonomic}
   size_t SoftMaxHeapSize                          = 4196401152                             {manageable} {ergonomic}
     bool UseCompressedOops                        = true                           {product lp64_product} {ergonomic}
     bool UseG1GC                                  = true                                      {product} {ergonomic}
     bool UseLargePagesIndividualAllocation        = false                                  {pd product} {ergonomic}

Logging:
Log output configuration:
 #0: stdout all=warning uptime,level,tags foldmultilines=false
 #1: stderr all=off uptime,level,tags foldmultilines=false

Release file:
IMPLEMENTOR="Oracle Corporation" 
JAVA_RUNTIME_VERSION="25.0.2+10-69" 
JAVA_VERSION="25.0.2" 
JAVA_VERSION_DATE="2026-01-20" 
LIBC="default" 
MODULES="java.base java.compiler java.datatransfer java.xml java.prefs java.desktop java.instrument java.logging java.management java.security.sasl java.naming java.rmi java.management.rmi java.net.http java.scripting java.security.jgss java.transaction.xa java.sql java.sql.rowset java.xml.crypto java.se java.smartcardio jdk.accessibility jdk.internal.jvmstat jdk.attach jdk.charsets jdk.internal.opt jdk.zipfs jdk.compiler jdk.crypto.cryptoki jdk.crypto.ec jdk.crypto.mscapi jdk.dynalink jdk.internal.ed jdk.editpad jdk.internal.vm.ci jdk.graal.compiler jdk.graal.compiler.management jdk.hotspot.agent jdk.httpserver jdk.incubator.vector jdk.internal.le jdk.internal.md jdk.jartool jdk.javadoc jdk.jcmd jdk.management jdk.management.agent jdk.jconsole jdk.jdeps jdk.jdwp.agent jdk.jdi jdk.jfr jdk.jlink jdk.jpackage jdk.jshell jdk.jsobject jdk.jstatd jdk.localedata jdk.management.jfr jdk.naming.dns jdk.naming.rmi jdk.net jdk.nio.mapmode jdk.sctp jdk.security.auth jdk.security.jgss jdk.unsupported jdk.unsupported.desktop jdk.xml.dom" 
OS_ARCH="x86_64" 
OS_NAME="Windows" 
SOURCE=".:git:405a5699ebd0" 

Environment Variables:
JAVA_HOME=C:\Program Files\Java\jdk-17
PATH=C:\Program Files\Java\jdk-17\bin;C:\WINDOWS\System32;C:\WINDOWS;C:\WINDOWS\System32\Wbem;C:\WINDOWS\System32\WindowsPowerShell\v1.0\;C:\WINDOWS\System32\OpenSSH\;C:\Program Files\dotnet\;C:\Program Files\Git\cmd;C:\maven\bin;;C:\WINDOWS\system32;C:\Program Files\nodejs\;C:\ProgramData\chocolatey\bin;C:\Users\sneha\AppData\Local\Programs\Python\Python313\Scripts\;C:\Users\sneha\AppData\Local\Programs\Python\Python313\;C:\Users\sneha\AppData\Local\Microsoft\WindowsApps;C:\Users\sneha\AppData\Local\Muse Hub\lib;C:\Users\sneha\AppData\Local\Programs\Microsoft VS Code\bin;C:\Mongosh\;C:\Users\sneha\AppData\Roaming\npm
USERNAME=sneha
OS=Windows_NT
PROCESSOR_IDENTIFIER=Intel64 Family 6 Model 154 Stepping 3, GenuineIntel
TMP=C:\Users\sneha\AppData\Local\Temp
TEMP=C:\Users\sneha\AppData\Local\Temp




Compilation memory statistics disabled.

Periodic native trim disabled

---------------  S Y S T E M  ---------------

OS:
 Windows 11 , 64 bit Build 26100 (10.0.26100.8079)
OS uptime: 0 days 4:08 hours
Hyper-V role detected

CPU: total 16 (initial active 16) (8 cores per cpu, 2 threads per core) family 6 model 154 stepping 3 microcode 0x42c, cx8, cmov, fxsr, ht, mmx, 3dnowpref, sse, sse2, sse3, ssse3, sse4.1, sse4.2, popcnt, lzcnt, tsc, tscinvbit, avx, avx2, aes, erms, clmul, bmi1, bmi2, adx, sha, fma, vzeroupper, clflush, clflushopt, clwb, hv, serialize, rdtscp, rdpid, fsrm, gfni, f16c, cet_ibt, cet_ss
Processor Information for processor 0
  Max Mhz: 2500, Current Mhz: 2500, Mhz Limit: 2500
Processor Information for processor 1
  Max Mhz: 2500, Current Mhz: 2500, Mhz Limit: 2500
Processor Information for processor 2
  Max Mhz: 2500, Current Mhz: 2500, Mhz Limit: 2500
Processor Information for processor 3
  Max Mhz: 2500, Current Mhz: 1532, Mhz Limit: 2500
Processor Information for processor 4
  Max Mhz: 2500, Current Mhz: 2500, Mhz Limit: 2500
Processor Information for processor 5
  Max Mhz: 2500, Current Mhz: 2500, Mhz Limit: 2500
Processor Information for processor 6
  Max Mhz: 2500, Current Mhz: 2500, Mhz Limit: 2500
Processor Information for processor 7
  Max Mhz: 2500, Current Mhz: 1532, Mhz Limit: 2500
Processor Information for processor 8
  Max Mhz: 2500, Current Mhz: 1800, Mhz Limit: 1800
Processor Information for processor 9
  Max Mhz: 2500, Current Mhz: 1800, Mhz Limit: 1800
Processor Information for processor 10
  Max Mhz: 2500, Current Mhz: 1800, Mhz Limit: 1800
Processor Information for processor 11
  Max Mhz: 2500, Current Mhz: 1800, Mhz Limit: 1800
Processor Information for processor 12
  Max Mhz: 2500, Current Mhz: 1800, Mhz Limit: 1800
Processor Information for processor 13
  Max Mhz: 2500, Current Mhz: 1500, Mhz Limit: 1800
Processor Information for processor 14
  Max Mhz: 2500, Current Mhz: 1800, Mhz Limit: 1800
Processor Information for processor 15
  Max Mhz: 2500, Current Mhz: 1500, Mhz Limit: 1800

Memory: 4k page, system-wide physical 16004M (3806M free)
TotalPageFile size 16004M (AvailPageFile size 96M)
current process WorkingSet (physical memory assigned to process): 163M, peak: 165M
current process commit charge ("private bytes"): 412M, peak: 429M

vm_info: OpenJDK 64-Bit Server VM (25.0.2+10-69) for windows-amd64 JRE (25.0.2+10-69), built on 2025-12-18T11:36:35Z with MS VC++ 17.13 (VS2022)

END.
