#
# There is insufficient memory for the Java Runtime Environment to continue.
# Native memory allocation (malloc) failed to allocate 1547640 bytes. Error detail: Chunk::new
# Possible reasons:
#   The system is out of physical RAM or swap space
#   This process is running with CompressedOops enabled, and the Java Heap may be blocking the growth of the native heap
# Possible solutions:
#   Reduce memory load on the system
#   Increase physical memory or swap space
#   Check if swap backing store is full
#   Decrease Java heap size (-Xmx/-Xms)
#   Decrease number of Java threads
#   Decrease Java thread stack sizes (-Xss)
#   Set larger code cache with -XX:ReservedCodeCacheSize=
#   JVM is running with Zero Based Compressed Oops mode in which the Java heap is
#     placed in the first 32GB address space. The Java Heap base address is the
#     maximum limit for the native heap growth. Please use -XX:HeapBaseMinAddress
#     to set the Java Heap base and to place the Java Heap above 32GB virtual address.
# This output file may be truncated or incomplete.
#
#  Out of Memory Error (arena.cpp:186), pid=1048, tid=23424
#
# JRE version: OpenJDK Runtime Environment (25.0.2+10) (build 25.0.2+10-69)
# Java VM: OpenJDK 64-Bit Server VM (25.0.2+10-69, mixed mode, sharing, tiered, compressed oops, compressed class ptrs, g1 gc, windows-amd64)
# No core dump will be written. Minidumps are not enabled by default on client versions of Windows
#

---------------  S U M M A R Y ------------

Command Line: -javaagent:C:\Program Files\JetBrains\IntelliJ IDEA Community Edition 2025.2.3\lib\idea_rt.jar=53256 -Dfile.encoding=UTF-8 -Dsun.stdout.encoding=UTF-8 -Dsun.stderr.encoding=UTF-8 satyendra_job.portal.demo.DemoApplication

Host: 12th Gen Intel(R) Core(TM) i5-12500H, 16 cores, 15G,  Windows 11 , 64 bit Build 26100 (10.0.26100.8079)
Time: Tue Mar 31 23:25:46 2026 India Standard Time elapsed time: 1885.163551 seconds (0d 0h 31m 25s)

---------------  T H R E A D  ---------------

Current thread (0x000001f2fecac780):  JavaThread "C2 CompilerThread0" daemon [_thread_in_native, id=23424, stack(0x00000046b4000000,0x00000046b4100000) (1024K)]


Current CompileTask:
C2:1885163 6265       4       jdk.internal.classfile.impl.UnboundAttribute$AdHocAttribute::writeTo (49 bytes)

Stack: [0x00000046b4000000,0x00000046b4100000]
Native frames: (J=compiled Java code, j=interpreted, Vv=VM code, C=native code)
V  [jvm.dll+0x7a70f9]  (no source info available)
V  [jvm.dll+0x772d6d]  (no source info available)
V  [jvm.dll+0x965d53]  (no source info available)
V  [jvm.dll+0x968351]  (no source info available)
V  [jvm.dll+0x968a63]  (no source info available)
V  [jvm.dll+0x2fc846]  (no source info available)
V  [jvm.dll+0x111b16]  (no source info available)
V  [jvm.dll+0x111e3e]  (no source info available)
V  [jvm.dll+0x45276d]  (no source info available)
V  [jvm.dll+0x421aa2]  (no source info available)
V  [jvm.dll+0x420eba]  (no source info available)
V  [jvm.dll+0x2c0979]  (no source info available)
V  [jvm.dll+0x2bfb5f]  (no source info available)
V  [jvm.dll+0x2379a0]  (no source info available)
V  [jvm.dll+0x2cfc86]  (no source info available)
V  [jvm.dll+0x2cdf05]  (no source info available)
V  [jvm.dll+0x48e9d1]  (no source info available)
V  [jvm.dll+0x906fcd]  (no source info available)
V  [jvm.dll+0x7a56d5]  (no source info available)
C  [ucrtbase.dll+0x37b0]  (no source info available)
C  [KERNEL32.DLL+0x2e8d7]  (no source info available)
C  [ntdll.dll+0x8c3fc]  (no source info available)

Lock stack of current Java thread (top to bottom):


---------------  P R O C E S S  ---------------

Threads class SMR info:
_java_thread_list=0x000001f286e60720, length=29, elements={
0x000001f2fec952d0, 0x000001f2fec95a90, 0x000001f2fec9c090, 0x000001f2fec9cfa0,
0x000001f2fec9eb70, 0x000001f2fecab760, 0x000001f2fecac780, 0x000001f2fecc6ae0,
0x000001f2ff75dfd0, 0x000001f2ff878140, 0x000001f2861258e0, 0x000001f28b3a1540,
0x000001f28ae4f010, 0x000001f28797dc30, 0x000001f2ff968750, 0x000001f2ff6b2890,
0x000001f28810b650, 0x000001f28810ae80, 0x000001f28810a6b0, 0x000001f28810be20,
0x000001f286bff780, 0x000001f286c00720, 0x000001f2feca5140, 0x000001f2862a4e80,
0x000001f2862a5650, 0x000001f2862a6dc0, 0x000001f2862aa470, 0x000001f2862aac40,
0x000001f287c735f0
}

Java Threads: ( => current thread )
  0x000001f2fec952d0 JavaThread "Reference Handler"          daemon [_thread_blocked, id=17124, stack(0x00000046b3a00000,0x00000046b3b00000) (1024K)]
  0x000001f2fec95a90 JavaThread "Finalizer"                  daemon [_thread_blocked, id=8904, stack(0x00000046b3b00000,0x00000046b3c00000) (1024K)]
  0x000001f2fec9c090 JavaThread "Signal Dispatcher"          daemon [_thread_blocked, id=2120, stack(0x00000046b3c00000,0x00000046b3d00000) (1024K)]
  0x000001f2fec9cfa0 JavaThread "Attach Listener"            daemon [_thread_blocked, id=19912, stack(0x00000046b3d00000,0x00000046b3e00000) (1024K)]
  0x000001f2fec9eb70 JavaThread "Service Thread"             daemon [_thread_blocked, id=14444, stack(0x00000046b3e00000,0x00000046b3f00000) (1024K)]
  0x000001f2fecab760 JavaThread "Monitor Deflation Thread"   daemon [_thread_blocked, id=22764, stack(0x00000046b3f00000,0x00000046b4000000) (1024K)]
=>0x000001f2fecac780 JavaThread "C2 CompilerThread0"         daemon [_thread_in_native, id=23424, stack(0x00000046b4000000,0x00000046b4100000) (1024K)]
  0x000001f2fecc6ae0 JavaThread "C1 CompilerThread0"         daemon [_thread_blocked, id=11996, stack(0x00000046b4100000,0x00000046b4200000) (1024K)]
  0x000001f2ff75dfd0 JavaThread "Common-Cleaner"             daemon [_thread_blocked, id=19716, stack(0x00000046b4500000,0x00000046b4600000) (1024K)]
  0x000001f2ff878140 JavaThread "Monitor Ctrl-Break"         daemon [_thread_in_native, id=5588, stack(0x00000046b4600000,0x00000046b4700000) (1024K)]
  0x000001f2861258e0 JavaThread "Notification Thread"        daemon [_thread_blocked, id=7720, stack(0x00000046b4700000,0x00000046b4800000) (1024K)]
  0x000001f28b3a1540 JavaThread "Catalina-utility-1"                [_thread_blocked, id=10724, stack(0x00000046b5900000,0x00000046b5a00000) (1024K)]
  0x000001f28ae4f010 JavaThread "Catalina-utility-2"                [_thread_blocked, id=16080, stack(0x00000046b5a00000,0x00000046b5b00000) (1024K)]
  0x000001f28797dc30 JavaThread "container-0"                       [_thread_blocked, id=6032, stack(0x00000046b5b00000,0x00000046b5c00000) (1024K)]
  0x000001f2ff968750 JavaThread "Cleaner-0"                  daemon [_thread_blocked, id=23048, stack(0x00000046b4400000,0x00000046b4500000) (1024K)]
  0x000001f2ff6b2890 JavaThread "HikariPool-1:housekeeper"   daemon [_thread_blocked, id=19552, stack(0x00000046b4f00000,0x00000046b5000000) (1024K)]
  0x000001f28810b650 JavaThread "http-nio-8080-exec-1"       daemon [_thread_blocked, id=18664, stack(0x00000046b5f00000,0x00000046b6000000) (1024K)]
  0x000001f28810ae80 JavaThread "http-nio-8080-exec-2"       daemon [_thread_blocked, id=20488, stack(0x00000046b6000000,0x00000046b6100000) (1024K)]
  0x000001f28810a6b0 JavaThread "http-nio-8080-exec-3"       daemon [_thread_blocked, id=21848, stack(0x00000046b6100000,0x00000046b6200000) (1024K)]
  0x000001f28810be20 JavaThread "http-nio-8080-exec-4"       daemon [_thread_blocked, id=17148, stack(0x00000046b6200000,0x00000046b6300000) (1024K)]
  0x000001f286bff780 JavaThread "http-nio-8080-exec-5"       daemon [_thread_blocked, id=2676, stack(0x00000046b6300000,0x00000046b6400000) (1024K)]
  0x000001f286c00720 JavaThread "http-nio-8080-exec-6"       daemon [_thread_blocked, id=7116, stack(0x00000046b6400000,0x00000046b6500000) (1024K)]
  0x000001f2feca5140 JavaThread "http-nio-8080-exec-7"       daemon [_thread_blocked, id=6964, stack(0x00000046b6500000,0x00000046b6600000) (1024K)]
  0x000001f2862a4e80 JavaThread "http-nio-8080-exec-8"       daemon [_thread_blocked, id=20628, stack(0x00000046b6600000,0x00000046b6700000) (1024K)]
  0x000001f2862a5650 JavaThread "http-nio-8080-exec-9"       daemon [_thread_in_vm, id=20256, stack(0x00000046b6700000,0x00000046b6800000) (1024K)]
  0x000001f2862a6dc0 JavaThread "http-nio-8080-exec-10"      daemon [_thread_blocked, id=10920, stack(0x00000046b6800000,0x00000046b6900000) (1024K)]
  0x000001f2862aa470 JavaThread "http-nio-8080-Poller"       daemon [_thread_in_native, id=5796, stack(0x00000046b6900000,0x00000046b6a00000) (1024K)]
  0x000001f2862aac40 JavaThread "http-nio-8080-Acceptor"     daemon [_thread_in_native, id=5768, stack(0x00000046b6a00000,0x00000046b6b00000) (1024K)]
  0x000001f287c735f0 JavaThread "DestroyJavaVM"                     [_thread_blocked, id=14164, stack(0x00000046b3200000,0x00000046b3300000) (1024K)]
Total: 29

Other Threads:
  0x000001f2fec83bc0 VMThread "VM Thread"                           [id=12948, stack(0x00000046b3900000,0x00000046b3a00000) (1024K)]
  0x000001f2fec76160 WatcherThread "VM Periodic Task Thread"        [id=8524, stack(0x00000046b3800000,0x00000046b3900000) (1024K)]
  0x000001f2e14f32f0 WorkerThread "GC Thread#0"                     [id=21392, stack(0x00000046b3300000,0x00000046b3400000) (1024K)]
  0x000001f286c173b0 WorkerThread "GC Thread#1"                     [id=8496, stack(0x00000046b4a00000,0x00000046b4b00000) (1024K)]
  0x000001f286c17bf0 WorkerThread "GC Thread#2"                     [id=20648, stack(0x00000046b4b00000,0x00000046b4c00000) (1024K)]
  0x000001f2ff6af220 WorkerThread "GC Thread#3"                     [id=16456, stack(0x00000046b4c00000,0x00000046b4d00000) (1024K)]
  0x000001f2ff6ac2b0 WorkerThread "GC Thread#4"                     [id=14652, stack(0x00000046b4d00000,0x00000046b4e00000) (1024K)]
  0x000001f2ff6aba10 WorkerThread "GC Thread#5"                     [id=22388, stack(0x00000046b4e00000,0x00000046b4f00000) (1024K)]
  0x000001f286f578e0 WorkerThread "GC Thread#6"                     [id=21556, stack(0x00000046b4900000,0x00000046b4a00000) (1024K)]
  0x000001f286f58180 WorkerThread "GC Thread#7"                     [id=18688, stack(0x00000046b5100000,0x00000046b5200000) (1024K)]
  0x000001f286f56bf0 WorkerThread "GC Thread#8"                     [id=22956, stack(0x00000046b5200000,0x00000046b5300000) (1024K)]
  0x000001f286f59710 WorkerThread "GC Thread#9"                     [id=14076, stack(0x00000046b5300000,0x00000046b5400000) (1024K)]
  0x000001f286f57040 WorkerThread "GC Thread#10"                    [id=23540, stack(0x00000046b5400000,0x00000046b5500000) (1024K)]
  0x000001f286f5e060 WorkerThread "GC Thread#11"                    [id=12908, stack(0x00000046b5500000,0x00000046b5600000) (1024K)]
  0x000001f286f5aca0 WorkerThread "GC Thread#12"                    [id=14088, stack(0x00000046b5600000,0x00000046b5700000) (1024K)]
  0x000001f2e150bb80 ConcurrentGCThread "G1 Main Marker"            [id=20836, stack(0x00000046b3400000,0x00000046b3500000) (1024K)]
  0x000001f2e150d730 WorkerThread "G1 Conc#0"                       [id=18952, stack(0x00000046b3500000,0x00000046b3600000) (1024K)]
  0x000001f286f5b540 WorkerThread "G1 Conc#1"                       [id=5848, stack(0x00000046b5700000,0x00000046b5800000) (1024K)]
  0x000001f286f5b990 WorkerThread "G1 Conc#2"                       [id=14528, stack(0x00000046b5800000,0x00000046b5900000) (1024K)]
  0x000001f2feb4c610 ConcurrentGCThread "G1 Refine#0"               [id=6056, stack(0x00000046b3600000,0x00000046b3700000) (1024K)]
  0x000001f2feb4ced0 ConcurrentGCThread "G1 Service"                [id=10268, stack(0x00000046b3700000,0x00000046b3800000) (1024K)]
Total: 21

Threads with active compile tasks:
C2 CompilerThread0  1885224 6265       4       jdk.internal.classfile.impl.UnboundAttribute$AdHocAttribute::writeTo (49 bytes)
Total: 1

VM state: not at safepoint (normal execution)

VM Mutex/Monitor currently owned by a thread: None

Heap address: 0x0000000705e00000, size: 4002 MB, Compressed Oops mode: Zero based, Oop shift amount: 3

CDS archive(s) mapped at: [0x000000001b000000-0x000000001bdd0000-0x000000001bdd0000), size 14483456, SharedBaseAddress: 0x000000001b000000, ArchiveRelocationMode: 1.
Compressed class space mapped at: 0x000000001c000000-0x000000005c000000, reserved size: 1073741824
UseCompressedClassPointers 1, UseCompactObjectHeaders 0
Narrow klass pointer bits 32, Max shift 3
Narrow klass base: 0x000000001b000000, Narrow klass shift: 0
Encoding Range: [0x000000001b000000 - 0x000000011b000000), (4294967296 bytes)
Klass Range:    [0x000000001b010000 - 0x000000005c000000), (1090453504 bytes)
Klass ID Range:  [65536 - 1090519033) (1090453497)
Protection zone: [0x000000001b000000 - 0x000000001b010000), (65536 bytes)

GC Precious Log:
 CardTable entry size: 512
 Card Set container configuration: InlinePtr #cards 4 size 8 Array Of Cards #cards 16 size 48 Howl #buckets 8 coarsen threshold 3686 Howl Bitmap #cards 512 size 80 coarsen threshold 460 Card regions per heap region 1 cards per card region 4096
 CPUs: 16 total, 16 available
 Memory: 16004M
 Large Page Support: Disabled
 NUMA Support: Disabled
 Compressed Oops: Enabled (Zero based)
 Heap Region Size: 2M
 Heap Min Capacity: 8M
 Heap Initial Capacity: 252M
 Heap Max Capacity: 4002M
 Pre-touch: Disabled
 Parallel Workers: 13
 Concurrent Workers: 3
 Concurrent Refinement Workers: 13
 Periodic GC: Disabled

Heap:
 garbage-first heap   total reserved 4098048K, committed 69632K, used 32848K [0x0000000705e00000, 0x0000000800000000)
  region size 2048K, 6 young (12288K), 3 survivors (6144K)

Heap Regions: E=young(eden), S=young(survivor), O=old, HS=humongous(starts), HC=humongous(continues), CS=collection set, F=free, TAMS=top-at-mark-start, PB=parsable bottom
|   0|0x0000000705e00000, 0x0000000706000000, 0x0000000706000000|100%| O|  |TAMS 0x0000000705e00000| PB 0x0000000705e00000| Untracked |  0
|   1|0x0000000706000000, 0x0000000706200000, 0x0000000706200000|100%| O|  |TAMS 0x0000000706000000| PB 0x0000000706000000| Untracked |  0
|   2|0x0000000706200000, 0x0000000706400000, 0x0000000706400000|100%| O|  |TAMS 0x0000000706200000| PB 0x0000000706200000| Untracked |  0
|   3|0x0000000706400000, 0x0000000706600000, 0x0000000706600000|100%| O|  |TAMS 0x0000000706400000| PB 0x0000000706400000| Untracked |  0
|   4|0x0000000706600000, 0x0000000706800000, 0x0000000706800000|100%| O|  |TAMS 0x0000000706600000| PB 0x0000000706600000| Untracked |  0
|   5|0x0000000706800000, 0x0000000706a00000, 0x0000000706a00000|100%| O|  |TAMS 0x0000000706800000| PB 0x0000000706800000| Untracked |  0
|   6|0x0000000706a00000, 0x0000000706c00000, 0x0000000706c00000|100%| O|  |TAMS 0x0000000706a00000| PB 0x0000000706a00000| Untracked |  0
|   7|0x0000000706c00000, 0x0000000706e00000, 0x0000000706e00000|100%| O|  |TAMS 0x0000000706c00000| PB 0x0000000706c00000| Untracked |  0
|   8|0x0000000706e00000, 0x0000000707000000, 0x0000000707000000|100%| O|  |TAMS 0x0000000706e00000| PB 0x0000000706e00000| Untracked |  0
|   9|0x0000000707000000, 0x0000000707200000, 0x0000000707200000|100%| O|Cm|TAMS 0x0000000707000000| PB 0x0000000707000000| Complete |  0
|  10|0x0000000707200000, 0x0000000707400000, 0x0000000707400000|100%| O|  |TAMS 0x0000000707200000| PB 0x0000000707200000| Untracked |  0
|  11|0x0000000707400000, 0x0000000707600000, 0x0000000707600000|100%| O|  |TAMS 0x0000000707400000| PB 0x0000000707400000| Untracked |  0
|  12|0x0000000707600000, 0x000000070771b010, 0x0000000707800000| 55%| O|  |TAMS 0x0000000707600000| PB 0x0000000707600000| Untracked |  0
|  13|0x0000000707800000, 0x0000000707800000, 0x0000000707a00000|  0%| F|  |TAMS 0x0000000707800000| PB 0x0000000707800000| Untracked |  0
|  14|0x0000000707a00000, 0x0000000707af9050, 0x0000000707c00000| 48%| S|CS|TAMS 0x0000000707a00000| PB 0x0000000707a00000| Complete |  0
|  15|0x0000000707c00000, 0x0000000707e00000, 0x0000000707e00000|100%| S|CS|TAMS 0x0000000707c00000| PB 0x0000000707c00000| Complete |  0
|  16|0x0000000707e00000, 0x0000000708000000, 0x0000000708000000|100%| S|CS|TAMS 0x0000000707e00000| PB 0x0000000707e00000| Complete |  0
|  17|0x0000000708000000, 0x0000000708000000, 0x0000000708200000|  0%| F|  |TAMS 0x0000000708000000| PB 0x0000000708000000| Untracked |  0
|  18|0x0000000708200000, 0x0000000708200000, 0x0000000708400000|  0%| F|  |TAMS 0x0000000708200000| PB 0x0000000708200000| Untracked |  0
|  19|0x0000000708400000, 0x0000000708400000, 0x0000000708600000|  0%| F|  |TAMS 0x0000000708400000| PB 0x0000000708400000| Untracked |  0
|  20|0x0000000708600000, 0x0000000708600000, 0x0000000708800000|  0%| F|  |TAMS 0x0000000708600000| PB 0x0000000708600000| Untracked |  0
|  21|0x0000000708800000, 0x0000000708800000, 0x0000000708a00000|  0%| F|  |TAMS 0x0000000708800000| PB 0x0000000708800000| Untracked |  0
|  22|0x0000000708a00000, 0x0000000708a00000, 0x0000000708c00000|  0%| F|  |TAMS 0x0000000708a00000| PB 0x0000000708a00000| Untracked |  0
|  23|0x0000000708c00000, 0x0000000708c00000, 0x0000000708e00000|  0%| F|  |TAMS 0x0000000708c00000| PB 0x0000000708c00000| Untracked |  0
|  24|0x0000000708e00000, 0x0000000708e00000, 0x0000000709000000|  0%| F|  |TAMS 0x0000000708e00000| PB 0x0000000708e00000| Untracked |  0
|  91|0x0000000711400000, 0x0000000711400000, 0x0000000711600000|  0%| F|  |TAMS 0x0000000711400000| PB 0x0000000711400000| Untracked |  0
|  92|0x0000000711600000, 0x0000000711600000, 0x0000000711800000|  0%| F|  |TAMS 0x0000000711600000| PB 0x0000000711600000| Untracked |  0
|  93|0x0000000711800000, 0x0000000711800000, 0x0000000711a00000|  0%| F|  |TAMS 0x0000000711800000| PB 0x0000000711800000| Untracked |  0
|  94|0x0000000711a00000, 0x0000000711a00000, 0x0000000711c00000|  0%| F|  |TAMS 0x0000000711a00000| PB 0x0000000711a00000| Untracked |  0
|  95|0x0000000711c00000, 0x0000000711c00000, 0x0000000711e00000|  0%| F|  |TAMS 0x0000000711c00000| PB 0x0000000711c00000| Untracked |  0
|  96|0x0000000711e00000, 0x0000000711e00000, 0x0000000712000000|  0%| F|  |TAMS 0x0000000711e00000| PB 0x0000000711e00000| Untracked |  0
|  97|0x0000000712000000, 0x00000007120c4858, 0x0000000712200000| 38%| E|  |TAMS 0x0000000712000000| PB 0x0000000712000000| Complete |  0
| 125|0x0000000715800000, 0x0000000715a00000, 0x0000000715a00000|100%| E|CS|TAMS 0x0000000715800000| PB 0x0000000715800000| Complete |  0
|2000|0x00000007ffe00000, 0x0000000800000000, 0x0000000800000000|100%| E|  |TAMS 0x00000007ffe00000| PB 0x00000007ffe00000| Complete |  0

Card table byte_map: [0x000001f2f9e80000,0x000001f2fa660000] _byte_map_base: 0x000001f2f6651000

Marking Bits: (CMBitMap*) 0x000001f2e14f3a80
 Bits: [0x000001f2fa660000, 0x000001f2fe4e8000)

Polling page: 0x000001f2e0c40000

Metaspace:
Metaspace        used 67315K, committed 67776K, reserved 1114112K
 class space     used 9803K, committed 9984K, reserved 1048576K

Usage:
  Non-class:     56.16 MB used.
      Class:      9.57 MB used.
       Both:     65.74 MB used.

Virtual space:
  Non-class space:       64.00 MB reserved,      56.44 MB ( 88%) committed,  1 nodes.
      Class space:        1.00 GB reserved,       9.75 MB ( <1%) committed,  1 nodes.
             Both:        1.06 GB reserved,      66.19 MB (  6%) committed. 

Chunk freelists:
   Non-Class:  7.34 MB
       Class:  6.19 MB
        Both:  13.53 MB

MaxMetaspaceSize: unlimited
CompressedClassSpaceSize: 1.00 GB
Initial GC threshold: 21.00 MB
Current GC threshold: 98.12 MB
CDS: on
 - commit_granule_bytes: 65536.
 - commit_granule_words: 8192.
 - virtual_space_node_default_size: 8388608.
 - enlarge_chunks_in_place: 1.
UseCompressedClassPointers 1, UseCompactObjectHeaders 0
Narrow klass pointer bits 32, Max shift 3
Narrow klass base: 0x000000001b000000, Narrow klass shift: 0
Encoding Range: [0x000000001b000000 - 0x000000011b000000), (4294967296 bytes)
Klass Range:    [0x000000001b010000 - 0x000000005c000000), (1090453504 bytes)
Klass ID Range:  [65536 - 1090519033) (1090453497)
Protection zone: [0x000000001b000000 - 0x000000001b010000), (65536 bytes)


Internal statistics:

num_allocs_failed_limit: 9.
num_arena_births: 644.
num_arena_deaths: 0.
num_vsnodes_births: 2.
num_vsnodes_deaths: 0.
num_space_committed: 1059.
num_space_uncommitted: 0.
num_chunks_returned_to_freelist: 9.
num_chunks_taken_from_freelist: 3072.
num_chunk_merges: 6.
num_chunk_splits: 2265.
num_chunks_enlarged: 1887.
num_inconsistent_stats: 0.

CodeHeap 'non-profiled nmethods': size=119232Kb used=2607Kb max_used=2607Kb free=116624Kb
 bounds [0x000001f2f18a0000, 0x000001f2f1b30000, 0x000001f2f8d10000]
CodeHeap 'profiled nmethods': size=119104Kb used=8440Kb max_used=8440Kb free=110663Kb
 bounds [0x000001f2e9d10000, 0x000001f2ea550000, 0x000001f2f1160000]
CodeHeap 'non-nmethods': size=7424Kb used=1599Kb max_used=3390Kb free=5825Kb
 bounds [0x000001f2f1160000, 0x000001f2f14c0000, 0x000001f2f18a0000]
CodeCache: size=245760Kb, used=12646Kb, max_used=14437Kb, free=233112Kb
 total_blobs=6219, nmethods=5498, adapters=624, full_count=0
Compilation: enabled, stopped_count=0, restarted_count=0

Compilation events (20 events):
Event: 1880.868 Thread 0x000001f2fecc6ae0 6255       3       org.springframework.core.annotation.AnnotationTypeMapping$MirrorSets::<init> (47 bytes)
Event: 1880.868 Thread 0x000001f2fecc6ae0 nmethod 6255 0x000001f2ea54c088 code [0x000001f2ea54c180, 0x000001f2ea54c6d0]
Event: 1880.868 Thread 0x000001f2fecac780 nmethod 6249 0x000001f2f1b29388 code [0x000001f2f1b29480, 0x000001f2f1b29728]
Event: 1880.877 Thread 0x000001f2fecac780 6259       4       java.lang.AbstractStringBuilder::<init> (68 bytes)
Event: 1880.878 Thread 0x000001f2fecc6ae0 6260   !   3       jdk.proxy2.$Proxy11::annotation (28 bytes)
Event: 1880.878 Thread 0x000001f2fecc6ae0 nmethod 6260 0x000001f2ea54c708 code [0x000001f2ea54c800, 0x000001f2ea54cbd0]
Event: 1880.878 Thread 0x000001f2fecc6ae0 6261       3       org.springframework.core.annotation.AnnotationTypeMapping::isCompatibleReturnType (19 bytes)
Event: 1880.878 Thread 0x000001f2fecc6ae0 nmethod 6261 0x000001f2ea54cc08 code [0x000001f2ea54cd00, 0x000001f2ea54cff8]
Event: 1880.878 Thread 0x000001f2fecc6ae0 6262       3       org.springframework.core.annotation.AnnotationTypeMapping::isAliasPair (17 bytes)
Event: 1880.878 Thread 0x000001f2fecc6ae0 nmethod 6262 0x000001f2ea54d008 code [0x000001f2ea54d100, 0x000001f2ea54d300]
Event: 1880.879 Thread 0x000001f2fecc6ae0 6264       3       org.springframework.core.annotation.AnnotationAttributes::getString (11 bytes)
Event: 1880.879 Thread 0x000001f2fecc6ae0 nmethod 6264 0x000001f2ea54d388 code [0x000001f2ea54d480, 0x000001f2ea54d690]
Event: 1880.882 Thread 0x000001f2fecac780 nmethod 6259 0x000001f2f1b29788 code [0x000001f2f1b29880, 0x000001f2f1b2a468]
Event: 1880.882 Thread 0x000001f2fecac780 6263       4       java.util.ArrayDeque::isEmpty (17 bytes)
Event: 1880.883 Thread 0x000001f2fecac780 nmethod 6263 0x000001f2f1b2a488 code [0x000001f2f1b2a580, 0x000001f2f1b2a608]
Event: 1881.009 Thread 0x000001f2fecac780 6265       4       jdk.internal.classfile.impl.UnboundAttribute$AdHocAttribute::writeTo (49 bytes)
Event: 1881.019 Thread 0x000001f2fecc6ae0 6268       2       jdk.internal.classfile.impl.DirectClassBuilder::withMethod (29 bytes)
Event: 1881.019 Thread 0x000001f2fecc6ae0 nmethod 6268 0x000001f2ea54d708 code [0x000001f2ea54d800, 0x000001f2ea54da38]
Event: 1883.115 Thread 0x000001f2fecc6ae0 6276       3       java.util.regex.Pattern::qtype (39 bytes)
Event: 1883.115 Thread 0x000001f2fecc6ae0 nmethod 6276 0x000001f2ea54da88 code [0x000001f2ea54db80, 0x000001f2ea54ddd8]

GC Heap Usage History (20 events):
Event: 1.449 {heap Before GC invocations=0 (full 0):
 garbage-first heap   total reserved 4098048K, committed 260096K, used 48275K [0x0000000705e00000, 0x0000000800000000)
  region size 2048K, 24 young (49152K), 0 survivors (0K)
}
Event: 1.456 {heap After GC invocations=1 (full 0):
 garbage-first heap   total reserved 4098048K, committed 260096K, used 9883K [0x0000000705e00000, 0x0000000800000000)
  region size 2048K, 3 young (6144K), 3 survivors (6144K)
}
Event: 2.454 {heap Before GC invocations=1 (full 0):
 garbage-first heap   total reserved 4098048K, committed 260096K, used 59035K [0x0000000705e00000, 0x0000000800000000)
  region size 2048K, 28 young (57344K), 3 survivors (6144K)
}
Event: 2.461 {heap After GC invocations=2 (full 0):
 garbage-first heap   total reserved 4098048K, committed 260096K, used 16258K [0x0000000705e00000, 0x0000000800000000)
  region size 2048K, 7 young (14336K), 7 survivors (14336K)
}
Event: 3.195 {heap Before GC invocations=3 (full 0):
 garbage-first heap   total reserved 4098048K, committed 69632K, used 42882K [0x0000000705e00000, 0x0000000800000000)
  region size 2048K, 20 young (40960K), 7 survivors (14336K)
}
Event: 3.205 {heap After GC invocations=4 (full 0):
 garbage-first heap   total reserved 4098048K, committed 69632K, used 18103K [0x0000000705e00000, 0x0000000800000000)
  region size 2048K, 2 young (4096K), 2 survivors (4096K)
}
Event: 3.981 {heap Before GC invocations=4 (full 0):
 garbage-first heap   total reserved 4098048K, committed 69632K, used 46775K [0x0000000705e00000, 0x0000000800000000)
  region size 2048K, 16 young (32768K), 2 survivors (4096K)
}
Event: 3.987 {heap After GC invocations=5 (full 0):
 garbage-first heap   total reserved 4098048K, committed 69632K, used 20558K [0x0000000705e00000, 0x0000000800000000)
  region size 2048K, 2 young (4096K), 2 survivors (4096K)
}
Event: 4.433 {heap Before GC invocations=5 (full 0):
 garbage-first heap   total reserved 4098048K, committed 69632K, used 36942K [0x0000000705e00000, 0x0000000800000000)
  region size 2048K, 11 young (22528K), 2 survivors (4096K)
}
Event: 4.437 {heap After GC invocations=6 (full 0):
 garbage-first heap   total reserved 4098048K, committed 69632K, used 22047K [0x0000000705e00000, 0x0000000800000000)
  region size 2048K, 1 young (2048K), 1 survivors (2048K)
}
Event: 5.318 {heap Before GC invocations=7 (full 0):
 garbage-first heap   total reserved 4098048K, committed 69632K, used 50719K [0x0000000705e00000, 0x0000000800000000)
  region size 2048K, 16 young (32768K), 1 survivors (2048K)
}
Event: 5.321 {heap After GC invocations=8 (full 0):
 garbage-first heap   total reserved 4098048K, committed 69632K, used 24063K [0x0000000705e00000, 0x0000000800000000)
  region size 2048K, 2 young (4096K), 2 survivors (4096K)
}
Event: 6.130 {heap Before GC invocations=8 (full 0):
 garbage-first heap   total reserved 4098048K, committed 69632K, used 54783K [0x0000000705e00000, 0x0000000800000000)
  region size 2048K, 17 young (34816K), 2 survivors (4096K)
}
Event: 6.139 {heap After GC invocations=9 (full 0):
 garbage-first heap   total reserved 4098048K, committed 69632K, used 25484K [0x0000000705e00000, 0x0000000800000000)
  region size 2048K, 2 young (4096K), 2 survivors (4096K)
}
Event: 6.706 {heap Before GC invocations=9 (full 0):
 garbage-first heap   total reserved 4098048K, committed 69632K, used 56204K [0x0000000705e00000, 0x0000000800000000)
  region size 2048K, 17 young (34816K), 2 survivors (4096K)
}
Event: 6.711 {heap After GC invocations=10 (full 0):
 garbage-first heap   total reserved 4098048K, committed 69632K, used 28385K [0x0000000705e00000, 0x0000000800000000)
  region size 2048K, 3 young (6144K), 3 survivors (6144K)
}
Event: 6.724 {heap Before GC invocations=10 (full 0):
 garbage-first heap   total reserved 4098048K, committed 69632K, used 28385K [0x0000000705e00000, 0x0000000800000000)
  region size 2048K, 4 young (8192K), 3 survivors (6144K)
}
Event: 6.728 {heap After GC invocations=11 (full 0):
 garbage-first heap   total reserved 4098048K, committed 69632K, used 28335K [0x0000000705e00000, 0x0000000800000000)
  region size 2048K, 2 young (4096K), 2 survivors (4096K)
}
Event: 1881.032 {heap Before GC invocations=12 (full 0):
 garbage-first heap   total reserved 4098048K, committed 69632K, used 57007K [0x0000000705e00000, 0x0000000800000000)
  region size 2048K, 17 young (34816K), 2 survivors (4096K)
}
Event: 1881.036 {heap After GC invocations=13 (full 0):
 garbage-first heap   total reserved 4098048K, committed 69632K, used 30800K [0x0000000705e00000, 0x0000000800000000)
  region size 2048K, 3 young (6144K), 3 survivors (6144K)
}

Metaspace Usage History (20 events):
Event: 1.449 {metaspace Before GC invocations=0 (full 0):
 Metaspace       used 12075K, committed 12288K, reserved 1114112K
  class space    used 1498K, committed 1600K, reserved 1048576K
}
Event: 1.456 {metaspace After GC invocations=1 (full 0):
 Metaspace       used 12075K, committed 12288K, reserved 1114112K
  class space    used 1498K, committed 1600K, reserved 1048576K
}
Event: 2.454 {metaspace Before GC invocations=1 (full 0):
 Metaspace       used 21259K, committed 21504K, reserved 1114112K
  class space    used 2673K, committed 2816K, reserved 1048576K
}
Event: 2.461 {metaspace After GC invocations=2 (full 0):
 Metaspace       used 21259K, committed 21504K, reserved 1114112K
  class space    used 2673K, committed 2816K, reserved 1048576K
}
Event: 3.195 {metaspace Before GC invocations=3 (full 0):
 Metaspace       used 25368K, committed 25664K, reserved 1114112K
  class space    used 3301K, committed 3392K, reserved 1048576K
}
Event: 3.205 {metaspace After GC invocations=4 (full 0):
 Metaspace       used 25368K, committed 25664K, reserved 1114112K
  class space    used 3301K, committed 3392K, reserved 1048576K
}
Event: 3.981 {metaspace Before GC invocations=4 (full 0):
 Metaspace       used 31343K, committed 31744K, reserved 1114112K
  class space    used 4086K, committed 4224K, reserved 1048576K
}
Event: 3.987 {metaspace After GC invocations=5 (full 0):
 Metaspace       used 31343K, committed 31744K, reserved 1114112K
  class space    used 4086K, committed 4224K, reserved 1048576K
}
Event: 4.433 {metaspace Before GC invocations=5 (full 0):
 Metaspace       used 35663K, committed 35968K, reserved 1114112K
  class space    used 4928K, committed 5056K, reserved 1048576K
}
Event: 4.437 {metaspace After GC invocations=6 (full 0):
 Metaspace       used 35663K, committed 35968K, reserved 1114112K
  class space    used 4928K, committed 5056K, reserved 1048576K
}
Event: 5.318 {metaspace Before GC invocations=7 (full 0):
 Metaspace       used 44494K, committed 44864K, reserved 1114112K
  class space    used 6199K, committed 6336K, reserved 1048576K
}
Event: 5.321 {metaspace After GC invocations=8 (full 0):
 Metaspace       used 44494K, committed 44864K, reserved 1114112K
  class space    used 6199K, committed 6336K, reserved 1048576K
}
Event: 6.130 {metaspace Before GC invocations=8 (full 0):
 Metaspace       used 54548K, committed 54976K, reserved 1114112K
  class space    used 7877K, committed 8064K, reserved 1048576K
}
Event: 6.139 {metaspace After GC invocations=9 (full 0):
 Metaspace       used 54548K, committed 54976K, reserved 1114112K
  class space    used 7877K, committed 8064K, reserved 1048576K
}
Event: 6.706 {metaspace Before GC invocations=9 (full 0):
 Metaspace       used 59536K, committed 59968K, reserved 1114112K
  class space    used 8637K, committed 8832K, reserved 1048576K
}
Event: 6.711 {metaspace After GC invocations=10 (full 0):
 Metaspace       used 59536K, committed 59968K, reserved 1114112K
  class space    used 8637K, committed 8832K, reserved 1048576K
}
Event: 6.724 {metaspace Before GC invocations=10 (full 0):
 Metaspace       used 59679K, committed 60096K, reserved 1114112K
  class space    used 8657K, committed 8832K, reserved 1048576K
}
Event: 6.728 {metaspace After GC invocations=11 (full 0):
 Metaspace       used 59679K, committed 60096K, reserved 1114112K
  class space    used 8657K, committed 8832K, reserved 1048576K
}
Event: 1881.032 {metaspace Before GC invocations=12 (full 0):
 Metaspace       used 65720K, committed 66240K, reserved 1114112K
  class space    used 9587K, committed 9792K, reserved 1048576K
}
Event: 1881.036 {metaspace After GC invocations=13 (full 0):
 Metaspace       used 65720K, committed 66240K, reserved 1114112K
  class space    used 9587K, committed 9792K, reserved 1048576K
}

Dll operation events (11 events):
Event: 0.017 Loaded shared library C:\Users\sneha\.jdks\openjdk-25.0.2\bin\java.dll
Event: 0.169 Loaded shared library C:\Users\sneha\.jdks\openjdk-25.0.2\bin\zip.dll
Event: 0.172 Loaded shared library C:\Users\sneha\.jdks\openjdk-25.0.2\bin\instrument.dll
Event: 0.176 Loaded shared library C:\Users\sneha\.jdks\openjdk-25.0.2\bin\net.dll
Event: 0.178 Loaded shared library C:\Users\sneha\.jdks\openjdk-25.0.2\bin\nio.dll
Event: 0.181 Loaded shared library C:\Users\sneha\.jdks\openjdk-25.0.2\bin\zip.dll
Event: 0.343 Loaded shared library C:\Users\sneha\.jdks\openjdk-25.0.2\bin\extnet.dll
Event: 0.369 Loaded shared library C:\Users\sneha\.jdks\openjdk-25.0.2\bin\jimage.dll
Event: 1.667 Loaded shared library C:\Users\sneha\.jdks\openjdk-25.0.2\bin\sunmscapi.dll
Event: 3.507 Loaded shared library C:\Users\sneha\.jdks\openjdk-25.0.2\bin\management.dll
Event: 3.510 Loaded shared library C:\Users\sneha\.jdks\openjdk-25.0.2\bin\management_ext.dll

Deoptimization events (20 events):
Event: 1814.880 Thread 0x000001f2feca5140 DEOPT PACKING pc=0x000001f2f18dfafc sp=0x00000046b65fea20
Event: 1814.880 Thread 0x000001f2feca5140 DEOPT UNPACKING pc=0x000001f2f127fc02 sp=0x00000046b65fe9c0 mode 2
Event: 1880.872 Thread 0x000001f2862a5650 Uncommon trap: trap_request=0xffffff45 fr.pc=0x000001f2f1b23080 relative=0x0000000000000400
Event: 1880.872 Thread 0x000001f2862a5650 Uncommon trap: reason=unstable_if action=reinterpret pc=0x000001f2f1b23080 method=java.util.HashMap.getNode(Ljava/lang/Object;)Ljava/util/HashMap$Node; @ 66 c2
Event: 1880.872 Thread 0x000001f2862a5650 DEOPT PACKING pc=0x000001f2f1b23080 sp=0x00000046b67fd880
Event: 1880.872 Thread 0x000001f2862a5650 DEOPT UNPACKING pc=0x000001f2f127fc02 sp=0x00000046b67fd730 mode 2
Event: 1880.877 Thread 0x000001f2862a5650 Uncommon trap: trap_request=0xffffff5e fr.pc=0x000001f2f1a3e5f8 relative=0x0000000000001d78
Event: 1880.877 Thread 0x000001f2862a5650 Uncommon trap: reason=speculate_class_check action=maybe_recompile pc=0x000001f2f1a3e5f8 method=org.springframework.transaction.interceptor.AbstractFallbackTransactionAttributeSource.getTransactionAttribute(Ljava/lang/reflect/Method;Ljava/lang/Class;Z)Lor
Event: 1880.877 Thread 0x000001f2862a5650 DEOPT PACKING pc=0x000001f2f1a3e5f8 sp=0x00000046b67fd4b0
Event: 1880.877 Thread 0x000001f2862a5650 DEOPT UNPACKING pc=0x000001f2f127fc02 sp=0x00000046b67fd4c8 mode 2
Event: 1880.878 Thread 0x000001f2862a5650 Uncommon trap: trap_request=0xffffffde fr.pc=0x000001f2f1af8210 relative=0x0000000000000f10
Event: 1880.878 Thread 0x000001f2862a5650 Uncommon trap: reason=class_check action=maybe_recompile pc=0x000001f2f1af8210 method=org.springframework.core.annotation.AnnotatedElementUtils.getAnnotationAttributes(Lorg/springframework/core/annotation/MergedAnnotation;ZZ)Lorg/springframework/core/anno
Event: 1880.878 Thread 0x000001f2862a5650 DEOPT PACKING pc=0x000001f2f1af8210 sp=0x00000046b67fd300
Event: 1880.878 Thread 0x000001f2862a5650 DEOPT UNPACKING pc=0x000001f2f127fc02 sp=0x00000046b67fd288 mode 2
Event: 1880.878 Thread 0x000001f2862a5650 Uncommon trap: trap_request=0xffffff45 fr.pc=0x000001f2f1b00360 relative=0x0000000000000ee0
Event: 1880.878 Thread 0x000001f2862a5650 Uncommon trap: reason=unstable_if action=reinterpret pc=0x000001f2f1b00360 method=org.springframework.transaction.annotation.SpringTransactionAnnotationParser.parseTransactionAnnotation(Ljava/lang/reflect/AnnotatedElement;)Lorg/springframework/transaction
Event: 1880.878 Thread 0x000001f2862a5650 DEOPT PACKING pc=0x000001f2f1b00360 sp=0x00000046b67fd3b0
Event: 1880.878 Thread 0x000001f2862a5650 DEOPT UNPACKING pc=0x000001f2f127fc02 sp=0x00000046b67fd310 mode 2
Event: 1883.102 Thread 0x000001f2862a5650 DEOPT PACKING pc=0x000001f2ea5162de sp=0x00000046b67f8020
Event: 1883.102 Thread 0x000001f2862a5650 DEOPT UNPACKING pc=0x000001f2f11b1702 sp=0x00000046b67f74b8 mode 0

Classes loaded (20 events):
Event: 528.854 Loading class sun/nio/ch/SelectionKeyImpl
Event: 528.855 Loading class java/nio/channels/spi/AbstractSelectionKey
Event: 528.855 Loading class java/nio/channels/SelectionKey
Event: 528.855 Loading class java/nio/channels/SelectionKey done
Event: 528.855 Loading class java/nio/channels/spi/AbstractSelectionKey done
Event: 528.855 Loading class sun/nio/ch/SelectionKeyImpl done
Event: 528.855 Loading class java/lang/invoke/ConstantBootstraps
Event: 528.855 Loading class java/lang/invoke/ConstantBootstraps done
Event: 528.897 Loading class java/io/Reader$2
Event: 528.897 Loading class java/io/Reader$2 done
Event: 528.960 Loading class java/util/ArrayList$SubList$2
Event: 528.960 Loading class java/util/ArrayList$SubList$2 done
Event: 529.057 Loading class sun/nio/cs/ISO_8859_1$Encoder
Event: 529.057 Loading class sun/nio/cs/ISO_8859_1$Encoder done
Event: 1880.897 Loading class java/lang/invoke/SerializedLambda
Event: 1880.897 Loading class java/lang/invoke/SerializedLambda done
Event: 1883.088 Loading class java/util/AbstractMap$SimpleEntry
Event: 1883.088 Loading class java/util/AbstractMap$SimpleEntry done
Event: 1883.115 Loading class java/util/regex/Pattern$Bound
Event: 1883.115 Loading class java/util/regex/Pattern$Bound done

Classes unloaded (0 events):
No events

Classes redefined (0 events):
No events

Internal exceptions (20 events):
Event: 6.589 Thread 0x000001f2e1489a90 Exception <a 'java/lang/NoSuchMethodError'{0x0000000708a4e940}: 'java.lang.Object java.lang.invoke.DirectMethodHandle$Holder.newInvokeSpecial(java.lang.Object, java.lang.Object, java.lang.Object, java.lang.Object, java.lang.Object, java.lang.Object, java.lang.Object, java.lang.Object, java.lang.Object, java.lang.Object, java.lang.Object)'> (0x0000000708a4e940) 
thrown [s\open\src\hotspot\share\interpreter\linkResolver.cpp, line 804]
Event: 6.609 Thread 0x000001f2e1489a90 Exception <a 'java/io/IOException'{0x0000000708be2c60}> (0x0000000708be2c60) 
thrown [s\open\src\hotspot\share\prims\jni.cpp, line 516]
Event: 6.657 Thread 0x000001f2e1489a90 Exception <a 'java/lang/NoSuchMethodError'{0x0000000708660e20}: 'java.lang.Object java.lang.invoke.DirectMethodHandle$Holder.invokeVirtual(java.lang.Object, java.lang.Object, java.lang.Object, int)'> (0x0000000708660e20) 
thrown [s\open\src\hotspot\share\interpreter\linkResolver.cpp, line 804]
Event: 6.685 Thread 0x000001f2e1489a90 Exception <a 'java/lang/NoSuchMethodError'{0x0000000708453570}: 'java.lang.Object java.lang.invoke.DirectMethodHandle$Holder.invokeVirtual(java.lang.Object, java.lang.Object, int)'> (0x0000000708453570) 
thrown [s\open\src\hotspot\share\interpreter\linkResolver.cpp, line 804]
Event: 6.781 Thread 0x000001f2e1489a90 Exception <a 'java/lang/IncompatibleClassChangeError'{0x00000007fff9e918}: Found class java.lang.Object, but interface was expected> (0x00000007fff9e918) 
thrown [s\open\src\hotspot\share\interpreter\linkResolver.cpp, line 871]
Event: 6.871 Thread 0x000001f2e1489a90 Exception <a 'java/lang/NoSuchMethodError'{0x0000000711d49048}: 'int java.lang.invoke.DirectMethodHandle$Holder.invokeStaticInit(java.lang.Object, java.lang.Object, java.lang.Object, java.lang.Object)'> (0x0000000711d49048) 
thrown [s\open\src\hotspot\share\interpreter\linkResolver.cpp, line 804]
Event: 6.927 Thread 0x000001f2e1489a90 Exception <a 'java/lang/IncompatibleClassChangeError'{0x0000000711bb7ab0}: Found class java.lang.Object, but interface was expected> (0x0000000711bb7ab0) 
thrown [s\open\src\hotspot\share\interpreter\linkResolver.cpp, line 871]
Event: 6.932 Thread 0x000001f2e1489a90 Implicit null exception at 0x000001f2f19cac25 to 0x000001f2f19cad6c
Event: 6.974 Thread 0x000001f2e1489a90 Exception <a 'java/lang/NoSuchMethodError'{0x000000071162bef0}: 'java.lang.Object java.lang.invoke.DirectMethodHandle$Holder.newInvokeSpecial(java.lang.Object, java.lang.Object, int, java.lang.Object, java.lang.Object)'> (0x000000071162bef0) 
thrown [s\open\src\hotspot\share\interpreter\linkResolver.cpp, line 804]
Event: 528.843 Thread 0x000001f2862aac40 Exception <a 'java/lang/NoSuchMethodError'{0x00000007114b9738}: 'java.lang.Object java.lang.invoke.DirectMethodHandle$Holder.invokeStatic(java.lang.Object, java.lang.Object, java.lang.Object, int, int)'> (0x00000007114b9738) 
thrown [s\open\src\hotspot\share\interpreter\linkResolver.cpp, line 804]
Event: 528.844 Thread 0x000001f2862aac40 Exception <a 'java/lang/NoSuchMethodError'{0x00000007114c1678}: 'java.lang.Object java.lang.invoke.DirectMethodHandle$Holder.invokeStaticInit(java.lang.Object, java.lang.Object, java.lang.Object, int, int)'> (0x00000007114c1678) 
thrown [s\open\src\hotspot\share\interpreter\linkResolver.cpp, line 804]
Event: 528.889 Thread 0x000001f28810b650 Exception <a 'java/lang/NoSuchMethodError'{0x0000000708f408f0}: 'java.lang.Object java.lang.invoke.DirectMethodHandle$Holder.invokeSpecial(java.lang.Object, java.lang.Object, java.lang.Object, java.lang.Object, java.lang.Object, long)'> (0x0000000708f408f0) 
thrown [s\open\src\hotspot\share\interpreter\linkResolver.cpp, line 804]
Event: 528.890 Thread 0x000001f28810b650 Exception <a 'java/lang/NoSuchMethodError'{0x0000000708f49170}: 'java.lang.Object java.lang.invoke.DirectMethodHandle$Holder.invokeSpecial(java.lang.Object, java.lang.Object, java.lang.Object, java.lang.Object, java.lang.Object, java.lang.Object, long)'> (0x0000000708f49170) 
thrown [s\open\src\hotspot\share\interpreter\linkResolver.cpp, line 804]
Event: 528.890 Thread 0x000001f28810b650 Exception <a 'java/lang/NoSuchMethodError'{0x0000000708f51720}: 'java.lang.Object java.lang.invoke.DelegatingMethodHandle$Holder.reinvoke_L(java.lang.Object, java.lang.Object, java.lang.Object, java.lang.Object, java.lang.Object, long)'> (0x0000000708f51720) 
thrown [s\open\src\hotspot\share\interpreter\linkResolver.cpp, line 804]
Event: 528.891 Thread 0x000001f28810b650 Exception <a 'java/lang/NoSuchMethodError'{0x0000000708f61a18}: 'java.lang.Object java.lang.invoke.Invokers$Holder.linkToTargetMethod(java.lang.Object, java.lang.Object, java.lang.Object, long, java.lang.Object)'> (0x0000000708f61a18) 
thrown [s\open\src\hotspot\share\interpreter\linkResolver.cpp, line 804]
Event: 528.959 Thread 0x000001f28810b650 Exception <a 'java/lang/NoSuchMethodError'{0x0000000708ccf6b0}: 'java.lang.Object java.lang.invoke.DirectMethodHandle$Holder.invokeStatic(java.lang.Object, int, int)'> (0x0000000708ccf6b0) 
thrown [s\open\src\hotspot\share\interpreter\linkResolver.cpp, line 804]
Event: 1880.883 Thread 0x000001f2862a5650 Exception <a 'java/lang/IncompatibleClassChangeError'{0x00000007084aedf0}: Found class java.lang.Object, but interface was expected> (0x00000007084aedf0) 
thrown [s\open\src\hotspot\share\interpreter\linkResolver.cpp, line 871]
Event: 1881.020 Thread 0x000001f2862a5650 Exception <a 'java/lang/NoSuchMethodError'{0x00000007080a3a78}: 'java.lang.Object java.lang.invoke.DirectMethodHandle$Holder.invokeInterface(java.lang.Object, java.lang.Object, java.lang.Object, java.lang.Object)'> (0x00000007080a3a78) 
thrown [s\open\src\hotspot\share\interpreter\linkResolver.cpp, line 804]
Event: 1881.028 Thread 0x000001f2862a5650 Exception <a 'java/lang/NoSuchMethodError'{0x000000070813bbf8}: 'java.lang.Object java.lang.invoke.DirectMethodHandle$Holder.invokeStatic(java.lang.Object, java.lang.Object, java.lang.Object, java.lang.Object, java.lang.Object, java.lang.Object, java.lang.Object, java.lang.Object, java.lang.Object, int)'> (0x000000070813bbf8) 
thrown [s\open\src\hotspot\share\interpreter\linkResolver.cpp, line 804]
Event: 1883.091 Thread 0x000001f2862a5650 Exception <a 'java/lang/NoSuchMethodError'{0x00000007fff4bc40}: 'java.lang.Object java.lang.invoke.DirectMethodHandle$Holder.newInvokeSpecial(java.lang.Object, java.lang.Object, int, int)'> (0x00000007fff4bc40) 
thrown [s\open\src\hotspot\share\interpreter\linkResolver.cpp, line 804]

VM Operations (20 events):
Event: 6.790 Executing non-safepoint VM operation: HandshakeAllThreads (Deoptimize)
Event: 6.790 Executing non-safepoint VM operation: HandshakeAllThreads (Deoptimize) done
Event: 6.847 Executing non-safepoint VM operation: HandshakeAllThreads (Deoptimize)
Event: 6.847 Executing non-safepoint VM operation: HandshakeAllThreads (Deoptimize) done
Event: 60.159 Executing non-safepoint VM operation: HandshakeAllThreads (HandshakeForDeflation)
Event: 60.159 Executing non-safepoint VM operation: HandshakeAllThreads (HandshakeForDeflation) done
Event: 60.159 Executing non-safepoint VM operation: RendezvousGCThreads
Event: 60.159 Executing non-safepoint VM operation: RendezvousGCThreads done
Event: 528.853 Executing non-safepoint VM operation: HandshakeAllThreads (Deoptimize)
Event: 528.853 Executing non-safepoint VM operation: HandshakeAllThreads (Deoptimize) done
Event: 528.914 Executing non-safepoint VM operation: HandshakeAllThreads (Deoptimize)
Event: 528.914 Executing non-safepoint VM operation: HandshakeAllThreads (Deoptimize) done
Event: 529.058 Executing non-safepoint VM operation: HandshakeAllThreads (Deoptimize)
Event: 529.058 Executing non-safepoint VM operation: HandshakeAllThreads (Deoptimize) done
Event: 1022.581 Executing non-safepoint VM operation: HandshakeAllThreads (HandshakeForDeflation)
Event: 1022.582 Executing non-safepoint VM operation: HandshakeAllThreads (HandshakeForDeflation) done
Event: 1022.582 Executing non-safepoint VM operation: RendezvousGCThreads
Event: 1022.582 Executing non-safepoint VM operation: RendezvousGCThreads done
Event: 1881.032 Executing safepoint VM operation: G1CollectForAllocation (G1 Evacuation Pause)
Event: 1881.036 Executing safepoint VM operation: G1CollectForAllocation (G1 Evacuation Pause) done

Memory protections (0 events):
No events

Nmethod flushes (20 events):
Event: 6.744 Thread 0x000001f2fec83bc0 flushing  nmethod 0x000001f2ea177008
Event: 6.744 Thread 0x000001f2fec83bc0 flushing  nmethod 0x000001f2ea178708
Event: 6.744 Thread 0x000001f2fec83bc0 flushing  nmethod 0x000001f2ea1cc108
Event: 6.744 Thread 0x000001f2fec83bc0 flushing  nmethod 0x000001f2ea216c88
Event: 6.744 Thread 0x000001f2fec83bc0 flushing  nmethod 0x000001f2ea292688
Event: 6.744 Thread 0x000001f2fec83bc0 flushing  nmethod 0x000001f2ea2c6a88
Event: 6.744 Thread 0x000001f2fec83bc0 flushing  nmethod 0x000001f2ea2c6e88
Event: 6.744 Thread 0x000001f2fec83bc0 flushing  nmethod 0x000001f2ea2caf88
Event: 6.744 Thread 0x000001f2fec83bc0 flushing  nmethod 0x000001f2ea2cc188
Event: 6.744 Thread 0x000001f2fec83bc0 flushing  nmethod 0x000001f2ea2cd108
Event: 6.744 Thread 0x000001f2fec83bc0 flushing  nmethod 0x000001f2ea322788
Event: 6.744 Thread 0x000001f2fec83bc0 flushing  nmethod 0x000001f2ea323488
Event: 6.744 Thread 0x000001f2fec83bc0 flushing  nmethod 0x000001f2ea383808
Event: 6.744 Thread 0x000001f2fec83bc0 flushing  nmethod 0x000001f2ea429308
Event: 6.744 Thread 0x000001f2fec83bc0 flushing  nmethod 0x000001f2ea473608
Event: 6.744 Thread 0x000001f2fec83bc0 flushing  nmethod 0x000001f2ea47a208
Event: 6.744 Thread 0x000001f2fec83bc0 flushing  nmethod 0x000001f2ea4bd908
Event: 6.744 Thread 0x000001f2fec83bc0 flushing  nmethod 0x000001f2ea4bdc88
Event: 6.744 Thread 0x000001f2fec83bc0 flushing  nmethod 0x000001f2ea4bdf88
Event: 6.744 Thread 0x000001f2fec83bc0 flushing  nmethod 0x000001f2ea4be408

Events (20 events):
Event: 1596.920 Thread 0x000001f2ff6b2890 Thread added: 0x000001f287c73dc0
Event: 1596.921 Thread 0x000001f287c73dc0 Thread added: 0x000001f287c70ee0
Event: 1601.927 Thread 0x000001f287c73dc0 Thread exited: 0x000001f287c73dc0
Event: 1602.033 Thread 0x000001f287c70ee0 Thread exited: 0x000001f287c70ee0
Event: 1705.575 Thread 0x000001f2ff6b2890 Thread added: 0x000001f287c71e80
Event: 1705.577 Thread 0x000001f287c71e80 Thread added: 0x000001f287c73dc0
Event: 1710.581 Thread 0x000001f287c71e80 Thread exited: 0x000001f287c71e80
Event: 1710.672 Thread 0x000001f287c73dc0 Thread exited: 0x000001f287c73dc0
Event: 1712.896 Thread 0x000001f2ff6b2890 Thread added: 0x000001f287c70710
Event: 1712.897 Thread 0x000001f287c70710 Thread added: 0x000001f287c73dc0
Event: 1717.901 Thread 0x000001f287c70710 Thread exited: 0x000001f287c70710
Event: 1718.013 Thread 0x000001f287c73dc0 Thread exited: 0x000001f287c73dc0
Event: 1744.164 Thread 0x000001f2ff6b2890 Thread added: 0x000001f287c73dc0
Event: 1744.165 Thread 0x000001f287c73dc0 Thread added: 0x000001f287c716b0
Event: 1749.167 Thread 0x000001f287c73dc0 Thread exited: 0x000001f287c73dc0
Event: 1749.235 Thread 0x000001f287c716b0 Thread exited: 0x000001f287c716b0
Event: 1761.526 Thread 0x000001f2ff6b2890 Thread added: 0x000001f287c70ee0
Event: 1761.527 Thread 0x000001f287c70ee0 Thread added: 0x000001f287c716b0
Event: 1766.534 Thread 0x000001f287c70ee0 Thread exited: 0x000001f287c70ee0
Event: 1766.597 Thread 0x000001f287c716b0 Thread exited: 0x000001f287c716b0


Dynamic libraries:
0x00007ff6e0f50000 - 0x00007ff6e0f5e000 	C:\Users\sneha\.jdks\openjdk-25.0.2\bin\java.exe
0x00007ffb24980000 - 0x00007ffb24be7000 	C:\WINDOWS\SYSTEM32\ntdll.dll
0x00007ffb24400000 - 0x00007ffb244c9000 	C:\WINDOWS\System32\KERNEL32.DLL
0x00007ffb21aa0000 - 0x00007ffb21e94000 	C:\WINDOWS\System32\KERNELBASE.dll
0x00007ffb21310000 - 0x00007ffb2145b000 	C:\WINDOWS\System32\ucrtbase.dll
0x00007ffb095d0000 - 0x00007ffb095e7000 	C:\Users\sneha\.jdks\openjdk-25.0.2\bin\jli.dll
0x00007ffb0afc0000 - 0x00007ffb0afde000 	C:\Users\sneha\.jdks\openjdk-25.0.2\bin\VCRUNTIME140.dll
0x00007ffb23420000 - 0x00007ffb235e6000 	C:\WINDOWS\System32\USER32.dll
0x00007ffb215e0000 - 0x00007ffb21607000 	C:\WINDOWS\System32\win32u.dll
0x00007ffb243d0000 - 0x00007ffb243fb000 	C:\WINDOWS\System32\GDI32.dll
0x00007ffb09270000 - 0x00007ffb09503000 	C:\WINDOWS\WinSxS\amd64_microsoft.windows.common-controls_6595b64144ccf1df_6.0.26100.8079_none_3e0d0342e3304dd9\COMCTL32.dll
0x00007ffb218c0000 - 0x00007ffb219ea000 	C:\WINDOWS\System32\gdi32full.dll
0x00007ffb21780000 - 0x00007ffb21823000 	C:\WINDOWS\System32\msvcp_win.dll
0x00007ffb22a90000 - 0x00007ffb22b39000 	C:\WINDOWS\System32\msvcrt.dll
0x00007ffb22b90000 - 0x00007ffb22bc2000 	C:\WINDOWS\System32\IMM32.DLL
0x00007ffb182b0000 - 0x00007ffb182bc000 	C:\Users\sneha\.jdks\openjdk-25.0.2\bin\vcruntime140_1.dll
0x00007ffaed7c0000 - 0x00007ffaed84d000 	C:\Users\sneha\.jdks\openjdk-25.0.2\bin\msvcp140.dll
0x00007ffad3ca0000 - 0x00007ffad4aff000 	C:\Users\sneha\.jdks\openjdk-25.0.2\bin\server\jvm.dll
0x00007ffb246b0000 - 0x00007ffb2476d000 	C:\WINDOWS\System32\ADVAPI32.dll
0x00007ffb22be0000 - 0x00007ffb22c87000 	C:\WINDOWS\System32\sechost.dll
0x00007ffb22c90000 - 0x00007ffb22da8000 	C:\WINDOWS\System32\RPCRT4.dll
0x00007ffb247f0000 - 0x00007ffb24870000 	C:\WINDOWS\System32\WS2_32.dll
0x00007ffb210b0000 - 0x00007ffb2110e000 	C:\WINDOWS\SYSTEM32\POWRPROF.dll
0x00007ffb16e10000 - 0x00007ffb16e1b000 	C:\WINDOWS\SYSTEM32\VERSION.dll
0x00007ffb147e0000 - 0x00007ffb14816000 	C:\WINDOWS\SYSTEM32\WINMM.dll
0x00007ffb21090000 - 0x00007ffb210a4000 	C:\WINDOWS\SYSTEM32\UMPDC.dll
0x00007ffb1ffd0000 - 0x00007ffb1ffeb000 	C:\WINDOWS\SYSTEM32\kernel.appcore.dll
0x00007ffb14300000 - 0x00007ffb1430a000 	C:\Users\sneha\.jdks\openjdk-25.0.2\bin\jimage.dll
0x00007ffb1f100000 - 0x00007ffb1f342000 	C:\WINDOWS\SYSTEM32\DBGHELP.DLL
0x00007ffb23860000 - 0x00007ffb23be2000 	C:\WINDOWS\System32\combase.dll
0x00007ffb235f0000 - 0x00007ffb236c7000 	C:\WINDOWS\System32\OLEAUT32.dll
0x00007ffb09630000 - 0x00007ffb0966b000 	C:\WINDOWS\SYSTEM32\dbgcore.DLL
0x00007ffb219f0000 - 0x00007ffb21a95000 	C:\WINDOWS\System32\bcryptPrimitives.dll
0x00007ffb0acf0000 - 0x00007ffb0ad00000 	C:\Users\sneha\.jdks\openjdk-25.0.2\bin\instrument.dll
0x00007ffb032c0000 - 0x00007ffb032df000 	C:\Users\sneha\.jdks\openjdk-25.0.2\bin\java.dll
0x00007ffb22710000 - 0x00007ffb228a6000 	C:\WINDOWS\System32\ole32.dll
0x00007ffb23bf0000 - 0x00007ffb24358000 	C:\WINDOWS\System32\SHELL32.dll
0x00007ffb21610000 - 0x00007ffb2177a000 	C:\WINDOWS\System32\wintypes.dll
0x00007ffb21ea0000 - 0x00007ffb22706000 	C:\WINDOWS\System32\windows.storage.dll
0x00007ffb23320000 - 0x00007ffb23419000 	C:\WINDOWS\System32\SHCORE.dll
0x00007ffb24630000 - 0x00007ffb24696000 	C:\WINDOWS\System32\shlwapi.dll
0x00007ffb21170000 - 0x00007ffb21199000 	C:\WINDOWS\SYSTEM32\profapi.dll
0x00007ffafa140000 - 0x00007ffafa157000 	C:\Users\sneha\.jdks\openjdk-25.0.2\bin\zip.dll
0x00007ffafc260000 - 0x00007ffafc272000 	C:\Users\sneha\.jdks\openjdk-25.0.2\bin\net.dll
0x00007ffb20540000 - 0x00007ffb205ac000 	C:\WINDOWS\system32\mswsock.dll
0x00007ffafa160000 - 0x00007ffafa176000 	C:\Users\sneha\.jdks\openjdk-25.0.2\bin\nio.dll
0x00007ffb09510000 - 0x00007ffb09519000 	C:\Users\sneha\.jdks\openjdk-25.0.2\bin\extnet.dll
0x00007ffb08080000 - 0x00007ffb0808e000 	C:\Users\sneha\.jdks\openjdk-25.0.2\bin\sunmscapi.dll
0x00007ffb21460000 - 0x00007ffb215d7000 	C:\WINDOWS\System32\CRYPT32.dll
0x00007ffb20a40000 - 0x00007ffb20a70000 	C:\WINDOWS\SYSTEM32\ncrypt.dll
0x00007ffb209f0000 - 0x00007ffb20a2f000 	C:\WINDOWS\SYSTEM32\NTASN1.dll
0x00007ffb20820000 - 0x00007ffb2083b000 	C:\WINDOWS\SYSTEM32\CRYPTSP.dll
0x00007ffb1ff30000 - 0x00007ffb1ff69000 	C:\WINDOWS\system32\rsaenh.dll
0x00007ffb205f0000 - 0x00007ffb20623000 	C:\WINDOWS\SYSTEM32\USERENV.dll
0x00007ffb21140000 - 0x00007ffb2116a000 	C:\WINDOWS\SYSTEM32\bcrypt.dll
0x00007ffb20840000 - 0x00007ffb2084c000 	C:\WINDOWS\SYSTEM32\CRYPTBASE.dll
0x00007ffb1fa60000 - 0x00007ffb1fa92000 	C:\WINDOWS\SYSTEM32\IPHLPAPI.DLL
0x00007ffb23310000 - 0x00007ffb2331a000 	C:\WINDOWS\System32\NSI.dll
0x00007ffb02f90000 - 0x00007ffb02f9a000 	C:\Users\sneha\.jdks\openjdk-25.0.2\bin\management.dll
0x00007ffafbe00000 - 0x00007ffafbe0c000 	C:\Users\sneha\.jdks\openjdk-25.0.2\bin\management_ext.dll
0x00007ffb24360000 - 0x00007ffb24368000 	C:\WINDOWS\System32\PSAPI.DLL
0x00007ffb1faa0000 - 0x00007ffb1fbd2000 	C:\WINDOWS\SYSTEM32\DNSAPI.dll
0x00007ffb17010000 - 0x00007ffb1701b000 	C:\Windows\System32\rasadhlp.dll
0x00007ffb18370000 - 0x00007ffb183f6000 	C:\WINDOWS\System32\fwpuclnt.dll
0x00007ffb0f720000 - 0x00007ffb0f728000 	C:\WINDOWS\system32\wshunix.dll

JVMTI agents:
C:\Program Files\JetBrains\IntelliJ IDEA Community Edition 2025.2.3\lib\idea_rt.jar path:C:\Users\sneha\.jdks\openjdk-25.0.2\bin\instrument.dll, loaded, initialized, instrumentlib options:53256

dbghelp: loaded successfully - version: 4.0.5 - missing functions: none
symbol engine: initialized successfully - sym options: 0x614 - pdb path: .;C:\Users\sneha\.jdks\openjdk-25.0.2\bin;C:\WINDOWS\SYSTEM32;C:\WINDOWS\WinSxS\amd64_microsoft.windows.common-controls_6595b64144ccf1df_6.0.26100.8079_none_3e0d0342e3304dd9;C:\Users\sneha\.jdks\openjdk-25.0.2\bin\server

VM Arguments:
jvm_args: -javaagent:C:\Program Files\JetBrains\IntelliJ IDEA Community Edition 2025.2.3\lib\idea_rt.jar=53256 -Dfile.encoding=UTF-8 -Dsun.stdout.encoding=UTF-8 -Dsun.stderr.encoding=UTF-8 
java_command: satyendra_job.portal.demo.DemoApplication
java_class_path (initial): C:\Users\sneha\Downloads\stayendra_job_portal\demo\target\classes;C:\Users\sneha\.m2\repository\org\springframework\boot\spring-boot-starter-web\4.0.5\spring-boot-starter-web-4.0.5.jar;C:\Users\sneha\.m2\repository\org\springframework\boot\spring-boot-starter-jackson\4.0.5\spring-boot-starter-jackson-4.0.5.jar;C:\Users\sneha\.m2\repository\org\springframework\boot\spring-boot-jackson\4.0.5\spring-boot-jackson-4.0.5.jar;C:\Users\sneha\.m2\repository\tools\jackson\core\jackson-databind\3.1.0\jackson-databind-3.1.0.jar;C:\Users\sneha\.m2\repository\com\fasterxml\jackson\core\jackson-annotations\2.21\jackson-annotations-2.21.jar;C:\Users\sneha\.m2\repository\tools\jackson\core\jackson-core\3.1.0\jackson-core-3.1.0.jar;C:\Users\sneha\.m2\repository\org\springframework\boot\spring-boot-starter-tomcat\4.0.5\spring-boot-starter-tomcat-4.0.5.jar;C:\Users\sneha\.m2\repository\org\springframework\boot\spring-boot-starter-tomcat-runtime\4.0.5\spring-boot-starter-tomcat-runtime-4.0.5.jar;C:\Users\sneha\.m2\repository\org\springframework\boot\spring-boot-web-server\4.0.5\spring-boot-web-server-4.0.5.jar;C:\Users\sneha\.m2\repository\org\apache\tomcat\embed\tomcat-embed-core\11.0.20\tomcat-embed-core-11.0.20.jar;C:\Users\sneha\.m2\repository\org\apache\tomcat\embed\tomcat-embed-el\11.0.20\tomcat-embed-el-11.0.20.jar;C:\Users\sneha\.m2\repository\org\apache\tomcat\embed\tomcat-embed-websocket\11.0.20\tomcat-embed-websocket-11.0.20.jar;C:\Users\sneha\.m2\repository\org\springframework\boot\spring-boot-tomcat\4.0.5\spring-boot-tomcat-4.0.5.jar;C:\Users\sneha\.m2\repository\org\springframework\boot\spring-boot-http-converter\4.0.5\spring-boot-http-converter-4.0.5.jar;C:\Users\sneha\.m2\repository\org\springframework\boot\spring-boot\4.0.5\spring-boot-4.0.5.jar;C:\Users\sneha\.m2\repository\org\springframework\spring-context\7.0.6\spring-context-7.0.6.jar;C:\Users\sneha\.m2\repository\org\springframework\spring-web\7.0.6\spring-web-7.0.6.jar;C:\Users\sneha\.m2\repository\org\springframework\spring-beans\7.0.6\spring-beans-7.0.6.jar;C:\Users\sneha\.m2\repository\io\micrometer\micrometer-observation\1.16.4\micrometer-observation-1.16.4.jar;C:\Users\sneha\.m2\repository\io\micrometer\micrometer-commons\1.16.4\micrometer-commons-1.16.4.jar;C:\Users\sneha\.m2\repository\org\springframework\boot\spring-boot-webmvc\4.0.5\spring-boot-webmvc-4.0.5.jar;C:\Users\sneha\.m2\repository\org\springframework\boot\spring-boot-servlet\4.0.5\spring-boot-servlet-4.0.5.jar;C:\Users\sneha\.m2\repository\org\springframework\spring-webmvc\7.0.6\spring-webmvc-7.0.6.jar;C:\Users\sneha\.m2\repository\org\springframework\spring-aop\7.0.6\spring-aop-7.0.6.jar;C:\Users\sneha\.m2\repository\org\springframework\spring-expression\7.0.6\spring-expression-7.0.6.jar;C:\Users\sneha\.m2\repository\org\springframework\boot\spring-boot-starter-data-jpa\4.0.5\spring-boot-starter-data-jpa-4.0.5.jar;C:\Users\sneha\.m2\repository\org\springframework\boot\spring-boot-starter\4.0.5\spring-boot-starter-4.0.5.jar;C:\Users\sneha\.m2\repository\org\springframework\boot\spring-boot-starter-logging\4.0.5\spring-boot-starter-logging-4.0.5.jar;C:\Users\sneha\.m2\repository\ch\qos\logback\logback-classic\1.5.32\logback-classic-1.5.32.jar;C:\Users\sneha\.m2\repository\ch\qos\logback\logback-core\1.5.32\logback-core-1.5.32.jar;C:\Users\sneha\.m2\repository\org\apache\logging\log4j\log4j-to-slf4j\2.25.3\log4j-to-slf4j-2.25.3.jar;C:\Users\sneha\.m2\repository\org\apache\logging\log4j\log4j-api\2.25.3\log4j-api-2.25.3.jar;C:\Users\sneha\.m2\repository\org\slf4j\jul-to-slf4j\2.0.17\jul-to-slf4j-2.0.17.jar;C:\Users\sneha\.m2\repository\org\springframework\boot\spring-boot-autoconfigure\4.0.5\spring-boot-autoconfigure-4.0.5.jar;C:\Users\sneha\.m2\repository\jakarta\annotation\jakarta.annotation-api\3.0.0\jakarta.annotation-api-3.0.0.jar;C:\Users\sneha\.m2\repository\org\yaml\snakeyaml\2.5\snakeyaml-2.5.jar;C:\Users\sneha\.m2\repository\org\springframework\boot\spring-boot-starter-jdbc\4.0.5\spring-boot-starter-jdbc-4.0.5.jar;C:\Users\sneha\.m2\repository\com\zaxxer\HikariCP\7.0.2\HikariCP-7.0.2.jar;C:\Users\sneha\.m2\repository\org\springframework\boot\spring-boot-data-jpa\4.0.5\spring-boot-data-jpa-4.0.5.jar;C:\Users\sneha\.m2\repository\org\springframework\boot\spring-boot-data-commons\4.0.5\spring-boot-data-commons-4.0.5.jar;C:\Users\sneha\.m2\repository\org\springframework\boot\spring-boot-persistence\4.0.5\spring-boot-persistence-4.0.5.jar;C:\Users\sneha\.m2\repository\org\springframework\data\spring-data-commons\4.0.4\spring-data-commons-4.0.4.jar;C:\Users\sneha\.m2\repository\org\springframework\boot\spring-boot-hibernate\4.0.5\spring-boot-hibernate-4.0.5.jar;C:\Users\sneha\.m2\repository\org\springframework\boot\spring-boot-jpa\4.0.5\spring-boot-jpa-4.0.5.jar;C:\Users\sneha\.m2\repository\jakarta\persistence\jakarta.persistence-api\3.2.0\jakarta.persistence-api-3.2.0.jar;C:\Users\sneha\.m2\repository\org\hibernate\orm\hibernate-core\7.2.7.Final\hibernate-core-7.2.7.Final.jar;C:\Users\sneha\.m2\repository\jakarta\transaction\jakarta.transaction-api\2.0.1\jakarta.transaction-api-2.0.1.jar;C:\Users\sneha\.m2\repository\org\jboss\logging\jboss-logging\3.6.3.Final\jboss-logging-3.6.3.Final.jar;C:\Users\sneha\.m2\repository\org\hibernate\models\hibernate-models\1.0.1\hibernate-models-1.0.1.jar;C:\Users\sneha\.m2\repository\com\fasterxml\classmate\1.7.3\classmate-1.7.3.jar;C:\Users\sneha\.m2\repository\org\glassfish\jaxb\jaxb-runtime\4.0.6\jaxb-runtime-4.0.6.jar;C:\Users\sneha\.m2\repository\org\glassfish\jaxb\jaxb-core\4.0.6\jaxb-core-4.0.6.jar;C:\Users\sneha\.m2\repository\org\eclipse\angus\angus-activation\2.0.3\angus-activation-2.0.3.jar;C:\Users\sneha\.m2\repository\org\glassfish\jaxb\txw2\4.0.6\txw2-4.0.6.jar;C:\Users\sneha\.m2\repository\com\sun\istack\istack-commons-runtime\4.1.2\istack-commons-runtime-4.1.2.jar;C:\Users\sneha\.m2\repository\jakarta\inject\jakarta.inject-api\2.0.1\jakarta.inject-api-2.0.1.jar;C:\Users\sneha\.m2\repository\org\springframework\spring-orm\7.0.6\spring-orm-7.0.6.jar;C:\Users\sneha\.m2\repository\org\springframework\data\spring-data-jpa\4.0.4\spring-data-jpa-4.0.4.jar;C:\Users\sneha\.m2\repository\org\springframework\spring-tx\7.0.6\spring-tx-7.0.6.jar;C:\Users\sneha\.m2\repository\org\antlr\antlr4-runtime\4.13.2\antlr4-runtime-4.13.2.jar;C:\Users\sneha\.m2\repository\org\springframework\spring-aspects\7.0.6\spring-aspects-7.0.6.jar;C:\Users\sneha\.m2\repository\org\aspectj\aspectjweaver\1.9.25.1\aspectjweaver-1.9.25.1.jar;C:\Users\sneha\.m2\repository\org\springframework\boot\spring-boot-jdbc\4.0.5\spring-boot-jdbc-4.0.5.jar;C:\Users\sneha\.m2\repository\org\springframework\boot\spring-boot-sql\4.0.5\spring-boot-sql-4.0.5.jar;C:\Users\sneha\.m2\repository\org\springframework\boot\spring-boot-transaction\4.0.5\spring-boot-transaction-4.0.5.jar;C:\Users\sneha\.m2\repository\org\springframework\spring-jdbc\7.0.6\spring-jdbc-7.0.6.jar;C:\Users\sneha\.m2\repository\org\postgresql\postgresql\42.7.10\postgresql-42.7.10.jar;C:\Users\sneha\.m2\repository\org\checkerframework\checker-qual\3.52.0\checker-qual-3.52.0.jar;C:\Users\sneha\.m2\repository\org\slf4j\slf4j-api\2.0.17\slf4j-api-2.0.17.jar;C:\Users\sneha\.m2\repository\jakarta\xml\bind\jakarta.xml.bind-api\4.0.4\jakarta.xml.bind-api-4.0.4.jar;C:\Users\sneha\.m2\repository\jakarta\activation\jakarta.activation-api\2.1.4\jakarta.activation-api-2.1.4.jar;C:\Users\sneha\.m2\repository\net\bytebuddy\byte-buddy\1.17.8\byte-buddy-1.17.8.jar;C:\Users\sneha\.m2\repository\org\springframework\spring-core\7.0.6\spring-core-7.0.6.jar;C:\Users\sneha\.m2\repository\commons-logging\commons-logging\1.3.6\commons-logging-1.3.6.jar;C:\Users\sneha\.m2\repository\org\jspecify\jspecify\1.0.0\jspecify-1.0.0.jar
Launcher Type: SUN_STANDARD

[Global flags]
     intx CICompilerCount                          = 12                                        {product} {ergonomic}
     uint ConcGCThreads                            = 3                                         {product} {ergonomic}
     uint G1ConcRefinementThreads                  = 13                                        {product} {ergonomic}
   size_t G1HeapRegionSize                         = 2097152                                   {product} {ergonomic}
   size_t InitialHeapSize                          = 264241152                                 {product} {ergonomic}
   size_t MarkStackSize                            = 4194304                                   {product} {ergonomic}
   size_t MarkStackSizeMax                         = 536870912                                 {product} {ergonomic}
   size_t MaxHeapSize                              = 4196401152                                {product} {ergonomic}
   size_t MaxNewSize                               = 2516582400                                {product} {ergonomic}
   size_t MinHeapDeltaBytes                        = 2097152                                   {product} {ergonomic}
   size_t MinHeapSize                              = 8388608                                   {product} {ergonomic}
    uintx NonNMethodCodeHeapSize                   = 7602176                                {pd product} {ergonomic}
    uintx NonProfiledCodeHeapSize                  = 122093568                              {pd product} {ergonomic}
    uintx ProfiledCodeHeapSize                     = 121962496                              {pd product} {ergonomic}
    uintx ReservedCodeCacheSize                    = 251658240                              {pd product} {ergonomic}
     bool SegmentedCodeCache                       = true                                      {product} {ergonomic}
   size_t SoftMaxHeapSize                          = 4196401152                             {manageable} {ergonomic}
     bool UseCompressedOops                        = true                           {product lp64_product} {ergonomic}
     bool UseG1GC                                  = true                                      {product} {ergonomic}
     bool UseLargePagesIndividualAllocation        = false                                  {pd product} {ergonomic}

Logging:
Log output configuration:
 #0: stdout all=warning uptime,level,tags foldmultilines=false
 #1: stderr all=off uptime,level,tags foldmultilines=false

Release file:
IMPLEMENTOR="Oracle Corporation" 
JAVA_RUNTIME_VERSION="25.0.2+10-69" 
JAVA_VERSION="25.0.2" 
JAVA_VERSION_DATE="2026-01-20" 
LIBC="default" 
MODULES="java.base java.compiler java.datatransfer java.xml java.prefs java.desktop java.instrument java.logging java.management java.security.sasl java.naming java.rmi java.management.rmi java.net.http java.scripting java.security.jgss java.transaction.xa java.sql java.sql.rowset java.xml.crypto java.se java.smartcardio jdk.accessibility jdk.internal.jvmstat jdk.attach jdk.charsets jdk.internal.opt jdk.zipfs jdk.compiler jdk.crypto.cryptoki jdk.crypto.ec jdk.crypto.mscapi jdk.dynalink jdk.internal.ed jdk.editpad jdk.internal.vm.ci jdk.graal.compiler jdk.graal.compiler.management jdk.hotspot.agent jdk.httpserver jdk.incubator.vector jdk.internal.le jdk.internal.md jdk.jartool jdk.javadoc jdk.jcmd jdk.management jdk.management.agent jdk.jconsole jdk.jdeps jdk.jdwp.agent jdk.jdi jdk.jfr jdk.jlink jdk.jpackage jdk.jshell jdk.jsobject jdk.jstatd jdk.localedata jdk.management.jfr jdk.naming.dns jdk.naming.rmi jdk.net jdk.nio.mapmode jdk.sctp jdk.security.auth jdk.security.jgss jdk.unsupported jdk.unsupported.desktop jdk.xml.dom" 
OS_ARCH="x86_64" 
OS_NAME="Windows" 
SOURCE=".:git:405a5699ebd0" 

Environment Variables:
JAVA_HOME=C:\Program Files\Java\jdk-17
PATH=C:\Program Files\Java\jdk-17\bin;C:\WINDOWS\System32;C:\WINDOWS;C:\WINDOWS\System32\Wbem;C:\WINDOWS\System32\WindowsPowerShell\v1.0\;C:\WINDOWS\System32\OpenSSH\;C:\Program Files\dotnet\;C:\Program Files\Git\cmd;C:\maven\bin;;C:\WINDOWS\system32;C:\Program Files\nodejs\;C:\ProgramData\chocolatey\bin;C:\Users\sneha\AppData\Local\Programs\Python\Python313\Scripts\;C:\Users\sneha\AppData\Local\Programs\Python\Python313\;C:\Users\sneha\AppData\Local\Microsoft\WindowsApps;C:\Users\sneha\AppData\Local\Muse Hub\lib;C:\Users\sneha\AppData\Local\Programs\Microsoft VS Code\bin;C:\Mongosh\;C:\Users\sneha\AppData\Roaming\npm
USERNAME=sneha
OS=Windows_NT
PROCESSOR_IDENTIFIER=Intel64 Family 6 Model 154 Stepping 3, GenuineIntel
TMP=C:\Users\sneha\AppData\Local\Temp
TEMP=C:\Users\sneha\AppData\Local\Temp




Compilation memory statistics disabled.

Periodic native trim disabled

---------------  S Y S T E M  ---------------

OS:
 Windows 11 , 64 bit Build 26100 (10.0.26100.8079)
OS uptime: 0 days 4:08 hours
Hyper-V role detected

CPU: total 16 (initial active 16) (8 cores per cpu, 2 threads per core) family 6 model 154 stepping 3 microcode 0x42c, cx8, cmov, fxsr, ht, mmx, 3dnowpref, sse, sse2, sse3, ssse3, sse4.1, sse4.2, popcnt, lzcnt, tsc, tscinvbit, avx, avx2, aes, erms, clmul, bmi1, bmi2, adx, sha, fma, vzeroupper, clflush, clflushopt, clwb, hv, serialize, rdtscp, rdpid, fsrm, gfni, f16c, cet_ibt, cet_ss
Processor Information for processor 0
  Max Mhz: 2500, Current Mhz: 1532, Mhz Limit: 2500
Processor Information for processor 1
  Max Mhz: 2500, Current Mhz: 2500, Mhz Limit: 2500
Processor Information for processor 2
  Max Mhz: 2500, Current Mhz: 2500, Mhz Limit: 2500
Processor Information for processor 3
  Max Mhz: 2500, Current Mhz: 1532, Mhz Limit: 2500
Processor Information for processor 4
  Max Mhz: 2500, Current Mhz: 2500, Mhz Limit: 2500
Processor Information for processor 5
  Max Mhz: 2500, Current Mhz: 1532, Mhz Limit: 2500
Processor Information for processor 6
  Max Mhz: 2500, Current Mhz: 1532, Mhz Limit: 2500
Processor Information for processor 7
  Max Mhz: 2500, Current Mhz: 2500, Mhz Limit: 2500
Processor Information for processor 8
  Max Mhz: 2500, Current Mhz: 1800, Mhz Limit: 1800
Processor Information for processor 9
  Max Mhz: 2500, Current Mhz: 1500, Mhz Limit: 1800
Processor Information for processor 10
  Max Mhz: 2500, Current Mhz: 1800, Mhz Limit: 1800
Processor Information for processor 11
  Max Mhz: 2500, Current Mhz: 1500, Mhz Limit: 1800
Processor Information for processor 12
  Max Mhz: 2500, Current Mhz: 1800, Mhz Limit: 1800
Processor Information for processor 13
  Max Mhz: 2500, Current Mhz: 1800, Mhz Limit: 1800
Processor Information for processor 14
  Max Mhz: 2500, Current Mhz: 1500, Mhz Limit: 1800
Processor Information for processor 15
  Max Mhz: 2500, Current Mhz: 1800, Mhz Limit: 1800

Memory: 4k page, system-wide physical 16004M (3812M free)
TotalPageFile size 16004M (AvailPageFile size 3M)
current process WorkingSet (physical memory assigned to process): 197M, peak: 253M
current process commit charge ("private bytes"): 294M, peak: 448M

vm_info: OpenJDK 64-Bit Server VM (25.0.2+10-69) for windows-amd64 JRE (25.0.2+10-69), built on 2025-12-18T11:36:35Z with MS VC++ 17.13 (VS2022)

END.
